2018-01-02T21:10:36.584: [BUY] Taken time: 3.652
2018-01-02T21:10:36.585: [BUY] Result of buying Crumpetmonger Stamp: true
2018-01-02T21:10:36.588: [BUY] List of items: Crumpetmonger Stamp, Crumpetmonger Stamp, Gargarox Isafuhlarg Stamp
2018-01-02T21:10:36.588: [BUY] ---------------------
2018-01-02T21:10:45.309: [BUY] Taken time: 3.43
2018-01-02T21:10:45.31: [BUY] Result of buying Crumpetmonger Stamp: true
2018-01-02T21:10:45.311: [BUY] List of items: Crumpetmonger Stamp, Crumpetmonger Stamp
2018-01-02T21:10:45.311: [BUY] ---------------------
2018-01-02T21:34:31.624: [BUY] Taken time: 2.78
2018-01-02T21:34:31.625: [BUY] Result of buying Jade Scorchstone Stamp: true
2018-01-02T21:34:31.625: [BUY] List of items: Jade Scorchstone Stamp, Jade Scorchstone Stamp
2018-01-02T21:34:31.626: [BUY] ---------------------
2018-01-02T22:12:47.62: [BUY] Taken time: 6.714
2018-01-02T22:12:47.621: [BUY] Result of buying Darigan Moehog Stamp: false
2018-01-02T22:12:47.622: [BUY] List of items: Darigan Moehog Stamp, Darigan Moehog Stamp, The Sleeper Constellation Stamp, Christmas Scene Stamp
2018-01-02T22:12:47.622: [BUY] ---------------------
2018-01-02T22:12:51.74: [BUY] Taken time: 2.715
2018-01-02T22:12:51.741: [BUY] Result of buying Christmas Scene Stamp: true
2018-01-02T22:12:51.741: [BUY] List of items: Christmas Scene Stamp, Christmas Scene Stamp
2018-01-02T22:12:51.741: [BUY] ---------------------
2018-01-03T15:31:20.846: [BUY] Taken time: 2.91
2018-01-03T15:31:20.863: [BUY] Result of buying NeoQuest Hero Stamp: false
2018-01-03T15:31:20.864: [BUY] List of items: NeoQuest Hero Stamp, NeoQuest Hero Stamp, Altador Travel Stamp, Luperus Left Head Stamp, Spyder Stamp
2018-01-03T15:31:20.865: [BUY] ---------------------
2018-01-03T15:40:44.527: [BUY] Taken time: 3.285
2018-01-03T15:40:44.527: [BUY] Result of buying The Krawken Stamp: true
2018-01-03T15:40:44.528: [BUY] List of items: The Krawken Stamp, The Krawken Stamp, Razul Stamp
2018-01-03T15:40:44.529: [BUY] ---------------------
2018-01-03T16:29:28.543: [BUY] Taken time: 2.988
2018-01-03T16:29:28.544: [BUY] Result of buying Hoban Stamp: false
2018-01-03T16:29:28.545: [BUY] List of items: Hoban Stamp, Hoban Stamp
2018-01-03T16:29:28.545: [BUY] ---------------------
2018-04-13T15:30:28.701: [BUY] Taken time: 7.038
2018-04-13T15:30:28.701: [BUY] Result of buying Aethia Stamp: false
2018-04-13T15:30:28.702: [BUY] List of items: Aethia Stamp, Aethia Stamp
2018-04-13T15:30:28.703: [BUY] ---------------------
2018-04-13T20:46:34.275: [BUY] Taken time: 9.355
2018-04-13T20:46:34.276: [BUY] Result of buying Razul Stamp: false
2018-04-13T20:46:34.276: [BUY] List of items: Razul Stamp, Razul Stamp
2018-04-13T20:46:34.277: [BUY] ---------------------
2018-04-13T22:16:28.873: [BUY] Taken time: 8.747
2018-04-13T22:16:28.874: [BUY] Result of buying Luperus Centre Head Stamp: false
2018-04-13T22:16:28.874: [BUY] List of items: Luperus Centre Head Stamp, Luperus Centre Head Stamp
2018-04-13T22:16:28.875: [BUY] ---------------------
2018-04-14T00:54:10.96: [BUY] Taken time: 9.499
2018-04-14T00:54:10.96: [BUY] Result of buying Fountain Faerie Stamp: false
2018-04-14T00:54:10.961: [BUY] List of items: Fountain Faerie Stamp, Fountain Faerie Stamp
2018-04-14T00:54:10.961: [BUY] ---------------------
2018-04-14T18:56:08.056: [BUY] Taken time: 3.734
2018-04-14T18:56:08.078: [BUY] Result of buying Shenkuu Stamp: false
2018-04-14T18:56:08.079: [BUY] List of items: Shenkuu Stamp, Shenkuu Stamp, Nightsteed Stamp
2018-04-14T18:56:08.08: [BUY] ---------------------
2018-04-14T19:40:30.076: [BUY] Taken time: 3.491
2018-04-14T19:40:30.076: [BUY] Result of buying Luperus Centre Head Stamp: false
2018-04-14T19:40:30.076: [BUY] List of items: Luperus Centre Head Stamp, Luperus Centre Head Stamp
2018-04-14T19:40:30.077: [BUY] ---------------------
2018-04-14T23:48:53.972: [BUY] Taken time: 3.777
2018-04-14T23:48:54.021: [BUY] Result of buying Orrin Stamp: false
2018-04-14T23:48:54.022: [BUY] List of items: Orrin Stamp, Orrin Stamp
2018-04-14T23:48:54.022: [BUY] ---------------------
2018-04-15T02:20:05.791: [BUY] Taken time: 9.097
2018-04-15T02:20:05.792: [BUY] Result of buying The Revenge Stamp: false
2018-04-15T02:20:05.792: [BUY] List of items: The Revenge Stamp, The Revenge Stamp, Finneus Stamp
2018-04-15T02:20:05.793: [BUY] ---------------------
2018-04-15T03:05:33.891: [BUY] Taken time: 7.988
2018-04-15T03:05:33.891: [BUY] Result of buying Singed Tyrannian Volcano Stamp: false
2018-04-15T03:05:33.892: [BUY] List of items: Singed Tyrannian Volcano Stamp, Singed Tyrannian Volcano Stamp
2018-04-15T03:05:33.892: [BUY] ---------------------
2018-04-16T15:57:39.78: [BUY] Taken time: 2.972
2018-04-16T15:57:39.829: [BUY] Result of buying Fyoras Castle Stamp: false
2018-04-16T15:57:39.83: [BUY] List of items: Fyoras Castle Stamp, Fyoras Castle Stamp
2018-04-16T15:57:39.83: [BUY] ---------------------
2018-04-16T19:01:12.68: [BUY] Taken time: 14.478
2018-04-16T19:01:12.681: [BUY] Result of buying Space Faerie Stamp: false
2018-04-16T19:01:12.681: [BUY] List of items: Space Faerie Stamp, Space Faerie Stamp
2018-04-16T19:01:12.682: [BUY] ---------------------
2018-04-16T19:04:26.112: [BUY] Taken time: 2.933
2018-04-16T19:04:26.112: [BUY] Result of buying Zyrolon Stamp: false
2018-04-16T19:04:26.113: [BUY] List of items: Zyrolon Stamp, Zyrolon Stamp
2018-04-16T19:04:26.113: [BUY] ---------------------
2018-04-16T19:51:33.892: [BUY] Taken time: 3.224
2018-04-16T19:51:33.892: [BUY] Result of buying Altador Magic Stamp: false
2018-04-16T19:51:33.893: [BUY] List of items: Altador Magic Stamp, Altador Magic Stamp
2018-04-16T19:51:33.893: [BUY] ---------------------
2018-04-16T20:07:00.703: [BUY] Taken time: 3.085
2018-04-16T20:07:00.703: [BUY] Result of buying Dark Faerie Stamp: false
2018-04-16T20:07:00.704: [BUY] List of items: Dark Faerie Stamp, Dark Faerie Stamp
2018-04-16T20:07:00.704: [BUY] ---------------------
2018-04-16T20:14:58.979: [BUY] Taken time: 13.337
2018-04-16T20:14:58.979: [BUY] Result of buying Tangor Stamp: false
2018-04-16T20:14:58.98: [BUY] List of items: Tangor Stamp, Tangor Stamp
2018-04-16T20:14:58.98: [BUY] ---------------------
2018-04-16T20:41:24.623: [BUY] Taken time: 9.037
2018-04-16T20:41:24.624: [BUY] Result of buying Meridell Heroes Stamp: false
2018-04-16T20:41:24.624: [BUY] List of items: Meridell Heroes Stamp, Meridell Heroes Stamp
2018-04-16T20:41:24.625: [BUY] ---------------------
2018-04-16T23:40:57.887: [BUY] Taken time: 4.821
2018-04-16T23:40:57.92: [BUY] Result of buying Orrin Stamp: false
2018-04-16T23:40:57.921: [BUY] List of items: Orrin Stamp, Orrin Stamp, Negg Faerie Stamp
2018-04-16T23:40:57.921: [BUY] ---------------------
2018-04-17T00:14:52.001: [BUY] Taken time: 10.789
2018-04-17T00:14:52.001: [BUY] Result of buying Orrin Stamp: false
2018-04-17T00:14:52.002: [BUY] List of items: Orrin Stamp, Orrin Stamp
2018-04-17T00:14:52.002: [BUY] ---------------------
2018-04-17T00:22:59.209: [BUY] Taken time: 4.166
2018-04-17T00:22:59.209: [BUY] Result of buying Shumi Telescope Stamp: false
2018-04-17T00:22:59.21: [BUY] List of items: Shumi Telescope Stamp, Shumi Telescope Stamp
2018-04-17T00:22:59.21: [BUY] ---------------------
2018-04-17T00:24:54.182: [BUY] Taken time: 9.712
2018-04-17T00:24:54.182: [BUY] Result of buying Igneots Cavern Stamp: false
2018-04-17T00:24:54.183: [BUY] List of items: Igneots Cavern Stamp, Igneots Cavern Stamp
2018-04-17T00:24:54.183: [BUY] ---------------------
2018-04-17T17:54:25.299: [BUY] Taken time: 9.939
2018-04-17T17:54:25.333: [BUY] Result of buying Battle Uni Stamp: false
2018-04-17T17:54:25.334: [BUY] List of items: Battle Uni Stamp, Battle Uni Stamp, Dark Qasala Stamp
2018-04-17T17:54:25.335: [BUY] ---------------------
2018-04-17T18:01:15.715: [BUY] Taken time: 6.816
2018-04-17T18:01:15.716: [BUY] Result of buying Altador Magic Stamp: false
2018-04-17T18:01:15.716: [BUY] List of items: Altador Magic Stamp, Altador Magic Stamp, Space Faerie Stamp
2018-04-17T18:01:15.717: [BUY] ---------------------
2018-04-17T18:13:12.77: [BUY] Taken time: 9.667
2018-04-17T18:13:12.77: [BUY] Result of buying Dark Qasala Stamp: false
2018-04-17T18:13:12.771: [BUY] List of items: Dark Qasala Stamp, Dark Qasala Stamp
2018-04-17T18:13:12.771: [BUY] ---------------------
2018-04-17T21:34:11.024: [BUY] Taken time: 3.371
2018-04-17T21:34:11.025: [BUY] Result of buying Faerie Slorg Stamp: false
2018-04-17T21:34:11.025: [BUY] List of items: Faerie Slorg Stamp, Faerie Slorg Stamp, Finneus Stamp
2018-04-17T21:34:11.026: [BUY] ---------------------
2018-04-17T21:34:19.608: [BUY] Taken time: 4.825
2018-04-17T21:34:19.609: [BUY] Result of buying Finneus Stamp: false
2018-04-17T21:34:19.609: [BUY] List of items: Finneus Stamp, Finneus Stamp
2018-04-17T21:34:19.61: [BUY] ---------------------
2018-04-17T22:02:44.175: [BUY] Taken time: 2.74
2018-04-17T22:02:44.176: [BUY] Result of buying Negg Faerie Stamp: false
2018-04-17T22:02:44.176: [BUY] List of items: Negg Faerie Stamp, Negg Faerie Stamp
2018-04-17T22:02:44.177: [BUY] ---------------------
2018-04-18T01:14:33.907: [BUY] Taken time: 5.276
2018-04-18T01:14:33.908: [BUY] Result of buying Golden Dubloon Stamp: false
2018-04-18T01:14:33.908: [BUY] List of items: Golden Dubloon Stamp, Golden Dubloon Stamp, Charms Stamp, Negg Faerie Stamp, Christmas Scene Stamp
2018-04-18T01:14:33.909: [BUY] ---------------------
2018-04-19T12:29:16.482: [BUY] Taken time: 3.238
2018-04-19T12:29:16.524: [BUY] Result of buying Luperus Right Head Stamp: false
2018-04-19T12:29:16.526: [BUY] List of items: Luperus Right Head Stamp, Luperus Right Head Stamp
2018-04-19T12:29:16.526: [BUY] ---------------------
2018-04-19T12:45:54.206: [BUY] Taken time: 9.847
2018-04-19T12:45:54.207: [BUY] Result of buying Blumaroo Court Jester Stamp: false
2018-04-19T12:45:54.207: [BUY] List of items: Blumaroo Court Jester Stamp, Blumaroo Court Jester Stamp
2018-04-19T12:45:54.208: [BUY] ---------------------
2018-04-19T13:34:23.935: [BUY] Taken time: 3.825
2018-04-19T13:34:23.935: [BUY] Result of buying The Academy Stamp: false
2018-04-19T13:34:23.936: [BUY] List of items: The Academy Stamp, The Academy Stamp
2018-04-19T13:34:23.936: [BUY] ---------------------
2018-04-19T13:47:58.048: [BUY] Taken time: 9.163
2018-04-19T13:47:58.049: [BUY] Result of buying Destruction of Faerieland Stamp: false
2018-04-19T13:47:58.05: [BUY] List of items: Destruction of Faerieland Stamp, Destruction of Faerieland Stamp
2018-04-19T13:47:58.05: [BUY] ---------------------
2018-04-19T22:18:09.85: [BUY] Taken time: 4.145
2018-04-19T22:18:09.902: [BUY] Result of buying Tyrannian Victory Day Stamp: false
2018-04-19T22:18:09.903: [BUY] List of items: Tyrannian Victory Day Stamp, Tyrannian Victory Day Stamp
2018-04-19T22:18:09.904: [BUY] ---------------------
2018-04-19T22:52:14.397: [BUY] Taken time: 11.234
2018-04-19T22:52:14.398: [BUY] Result of buying Destruction of Faerieland Stamp: false
2018-04-19T22:52:14.398: [BUY] List of items: Destruction of Faerieland Stamp, Destruction of Faerieland Stamp
2018-04-19T22:52:14.398: [BUY] ---------------------
2018-04-19T23:19:07.609: [BUY] Taken time: 4.194
2018-04-19T23:19:07.61: [BUY] Result of buying Scordrax Stamp: false
2018-04-19T23:19:07.61: [BUY] List of items: Scordrax Stamp, Scordrax Stamp
2018-04-19T23:19:07.611: [BUY] ---------------------
2018-04-20T14:53:35.758: [BUY] Taken time: 3.582
2018-04-20T14:53:35.758: [BUY] Result of buying The Revenge Stamp: false
2018-04-20T14:53:35.761: [BUY] List of items: The Revenge Stamp, The Revenge Stamp
2018-04-20T14:53:35.762: [BUY] ---------------------
2018-04-20T15:18:12.348: [BUY] Taken time: 13.043
2018-04-20T15:18:12.348: [BUY] Result of buying Dark Battle Duck Stamp: false
2018-04-20T15:18:12.349: [BUY] List of items: Dark Battle Duck Stamp, Dark Battle Duck Stamp, Shumi Telescope Stamp, Biyako Stamp
2018-04-20T15:18:12.35: [BUY] ---------------------
2018-04-20T18:18:15.079: [BUY] Taken time: 12.382
2018-04-20T18:18:15.08: [BUY] Result of buying Shadow Gulch Stamp: false
2018-04-20T18:18:15.08: [BUY] List of items: Shadow Gulch Stamp, Shadow Gulch Stamp
2018-04-20T18:18:15.081: [BUY] ---------------------
2018-04-20T18:26:17.049: [BUY] Taken time: 11.174
2018-04-20T18:26:17.049: [BUY] Result of buying Charms Stamp: false
2018-04-20T18:26:17.05: [BUY] List of items: Charms Stamp, Charms Stamp
2018-04-20T18:26:17.05: [BUY] ---------------------
2018-04-20T18:35:19.196: [BUY] Taken time: 2.635
2018-04-20T18:35:19.196: [BUY] Result of buying Aethia Stamp: false
2018-04-20T18:35:19.197: [BUY] List of items: Aethia Stamp, Aethia Stamp
2018-04-20T18:35:19.197: [BUY] ---------------------
2018-04-20T19:03:07.824: [BUY] Taken time: 10.32
2018-04-20T19:03:07.824: [BUY] Result of buying The Revenge Stamp: false
2018-04-20T19:03:07.825: [BUY] List of items: The Revenge Stamp, The Revenge Stamp
2018-04-20T19:03:07.825: [BUY] ---------------------
2018-04-20T19:56:55.199: [BUY] Taken time: 8.832
2018-04-20T19:56:55.199: [BUY] Result of buying Zyrolon Stamp: true
2018-04-20T19:56:55.2: [BUY] List of items: Zyrolon Stamp, Zyrolon Stamp
2018-04-20T19:56:55.2: [BUY] ---------------------
2018-04-20T20:49:29.385: [BUY] Taken time: 10.223
2018-04-20T20:49:29.385: [BUY] Result of buying Tangor Stamp: false
2018-04-20T20:49:29.386: [BUY] List of items: Tangor Stamp, Tangor Stamp
2018-04-20T20:49:29.386: [BUY] ---------------------
2018-04-21T00:27:32.244: [BUY] Taken time: 12.143
2018-04-21T00:27:32.244: [BUY] Result of buying The Krawken Stamp: false
2018-04-21T00:27:32.244: [BUY] List of items: The Krawken Stamp, The Krawken Stamp, Christmas Scene Stamp
2018-04-21T00:27:32.245: [BUY] ---------------------
2018-04-21T14:34:11.819: [BUY] Taken time: 12.031
2018-04-21T14:34:11.878: [BUY] Result of buying Zurroball Stamp: true
2018-04-21T14:34:11.878: [BUY] List of items: Zurroball Stamp, Zurroball Stamp
2018-04-21T14:34:11.879: [BUY] ---------------------
2018-04-21T21:54:14.575: [BUY] Taken time: 5.227
2018-04-21T21:54:14.575: [BUY] Result of buying Christmas Scene Stamp: false
2018-04-21T21:54:14.576: [BUY] List of items: Christmas Scene Stamp, Christmas Scene Stamp
2018-04-21T21:54:14.576: [BUY] ---------------------
2018-04-21T22:00:07.924: [BUY] Taken time: 7.945
2018-04-21T22:00:07.924: [BUY] Result of buying Destruction of Faerieland Stamp: false
2018-04-21T22:00:07.925: [BUY] List of items: Destruction of Faerieland Stamp, Destruction of Faerieland Stamp
2018-04-21T22:00:07.925: [BUY] ---------------------
2018-04-21T22:36:44.392: [BUY] Taken time: 15.914
2018-04-21T22:36:44.393: [BUY] Result of buying Luperus Left Head Stamp: false
2018-04-21T22:36:44.393: [BUY] List of items: Luperus Left Head Stamp, Luperus Left Head Stamp
2018-04-21T22:36:44.393: [BUY] ---------------------
