2018-01-02T15:36:38.224: [DAILIES] Sleeping 2.000 minutes.
2018-01-02T15:39:16.523: [DAILIES] Sleeping 2.000 minutes.
2018-01-02T15:39:25.002: [FORGOTTEN_SHORE] Done.
2018-01-02T15:39:25.003: [COLTZANS_SHRINE] Done.
2018-01-02T15:39:25.004: [WISE_OLD_KING] Done.
2018-01-02T15:39:25.006: [TURMACULUS] Done.
2018-01-02T15:39:25.007: [LAB_RAY] Done.
2018-01-02T15:39:26.122: [EDNAS_QUEST] Items: Working Miniature Volcano, Mynci Coconut
2018-01-02T15:39:26.126: [SHOP_WIZARD] Finding: Working Miniature Volcano
2018-01-02T15:39:32.672: [SHOP_WIZARD] Finding: Mynci Coconut
2018-01-02T15:39:38.933: [SHOP_WIZARD] Total cost: 6680, max cost: 2500.
2018-01-02T15:39:38.934: [SHOP_WIZARD] Too expensive :/
2018-01-02T15:39:38.939: [EDNAS_QUEST] Done.
2018-01-02T15:39:40.008: [KITCHEN_QUEST] Items: Amazing Apple Usul Cake, Sliced and Pickled Azzle, Gravy Nightmare, Halloween Jinjah Platter
2018-01-02T15:39:40.009: [SHOP_WIZARD] Finding: Amazing Apple Usul Cake
2018-01-02T15:39:48.049: [SHOP_WIZARD] Finding: Sliced and Pickled Azzle
2018-01-02T15:39:54.169: [SHOP_WIZARD] Finding: Gravy Nightmare
2018-01-02T15:40:00.73: [SHOP_WIZARD] Finding: Halloween Jinjah Platter
2018-01-02T15:40:07.608: [SHOP_WIZARD] Total cost: 12400, max cost: 4000.
2018-01-02T15:40:07.609: [SHOP_WIZARD] Too expensive :/
2018-01-02T15:40:07.61: [KITCHEN_QUEST] Done.
2018-01-02T15:40:08.907: [FOOD_CLUB] Done.
2018-01-02T15:40:10.408: [TRAINING_SCHOOL] Have to wait 105 minutes.
2018-01-02T15:40:10.409: [TDMGPOP] Done.
2018-01-02T15:40:18.691: [HEALING_SPRINGS] Healed :)
2018-01-02T15:40:18.692: [FISHING_VORTEX] Done.
2018-01-02T15:40:18.693: [FRUIT_MACHINE] Done.
2018-01-02T15:40:19.884: [COINCIDENCE] Have to wait 13 hours.
2018-01-02T15:40:22.521: [BURIED_TREASURE] Have to wait 51 minutes.
2018-01-02T16:09:12.125: [DAILIES] Sleeping 2.000 minutes.
2018-01-02T16:09:26.247: [FORGOTTEN_SHORE] Done.
2018-01-02T16:09:26.249: [COLTZANS_SHRINE] Done.
2018-01-02T16:09:26.251: [WISE_OLD_KING] Done.
2018-01-02T16:09:26.252: [TURMACULUS] Done.
2018-01-02T16:09:26.254: [LAB_RAY] Done.
2018-01-02T16:09:32.967: [FORGOTTEN_SHORE] Done.
2018-01-02T16:09:32.968: [COLTZANS_SHRINE] Done.
2018-01-02T16:09:32.969: [WISE_OLD_KING] Done.
2018-01-02T16:09:32.969: [TURMACULUS] Done.
2018-01-02T16:09:32.97: [LAB_RAY] Done.
2018-01-02T16:09:34.011: [EDNAS_QUEST] Dish name: Rainbow Scroll of Chia Frazzling
2018-01-02T16:09:35.337: [EDNAS_QUEST] Items: White Chocolate Chia, Bori Veggie Special
2018-01-02T16:09:35.339: [SHOP_WIZARD] Finding: White Chocolate Chia
2018-01-02T16:09:45.026: [SHOP_WIZARD] Finding: Bori Veggie Special
2018-01-02T16:09:55.446: [SHOP_WIZARD] Total cost: 2274, max cost: 2500.
2018-01-02T16:09:55.449: [SHOP_WIZARD] Buying: Item [name=Bori Veggie Special, price=Optional.empty, amount=1]
2018-01-02T16:09:55.45: [SHOP_WIZARD] Buying item: ShopItem [Item [name=Bori Veggie Special, price=Optional[924], amount=1], link=/browseshop.phtml?owner=nmorgan6&buy_obj_info_id=46508&buy_cost_neopoints=924]
2018-01-02T16:09:58.882: [SHOP_WIZARD] Buying: Item [name=White Chocolate Chia, price=Optional.empty, amount=1]
2018-01-02T16:09:58.883: [SHOP_WIZARD] Buying item: ShopItem [Item [name=White Chocolate Chia, price=Optional[1350], amount=1], link=/browseshop.phtml?owner=electric_pineapple&buy_obj_info_id=278&buy_cost_neopoints=1350]
2018-01-02T16:10:05.475: [KITCHEN_QUEST] Items: Amazing Apple Usul Cake, Sliced and Pickled Azzle, Gravy Nightmare, Halloween Jinjah Platter
2018-01-02T16:10:05.476: [SHOP_WIZARD] Finding: Amazing Apple Usul Cake
2018-01-02T16:10:13.074: [SHOP_WIZARD] Finding: Sliced and Pickled Azzle
2018-01-02T16:10:19.264: [SHOP_WIZARD] Finding: Gravy Nightmare
2018-01-02T16:10:30.795: [SHOP_WIZARD] Finding: Halloween Jinjah Platter
2018-01-02T16:10:37.744: [SHOP_WIZARD] Total cost: 12657, max cost: 4000.
2018-01-02T16:10:37.744: [SHOP_WIZARD] Too expensive :/
2018-01-02T16:10:37.745: [KITCHEN_QUEST] Done.
2018-01-02T16:10:39.185: [FOOD_CLUB] Done.
2018-01-02T16:10:40.215: [TRAINING_SCHOOL] Have to wait 75 minutes.
2018-01-02T16:10:40.217: [TDMGPOP] Done.
2018-01-02T16:10:43.658: [HEALING_SPRINGS] Healed :)
2018-01-02T16:10:43.659: [FISHING_VORTEX] Done.
2018-01-02T16:10:43.661: [FRUIT_MACHINE] Done.
2018-01-02T16:10:44.881: [COINCIDENCE] Have to wait 13 hours.
2018-01-02T16:10:46.866: [BURIED_TREASURE] Have to wait 20 minutes.
2018-01-02T16:10:46.87: [SNOWAGER] Next time: 2018-01-02T14:00
2018-01-02T16:10:46.87: [SNOWAGER] Now: 2018-01-02T11:10:46.869
2018-01-02T16:10:46.871: [SNOWAGER] Return in: 2.82
2018-01-02T16:11:05.907: [EDNAS_QUEST] Dish name: Glowing Egg of Jetsam Transforming
2018-01-02T16:11:06.933: [EDNAS_QUEST] Items: Hissi Whistle, Courgette Ball, Pretzel Compact
2018-01-02T16:11:06.934: [SHOP_WIZARD] Finding: Hissi Whistle
2018-01-02T16:11:14.515: [SHOP_WIZARD] Finding: Courgette Ball
2018-01-02T16:11:22.746: [SHOP_WIZARD] Finding: Pretzel Compact
2018-01-02T16:11:29.394: [SHOP_WIZARD] Total cost: 3150, max cost: 5000.
2018-01-02T16:11:29.395: [SHOP_WIZARD] Buying: Item [name=Courgette Ball, price=Optional.empty, amount=1]
2018-01-02T16:11:29.401: [SHOP_WIZARD] Buying item: ShopItem [Item [name=Courgette Ball, price=Optional[555], amount=1], link=/browseshop.phtml?owner=__ashers_ashley__&buy_obj_info_id=45178&buy_cost_neopoints=555]
2018-01-02T16:11:32.415: [SHOP_WIZARD] Buying: Item [name=Hissi Whistle, price=Optional.empty, amount=1]
2018-01-02T16:11:32.416: [SHOP_WIZARD] Buying item: ShopItem [Item [name=Hissi Whistle, price=Optional[1600], amount=1], link=/browseshop.phtml?owner=topaz644&buy_obj_info_id=73131&buy_cost_neopoints=1600]
2018-01-02T16:11:36.078: [SHOP_WIZARD] Buying: Item [name=Pretzel Compact, price=Optional.empty, amount=1]
2018-01-02T16:11:36.078: [SHOP_WIZARD] Buying item: ShopItem [Item [name=Pretzel Compact, price=Optional[995], amount=1], link=/browseshop.phtml?owner=topaz644&buy_obj_info_id=48493&buy_cost_neopoints=995]
2018-01-02T16:12:01.033: [EDNAS_QUEST] Dish name: Magic Amulet of Aisha Charming
2018-01-02T16:12:02.063: [EDNAS_QUEST] Items: Carved Seashell, Pebeanjay Flowers, Boiled Egg
2018-01-02T16:12:02.064: [SHOP_WIZARD] Finding: Carved Seashell
2018-01-02T16:12:10.894: [SHOP_WIZARD] Finding: Pebeanjay Flowers
2018-01-02T16:12:26.168: [SHOP_WIZARD] Finding: Boiled Egg
2018-01-02T16:12:35.045: [SHOP_WIZARD] Total cost: 2500, max cost: 5000.
2018-01-02T16:12:35.046: [SHOP_WIZARD] Buying: Item [name=Pebeanjay Flowers, price=Optional.empty, amount=1]
2018-01-02T16:12:35.046: [SHOP_WIZARD] Buying item: ShopItem [Item [name=Pebeanjay Flowers, price=Optional[1000], amount=1], link=/browseshop.phtml?owner=funkalishious&buy_obj_info_id=7556&buy_cost_neopoints=1000]
2018-01-02T16:12:38.525: [SHOP_WIZARD] Buying: Item [name=Boiled Egg, price=Optional.empty, amount=1]
2018-01-02T16:12:38.525: [SHOP_WIZARD] Buying item: ShopItem [Item [name=Boiled Egg, price=Optional[1499], amount=1], link=/browseshop.phtml?owner=dolly_mixture1&buy_obj_info_id=31574&buy_cost_neopoints=1499]
2018-01-02T16:12:41.883: [SHOP_WIZARD] Buying: Item [name=Carved Seashell, price=Optional.empty, amount=1]
2018-01-02T16:12:41.884: [SHOP_WIZARD] Buying item: ShopItem [Item [name=Carved Seashell, price=Optional[1], amount=1], link=/browseshop.phtml?owner=transplantkid&buy_obj_info_id=34713&buy_cost_neopoints=1]
2018-01-02T16:13:08.884: [EDNAS_QUEST] Dish name: Glowing Potion of Negg Frazzling
2018-01-02T16:13:09.933: [EDNAS_QUEST] Items: Fluoride Mouth Rinse, Plain Wooden Bowl
2018-01-02T16:13:09.934: [SHOP_WIZARD] Finding: Fluoride Mouth Rinse
2018-01-02T16:13:16.457: [SHOP_WIZARD] Finding: Plain Wooden Bowl
2018-01-02T16:13:26.857: [SHOP_WIZARD] Total cost: 3888, max cost: 2500.
2018-01-02T16:13:26.858: [SHOP_WIZARD] Too expensive :/
2018-01-02T16:13:26.858: [EDNAS_QUEST] Done.
2018-01-02T16:33:20.761: [BURIED_TREASURE] Played (392, 401).
2018-01-02T17:28:07.477: [TRAINING_SCHOOL] CompletedStatus
2018-01-02T17:28:08.416: [TRAINING_SCHOOL] StatIncrease [statType=DEFENCE, amount=1]
2018-01-02T17:28:09.784: [TRAINING_SCHOOL] NoneStatus
2018-01-02T17:28:14.403: [TRAINING_SCHOOL] PendingPayStatus
2018-01-02T17:28:14.404: [TRAINING_SCHOOL] Needed: [Har Codestone, Mau Codestone, Eo Codestone]
2018-01-02T17:28:14.405: [SHOP_WIZARD] Finding: Har Codestone
2018-01-02T17:28:24.404: [SHOP_WIZARD] Finding: Mau Codestone
2018-01-02T17:28:32.674: [SHOP_WIZARD] Finding: Eo Codestone
2018-01-02T17:28:39.518: [SHOP_WIZARD] Buying: Item [name=Eo Codestone, price=Optional.empty, amount=1]
2018-01-02T17:28:39.518: [SHOP_WIZARD] Buying item: ShopItem [Item [name=Eo Codestone, price=Optional[19095], amount=1], link=/browseshop.phtml?owner=foster_neomommie&buy_obj_info_id=7462&buy_cost_neopoints=19095]
2018-01-02T17:28:46.836: [SHOP_WIZARD] Buying: Item [name=Mau Codestone, price=Optional.empty, amount=1]
2018-01-02T17:28:46.837: [SHOP_WIZARD] Buying item: ShopItem [Item [name=Mau Codestone, price=Optional[3075], amount=1], link=/browseshop.phtml?owner=yue_of_the_clow&buy_obj_info_id=7458&buy_cost_neopoints=3075]
2018-01-02T17:28:50.194: [SHOP_WIZARD] Buying: Item [name=Har Codestone, price=Optional.empty, amount=1]
2018-01-02T17:28:50.195: [SHOP_WIZARD] Buying item: ShopItem [Item [name=Har Codestone, price=Optional[2900], amount=1], link=/browseshop.phtml?owner=anschi_ogg&buy_obj_info_id=7466&buy_cost_neopoints=2900]
2018-01-02T17:28:53.808: [TRAINING_SCHOOL] Bought all.
2018-01-02T17:28:55.695: [TRAINING_SCHOOL] Started training.
2018-01-02T17:28:56.751: [TRAINING_SCHOOL] Have to wait 240 minutes.
2018-01-02T19:03:36.58: [SNOWAGER] Next time: 2018-01-02T14:00
2018-01-02T19:03:36.581: [SNOWAGER] Now: 2018-01-02T14:03:36.580
2018-01-02T19:03:38.16: [SNOWAGER] Visited: 2018-01-02T14:03:36.580
2018-01-02T19:03:38.16: [SNOWAGER] Return in: -0.06
2018-01-02T19:03:42.598: [FORGOTTEN_SHORE] Done.
2018-01-02T19:03:42.599: [COLTZANS_SHRINE] Done.
2018-01-02T19:03:42.599: [WISE_OLD_KING] Done.
2018-01-02T19:03:42.6: [TURMACULUS] Done.
2018-01-02T19:03:42.6: [LAB_RAY] Done.
2018-01-02T19:03:49.464: [FORGOTTEN_SHORE] Done.
2018-01-02T19:03:49.465: [COLTZANS_SHRINE] Done.
2018-01-02T19:03:49.465: [WISE_OLD_KING] Done.
2018-01-02T19:03:49.466: [TURMACULUS] Done.
2018-01-02T19:03:49.466: [LAB_RAY] Done.
2018-01-02T19:03:50.552: [EDNAS_QUEST] Dish name: Magic Egg of Cybunny Stretching
2018-01-02T19:03:51.542: [EDNAS_QUEST] Items: Blue Skateboard
2018-01-02T19:03:51.543: [SHOP_WIZARD] Finding: Blue Skateboard
2018-01-02T19:04:01.585: [SHOP_WIZARD] Total cost: 120, max cost: 1500.
2018-01-02T19:04:01.586: [SHOP_WIZARD] Buying: Item [name=Blue Skateboard, price=Optional.empty, amount=1]
2018-01-02T19:04:01.586: [SHOP_WIZARD] Buying item: ShopItem [Item [name=Blue Skateboard, price=Optional[120], amount=1], link=/browseshop.phtml?owner=die___antwoord&buy_obj_info_id=48&buy_cost_neopoints=120]
2018-01-02T19:04:23.306: [FORGOTTEN_SHORE] Done.
2018-01-02T19:04:23.307: [COLTZANS_SHRINE] Done.
2018-01-02T19:04:23.307: [WISE_OLD_KING] Done.
2018-01-02T19:04:23.309: [TURMACULUS] Done.
2018-01-02T19:04:23.31: [LAB_RAY] Done.
2018-01-02T19:04:24.463: [EDNAS_QUEST] Dish name: Rainbow Amulet of Kiko Transforming
2018-01-02T19:04:25.593: [EDNAS_QUEST] Items: Oozing Chocolate Heart, Heart Latte, White Chocolate Kyrii
2018-01-02T19:04:25.595: [SHOP_WIZARD] Finding: Oozing Chocolate Heart
2018-01-02T19:04:33.094: [SHOP_WIZARD] Finding: Heart Latte
2018-01-02T19:04:40.405: [SHOP_WIZARD] Finding: White Chocolate Kyrii
2018-01-02T19:04:47.587: [SHOP_WIZARD] Total cost: 3652, max cost: 5000.
2018-01-02T19:04:47.588: [SHOP_WIZARD] Buying: Item [name=White Chocolate Kyrii, price=Optional.empty, amount=1]
2018-01-02T19:04:47.589: [SHOP_WIZARD] Buying item: ShopItem [Item [name=White Chocolate Kyrii, price=Optional[1588], amount=1], link=/browseshop.phtml?owner=pinkpenguine33&buy_obj_info_id=22462&buy_cost_neopoints=1588]
2018-01-02T19:04:51.283: [SHOP_WIZARD] Buying: Item [name=Heart Latte, price=Optional.empty, amount=1]
2018-01-02T19:04:51.284: [SHOP_WIZARD] Buying item: ShopItem [Item [name=Heart Latte, price=Optional[540], amount=1], link=/browseshop.phtml?owner=mariejudet_&buy_obj_info_id=48112&buy_cost_neopoints=540]
2018-01-02T19:04:55.742: [SHOP_WIZARD] Buying: Item [name=Oozing Chocolate Heart, price=Optional.empty, amount=1]
2018-01-02T19:04:55.743: [SHOP_WIZARD] Buying item: ShopItem [Item [name=Oozing Chocolate Heart, price=Optional[1524], amount=1], link=/browseshop.phtml?owner=pawsrus&buy_obj_info_id=39240&buy_cost_neopoints=1524]
2018-01-02T19:05:01.867: [KITCHEN_QUEST] Done.
2018-01-02T19:05:03.869: [FOOD_CLUB] Done.
2018-01-02T19:05:04.963: [TRAINING_SCHOOL] Have to wait 144 minutes.
2018-01-02T19:05:04.964: [TDMGPOP] Done.
2018-01-02T19:05:14.905: [HEALING_SPRINGS] Healed :)
2018-01-02T19:05:14.907: [FISHING_VORTEX] Done.
2018-01-02T19:05:14.907: [FRUIT_MACHINE] Done.
2018-01-02T19:05:16.17: [COINCIDENCE] Have to wait 10 hours.
2018-01-02T19:05:18.184: [BURIED_TREASURE] Have to wait 28 minutes.
2018-01-02T19:05:18.185: [SNOWAGER] Next time: 2018-01-02T14:00
2018-01-02T19:05:18.185: [SNOWAGER] Now: 2018-01-02T14:05:18.184
2018-01-02T19:05:19.696: [SNOWAGER] Visited: 2018-01-02T14:05:18.184
2018-01-02T19:05:19.697: [SNOWAGER] Return in: -0.09
2018-01-02T19:05:34.462: [FORGOTTEN_SHORE] Done.
2018-01-02T19:05:34.463: [COLTZANS_SHRINE] Done.
2018-01-02T19:05:34.464: [WISE_OLD_KING] Done.
2018-01-02T19:05:34.464: [TURMACULUS] Done.
2018-01-02T19:05:34.465: [LAB_RAY] Done.
2018-01-02T19:05:34.465: [EDNAS_QUEST] Done.
2018-01-02T19:05:34.466: [KITCHEN_QUEST] Done.
2018-01-02T19:05:36.078: [FOOD_CLUB] Done.
2018-01-02T19:05:37.307: [TRAINING_SCHOOL] Have to wait 143 minutes.
2018-01-02T19:05:37.307: [TDMGPOP] Done.
2018-01-02T19:05:40.595: [HEALING_SPRINGS] Healed :)
2018-01-02T19:05:40.596: [FISHING_VORTEX] Done.
2018-01-02T19:05:40.596: [FRUIT_MACHINE] Done.
2018-01-02T19:05:41.733: [COINCIDENCE] Have to wait 10 hours.
2018-01-02T19:05:44.498: [BURIED_TREASURE] Have to wait 28 minutes.
2018-01-02T19:05:44.499: [SNOWAGER] Next time: 2018-01-02T14:00
2018-01-02T19:05:44.5: [SNOWAGER] Now: 2018-01-02T14:05:44.499
2018-01-02T19:05:45.804: [SNOWAGER] Visited: 2018-01-02T14:05:44.499
2018-01-02T19:05:45.804: [SNOWAGER] Return in: -0.10
2018-01-02T19:05:50.44: [FORGOTTEN_SHORE] Done.
2018-01-02T19:05:50.441: [COLTZANS_SHRINE] Done.
2018-01-02T19:05:50.441: [WISE_OLD_KING] Done.
2018-01-02T19:05:50.442: [TURMACULUS] Done.
2018-01-02T19:05:50.442: [LAB_RAY] Done.
2018-01-02T19:05:50.443: [EDNAS_QUEST] Done.
2018-01-02T19:05:50.444: [KITCHEN_QUEST] Done.
2018-01-02T19:05:52.436: [FOOD_CLUB] Done.
2018-01-02T19:05:53.796: [TRAINING_SCHOOL] Have to wait 143 minutes.
2018-01-02T19:05:53.798: [TDMGPOP] Done.
2018-01-02T19:05:59.206: [HEALING_SPRINGS] Healed :)
2018-01-02T19:05:59.206: [FISHING_VORTEX] Done.
2018-01-02T19:05:59.207: [FRUIT_MACHINE] Done.
2018-01-02T19:06:00.341: [COINCIDENCE] Have to wait 10 hours.
2018-01-02T19:06:02.508: [BURIED_TREASURE] Have to wait 27 minutes.
2018-01-02T19:06:02.509: [SNOWAGER] Next time: 2018-01-02T14:00
2018-01-02T19:06:02.509: [SNOWAGER] Now: 2018-01-02T14:06:02.509
2018-01-02T19:06:03.989: [SNOWAGER] Visited: 2018-01-02T14:06:02.509
2018-01-02T19:06:03.99: [SNOWAGER] Return in: -0.10
2018-01-02T19:06:08.331: [FORGOTTEN_SHORE] Done.
2018-01-02T19:06:08.332: [COLTZANS_SHRINE] Done.
2018-01-02T19:06:08.334: [WISE_OLD_KING] Done.
2018-01-02T19:06:08.335: [TURMACULUS] Done.
2018-01-02T19:06:08.335: [LAB_RAY] Done.
2018-01-02T19:06:08.336: [EDNAS_QUEST] Done.
2018-01-02T19:06:08.336: [KITCHEN_QUEST] Done.
2018-01-02T19:06:09.655: [FOOD_CLUB] Done.
2018-01-02T19:06:10.674: [TRAINING_SCHOOL] Have to wait 143 minutes.
2018-01-02T19:06:10.675: [TDMGPOP] Done.
2018-01-02T19:06:13.976: [HEALING_SPRINGS] Healed :)
2018-01-02T19:06:13.977: [FISHING_VORTEX] Done.
2018-01-02T19:06:13.977: [FRUIT_MACHINE] Done.
2018-01-02T19:06:15.119: [COINCIDENCE] Have to wait 10 hours.
2018-01-02T19:06:17.218: [BURIED_TREASURE] Have to wait 27 minutes.
2018-01-02T19:06:17.218: [SNOWAGER] Next time: 2018-01-02T14:00
2018-01-02T19:06:17.219: [SNOWAGER] Now: 2018-01-02T14:06:17.218
2018-01-02T19:06:19.303: [SNOWAGER] Visited: 2018-01-02T14:06:17.218
2018-01-02T19:06:19.303: [SNOWAGER] Return in: -0.10
2018-01-02T19:06:24.085: [FORGOTTEN_SHORE] Done.
2018-01-02T19:06:24.086: [COLTZANS_SHRINE] Done.
2018-01-02T19:06:24.086: [WISE_OLD_KING] Done.
2018-01-02T19:06:24.087: [TURMACULUS] Done.
2018-01-02T19:06:24.087: [LAB_RAY] Done.
2018-01-02T19:06:24.088: [EDNAS_QUEST] Done.
2018-01-02T19:06:24.088: [KITCHEN_QUEST] Done.
2018-01-02T19:06:25.306: [FOOD_CLUB] Done.
2018-01-02T19:06:26.27: [TRAINING_SCHOOL] Have to wait 142 minutes.
2018-01-02T19:06:26.271: [TDMGPOP] Done.
2018-01-02T19:06:29.625: [HEALING_SPRINGS] Healed :)
2018-01-02T19:06:29.626: [FISHING_VORTEX] Done.
2018-01-02T19:06:29.627: [FRUIT_MACHINE] Done.
2018-01-02T19:06:30.73: [COINCIDENCE] Have to wait 10 hours.
2018-01-02T19:06:33.374: [BURIED_TREASURE] Have to wait 27 minutes.
2018-01-02T19:06:33.374: [SNOWAGER] Next time: 2018-01-02T14:00
2018-01-02T19:06:33.375: [SNOWAGER] Now: 2018-01-02T14:06:33.374
2018-01-02T19:06:34.768: [SNOWAGER] Visited: 2018-01-02T14:06:33.374
2018-01-02T19:06:34.769: [SNOWAGER] Return in: -0.11
2018-01-02T19:06:39.491: [FORGOTTEN_SHORE] Done.
2018-01-02T19:06:39.492: [COLTZANS_SHRINE] Done.
2018-01-02T19:06:39.493: [WISE_OLD_KING] Done.
2018-01-02T19:06:39.494: [TURMACULUS] Done.
2018-01-02T19:06:39.494: [LAB_RAY] Done.
2018-01-02T19:06:39.495: [EDNAS_QUEST] Done.
2018-01-02T19:06:39.496: [KITCHEN_QUEST] Done.
2018-01-02T19:06:41.002: [FOOD_CLUB] Done.
2018-01-02T19:06:42.081: [TRAINING_SCHOOL] Have to wait 142 minutes.
2018-01-02T19:06:42.082: [TDMGPOP] Done.
2018-01-02T19:06:45.645: [HEALING_SPRINGS] Healed :)
2018-01-02T19:06:45.645: [FISHING_VORTEX] Done.
2018-01-02T19:06:45.646: [FRUIT_MACHINE] Done.
2018-01-02T19:06:46.741: [COINCIDENCE] Have to wait 10 hours.
2018-01-02T19:06:48.974: [BURIED_TREASURE] Have to wait 27 minutes.
2018-01-02T19:06:48.976: [SNOWAGER] Next time: 2018-01-02T14:00
2018-01-02T19:06:48.977: [SNOWAGER] Now: 2018-01-02T14:06:48.976
2018-01-02T19:06:50.265: [SNOWAGER] Visited: 2018-01-02T14:06:48.976
2018-01-02T19:06:50.267: [SNOWAGER] Return in: -0.11
2018-01-02T19:06:56.471: [FORGOTTEN_SHORE] Done.
2018-01-02T19:06:56.472: [COLTZANS_SHRINE] Done.
2018-01-02T19:06:56.473: [WISE_OLD_KING] Done.
2018-01-02T19:06:56.473: [TURMACULUS] Done.
2018-01-02T19:06:56.474: [LAB_RAY] Done.
2018-01-02T19:06:56.475: [EDNAS_QUEST] Done.
2018-01-02T19:06:56.475: [KITCHEN_QUEST] Done.
2018-01-02T19:06:57.935: [FOOD_CLUB] Done.
2018-01-02T19:06:59.08: [TRAINING_SCHOOL] Have to wait 142 minutes.
2018-01-02T19:06:59.081: [TDMGPOP] Done.
2018-01-02T19:07:02.425: [HEALING_SPRINGS] Healed :)
2018-01-02T19:07:02.426: [FISHING_VORTEX] Done.
2018-01-02T19:07:02.426: [FRUIT_MACHINE] Done.
2018-01-02T19:07:03.617: [COINCIDENCE] Have to wait 10 hours.
2018-01-02T19:07:05.758: [BURIED_TREASURE] Have to wait 26 minutes.
2018-01-02T19:07:05.759: [SNOWAGER] Next time: 2018-01-02T14:00
2018-01-02T19:07:05.759: [SNOWAGER] Now: 2018-01-02T14:07:05.758
2018-01-02T19:07:07.415: [SNOWAGER] Visited: 2018-01-02T14:07:05.758
2018-01-02T19:07:07.416: [SNOWAGER] Return in: -0.12
2018-01-02T19:07:12.611: [FORGOTTEN_SHORE] Done.
2018-01-02T19:07:12.613: [COLTZANS_SHRINE] Done.
2018-01-02T19:07:12.614: [WISE_OLD_KING] Done.
2018-01-02T19:07:12.616: [TURMACULUS] Done.
2018-01-02T19:07:12.616: [LAB_RAY] Done.
2018-01-02T19:07:12.617: [EDNAS_QUEST] Done.
2018-01-02T19:07:12.617: [KITCHEN_QUEST] Done.
2018-01-02T19:07:14.005: [FOOD_CLUB] Done.
2018-01-02T19:07:15.3: [TRAINING_SCHOOL] Have to wait 142 minutes.
2018-01-02T19:07:15.3: [TDMGPOP] Done.
2018-01-02T19:07:21.456: [HEALING_SPRINGS] Healed :)
2018-01-02T19:07:21.457: [FISHING_VORTEX] Done.
2018-01-02T19:07:21.457: [FRUIT_MACHINE] Done.
2018-01-02T19:07:22.671: [COINCIDENCE] Have to wait 10 hours.
2018-01-02T19:07:24.645: [BURIED_TREASURE] Have to wait 26 minutes.
2018-01-02T19:07:24.646: [SNOWAGER] Next time: 2018-01-02T14:00
2018-01-02T19:07:24.646: [SNOWAGER] Now: 2018-01-02T14:07:24.646
2018-01-02T19:07:26.876: [SNOWAGER] Visited: 2018-01-02T14:07:24.646
2018-01-02T19:07:26.877: [SNOWAGER] Return in: -0.12
2018-01-02T19:07:31.332: [FORGOTTEN_SHORE] Done.
2018-01-02T19:07:31.333: [COLTZANS_SHRINE] Done.
2018-01-02T19:07:31.333: [WISE_OLD_KING] Done.
2018-01-02T19:07:31.334: [TURMACULUS] Done.
2018-01-02T19:07:31.334: [LAB_RAY] Done.
2018-01-02T19:07:31.335: [EDNAS_QUEST] Done.
2018-01-02T19:07:31.335: [KITCHEN_QUEST] Done.
2018-01-02T19:07:32.77: [FOOD_CLUB] Done.
2018-01-02T19:07:33.877: [TRAINING_SCHOOL] Have to wait 141 minutes.
2018-01-02T19:07:33.877: [TDMGPOP] Done.
2018-01-02T19:07:38.286: [HEALING_SPRINGS] Healed :)
2018-01-02T19:07:38.287: [FISHING_VORTEX] Done.
2018-01-02T19:07:38.288: [FRUIT_MACHINE] Done.
2018-01-02T19:07:39.59: [COINCIDENCE] Have to wait 10 hours.
2018-01-02T19:07:42.033: [BURIED_TREASURE] Have to wait 26 minutes.
2018-01-02T19:07:42.034: [SNOWAGER] Next time: 2018-01-02T14:00
2018-01-02T19:07:42.034: [SNOWAGER] Now: 2018-01-02T14:07:42.033
2018-01-02T19:07:43.382: [SNOWAGER] Visited: 2018-01-02T14:07:42.033
2018-01-02T19:07:43.383: [SNOWAGER] Return in: -0.13
2018-01-02T19:07:48.863: [FORGOTTEN_SHORE] Done.
2018-01-02T19:07:48.864: [COLTZANS_SHRINE] Done.
2018-01-02T19:07:48.864: [WISE_OLD_KING] Done.
2018-01-02T19:07:48.865: [TURMACULUS] Done.
2018-01-02T19:07:48.865: [LAB_RAY] Done.
2018-01-02T19:07:48.866: [EDNAS_QUEST] Done.
2018-01-02T19:07:48.866: [KITCHEN_QUEST] Done.
2018-01-02T19:07:50.126: [FOOD_CLUB] Done.
2018-01-02T19:07:51.106: [TRAINING_SCHOOL] Have to wait 141 minutes.
2018-01-02T19:07:51.106: [TDMGPOP] Done.
2018-01-02T19:07:55.663: [HEALING_SPRINGS] Healed :)
2018-01-02T19:07:55.665: [FISHING_VORTEX] Done.
2018-01-02T19:07:55.666: [FRUIT_MACHINE] Done.
2018-01-02T19:07:56.811: [COINCIDENCE] Have to wait 10 hours.
2018-01-02T19:07:59.089: [BURIED_TREASURE] Have to wait 25 minutes.
2018-01-02T19:07:59.089: [SNOWAGER] Next time: 2018-01-02T14:00
2018-01-02T19:07:59.09: [SNOWAGER] Now: 2018-01-02T14:07:59.089
2018-01-02T19:08:00.459: [SNOWAGER] Visited: 2018-01-02T14:07:59.089
2018-01-02T19:08:00.46: [SNOWAGER] Return in: -0.13
2018-01-02T19:08:05.332: [FORGOTTEN_SHORE] Done.
2018-01-02T19:08:05.333: [COLTZANS_SHRINE] Done.
2018-01-02T19:08:05.333: [WISE_OLD_KING] Done.
2018-01-02T19:08:05.334: [TURMACULUS] Done.
2018-01-02T19:08:05.335: [LAB_RAY] Done.
2018-01-02T19:08:05.335: [EDNAS_QUEST] Done.
2018-01-02T19:08:05.336: [KITCHEN_QUEST] Done.
2018-01-02T19:08:06.678: [FOOD_CLUB] Done.
2018-01-02T19:08:07.676: [TRAINING_SCHOOL] Have to wait 141 minutes.
2018-01-02T19:08:07.677: [TDMGPOP] Done.
2018-01-02T19:08:11.209: [HEALING_SPRINGS] Healed :)
2018-01-02T19:08:11.211: [FISHING_VORTEX] Done.
2018-01-02T19:08:11.212: [FRUIT_MACHINE] Done.
2018-01-02T19:08:12.583: [COINCIDENCE] Have to wait 10 hours.
2018-01-02T19:08:15.037: [BURIED_TREASURE] Have to wait 25 minutes.
2018-01-02T19:08:15.038: [SNOWAGER] Next time: 2018-01-02T14:00
2018-01-02T19:08:15.038: [SNOWAGER] Now: 2018-01-02T14:08:15.038
2018-01-02T19:08:16.353: [SNOWAGER] Visited: 2018-01-02T14:08:15.038
2018-01-02T19:08:16.354: [SNOWAGER] Return in: -0.14
2018-01-02T19:08:21.202: [FORGOTTEN_SHORE] Done.
2018-01-02T19:08:21.203: [COLTZANS_SHRINE] Done.
2018-01-02T19:08:21.204: [WISE_OLD_KING] Done.
2018-01-02T19:08:21.204: [TURMACULUS] Done.
2018-01-02T19:08:21.204: [LAB_RAY] Done.
2018-01-02T19:08:21.205: [EDNAS_QUEST] Done.
2018-01-02T19:08:21.206: [KITCHEN_QUEST] Done.
2018-01-02T19:08:22.466: [FOOD_CLUB] Done.
2018-01-02T19:08:23.976: [TRAINING_SCHOOL] Have to wait 141 minutes.
2018-01-02T19:08:23.977: [TDMGPOP] Done.
2018-01-02T19:08:27.767: [HEALING_SPRINGS] Healed :)
2018-01-02T19:08:27.767: [FISHING_VORTEX] Done.
2018-01-02T19:08:27.768: [FRUIT_MACHINE] Done.
2018-01-02T19:08:29.722: [COINCIDENCE] Have to wait 10 hours.
2018-01-02T19:08:31.716: [BURIED_TREASURE] Have to wait 25 minutes.
2018-01-02T19:08:31.717: [SNOWAGER] Next time: 2018-01-02T14:00
2018-01-02T19:08:31.718: [SNOWAGER] Now: 2018-01-02T14:08:31.717
2018-01-02T19:08:33.005: [SNOWAGER] Visited: 2018-01-02T14:08:31.717
2018-01-02T19:08:33.005: [SNOWAGER] Return in: -0.14
2018-01-02T19:08:38.763: [FORGOTTEN_SHORE] Done.
2018-01-02T19:08:38.764: [COLTZANS_SHRINE] Done.
2018-01-02T19:08:38.765: [WISE_OLD_KING] Done.
2018-01-02T19:08:38.765: [TURMACULUS] Done.
2018-01-02T19:08:38.766: [LAB_RAY] Done.
2018-01-02T19:08:38.767: [EDNAS_QUEST] Done.
2018-01-02T19:08:38.767: [KITCHEN_QUEST] Done.
2018-01-02T19:08:40.016: [FOOD_CLUB] Done.
2018-01-02T19:08:41.244: [TRAINING_SCHOOL] Have to wait 140 minutes.
2018-01-02T19:08:41.244: [TDMGPOP] Done.
2018-01-02T19:08:45.067: [HEALING_SPRINGS] Healed :)
2018-01-02T19:08:45.068: [FISHING_VORTEX] Done.
2018-01-02T19:08:45.069: [FRUIT_MACHINE] Done.
2018-01-02T19:08:46.211: [COINCIDENCE] Have to wait 10 hours.
2018-01-02T19:08:48.267: [BURIED_TREASURE] Have to wait 25 minutes.
2018-01-02T19:08:48.267: [SNOWAGER] Next time: 2018-01-02T14:00
2018-01-02T19:08:48.268: [SNOWAGER] Now: 2018-01-02T14:08:48.267
2018-01-02T19:08:49.631: [SNOWAGER] Visited: 2018-01-02T14:08:48.267
2018-01-02T19:08:49.632: [SNOWAGER] Return in: -0.15
2018-01-02T19:08:55.179: [FORGOTTEN_SHORE] Done.
2018-01-02T19:08:55.18: [COLTZANS_SHRINE] Done.
2018-01-02T19:08:55.18: [WISE_OLD_KING] Done.
2018-01-02T19:08:55.18: [TURMACULUS] Done.
2018-01-02T19:08:55.181: [LAB_RAY] Done.
2018-01-02T19:08:55.182: [EDNAS_QUEST] Done.
2018-01-02T19:08:55.182: [KITCHEN_QUEST] Done.
2018-01-02T19:08:56.497: [FOOD_CLUB] Done.
2018-01-02T19:08:57.696: [TRAINING_SCHOOL] Have to wait 140 minutes.
2018-01-02T19:08:57.697: [TDMGPOP] Done.
2018-01-02T19:09:01.427: [HEALING_SPRINGS] Healed :)
2018-01-02T19:09:01.428: [FISHING_VORTEX] Done.
2018-01-02T19:09:01.428: [FRUIT_MACHINE] Done.
2018-01-02T19:09:02.531: [COINCIDENCE] Have to wait 10 hours.
2018-01-02T19:09:04.658: [BURIED_TREASURE] Have to wait 24 minutes.
2018-01-02T19:09:04.659: [SNOWAGER] Next time: 2018-01-02T14:00
2018-01-02T19:09:04.66: [SNOWAGER] Now: 2018-01-02T14:09:04.659
2018-01-02T19:09:06.005: [SNOWAGER] Visited: 2018-01-02T14:09:04.659
2018-01-02T19:09:06.006: [SNOWAGER] Return in: -0.15
2018-01-02T19:09:10.553: [FORGOTTEN_SHORE] Done.
2018-01-02T19:09:10.554: [COLTZANS_SHRINE] Done.
2018-01-02T19:09:10.555: [WISE_OLD_KING] Done.
2018-01-02T19:09:10.555: [TURMACULUS] Done.
2018-01-02T19:09:10.556: [LAB_RAY] Done.
2018-01-02T19:09:10.557: [EDNAS_QUEST] Done.
2018-01-02T19:09:10.558: [KITCHEN_QUEST] Done.
2018-01-02T19:09:11.806: [FOOD_CLUB] Done.
2018-01-02T19:09:12.868: [TRAINING_SCHOOL] Have to wait 140 minutes.
2018-01-02T19:09:12.868: [TDMGPOP] Done.
2018-01-02T19:09:16.287: [HEALING_SPRINGS] Healed :)
2018-01-02T19:09:16.288: [FISHING_VORTEX] Done.
2018-01-02T19:09:16.288: [FRUIT_MACHINE] Done.
2018-01-02T19:09:17.432: [COINCIDENCE] Have to wait 10 hours.
2018-01-02T19:09:19.777: [BURIED_TREASURE] Have to wait 24 minutes.
2018-01-02T19:09:19.778: [SNOWAGER] Next time: 2018-01-02T14:00
2018-01-02T19:09:19.779: [SNOWAGER] Now: 2018-01-02T14:09:19.778
2018-01-02T19:09:21.106: [SNOWAGER] Visited: 2018-01-02T14:09:19.778
2018-01-02T19:09:21.107: [SNOWAGER] Return in: -0.16
2018-01-02T19:09:26.183: [FORGOTTEN_SHORE] Done.
2018-01-02T19:09:26.184: [COLTZANS_SHRINE] Done.
2018-01-02T19:09:26.185: [WISE_OLD_KING] Done.
2018-01-02T19:09:26.185: [TURMACULUS] Done.
2018-01-02T19:09:26.186: [LAB_RAY] Done.
2018-01-02T19:09:26.186: [EDNAS_QUEST] Done.
2018-01-02T19:09:26.187: [KITCHEN_QUEST] Done.
2018-01-02T19:09:27.557: [FOOD_CLUB] Done.
2018-01-02T19:09:28.893: [TRAINING_SCHOOL] Have to wait 139 minutes.
2018-01-02T19:09:28.893: [TDMGPOP] Done.
2018-01-02T19:09:33.078: [HEALING_SPRINGS] Healed :)
2018-01-02T19:09:33.078: [FISHING_VORTEX] Done.
2018-01-02T19:09:33.079: [FRUIT_MACHINE] Done.
2018-01-02T19:09:34.252: [COINCIDENCE] Have to wait 10 hours.
2018-01-02T19:09:36.698: [BURIED_TREASURE] Have to wait 24 minutes.
2018-01-02T19:09:36.699: [SNOWAGER] Next time: 2018-01-02T14:00
2018-01-02T19:09:36.699: [SNOWAGER] Now: 2018-01-02T14:09:36.699
2018-01-02T19:09:39.077: [SNOWAGER] Visited: 2018-01-02T14:09:36.699
2018-01-02T19:09:39.078: [SNOWAGER] Return in: -0.16
2018-01-02T19:09:44.004: [FORGOTTEN_SHORE] Done.
2018-01-02T19:09:44.004: [COLTZANS_SHRINE] Done.
2018-01-02T19:09:44.005: [WISE_OLD_KING] Done.
2018-01-02T19:09:44.005: [TURMACULUS] Done.
2018-01-02T19:09:44.006: [LAB_RAY] Done.
2018-01-02T19:09:44.006: [EDNAS_QUEST] Done.
2018-01-02T19:09:44.007: [KITCHEN_QUEST] Done.
2018-01-02T19:09:45.857: [FOOD_CLUB] Done.
2018-01-02T19:09:47.008: [TRAINING_SCHOOL] Have to wait 139 minutes.
2018-01-02T19:09:47.008: [TDMGPOP] Done.
2018-01-02T19:09:50.378: [HEALING_SPRINGS] Healed :)
2018-01-02T19:09:50.378: [FISHING_VORTEX] Done.
2018-01-02T19:09:50.379: [FRUIT_MACHINE] Done.
2018-01-02T19:09:51.535: [COINCIDENCE] Have to wait 10 hours.
2018-01-02T19:09:53.556: [BURIED_TREASURE] Have to wait 23 minutes.
2018-01-02T19:09:53.558: [SNOWAGER] Next time: 2018-01-02T14:00
2018-01-02T19:09:53.559: [SNOWAGER] Now: 2018-01-02T14:09:53.558
2018-01-02T19:09:54.963: [SNOWAGER] Visited: 2018-01-02T14:09:53.558
2018-01-02T19:09:54.963: [SNOWAGER] Return in: -0.16
2018-01-02T19:09:59.467: [FORGOTTEN_SHORE] Done.
2018-01-02T19:09:59.468: [COLTZANS_SHRINE] Done.
2018-01-02T19:09:59.468: [WISE_OLD_KING] Done.
2018-01-02T19:09:59.469: [TURMACULUS] Done.
2018-01-02T19:09:59.469: [LAB_RAY] Done.
2018-01-02T19:09:59.47: [EDNAS_QUEST] Done.
2018-01-02T19:09:59.471: [KITCHEN_QUEST] Done.
2018-01-02T19:10:00.818: [FOOD_CLUB] Done.
2018-01-02T19:10:01.909: [TRAINING_SCHOOL] Have to wait 139 minutes.
2018-01-02T19:10:01.91: [TDMGPOP] Done.
2018-01-02T19:10:05.65: [HEALING_SPRINGS] Healed :)
2018-01-02T19:10:05.651: [FISHING_VORTEX] Done.
2018-01-02T19:10:05.651: [FRUIT_MACHINE] Done.
2018-01-02T19:10:06.814: [COINCIDENCE] Have to wait 10 hours.
2018-01-02T19:10:09.128: [BURIED_TREASURE] Have to wait 23 minutes.
2018-01-02T19:10:09.129: [SNOWAGER] Next time: 2018-01-02T14:00
2018-01-02T19:10:09.129: [SNOWAGER] Now: 2018-01-02T14:10:09.129
2018-01-02T19:10:10.463: [SNOWAGER] Visited: 2018-01-02T14:10:09.129
2018-01-02T19:10:10.463: [SNOWAGER] Return in: -0.17
2018-01-02T19:10:15.204: [FORGOTTEN_SHORE] Done.
2018-01-02T19:10:15.205: [COLTZANS_SHRINE] Done.
2018-01-02T19:10:15.207: [WISE_OLD_KING] Done.
2018-01-02T19:10:15.209: [TURMACULUS] Done.
2018-01-02T19:10:15.209: [LAB_RAY] Done.
2018-01-02T19:10:15.21: [EDNAS_QUEST] Done.
2018-01-02T19:10:15.211: [KITCHEN_QUEST] Done.
2018-01-02T19:10:16.558: [FOOD_CLUB] Done.
2018-01-02T19:10:17.79: [TRAINING_SCHOOL] Have to wait 139 minutes.
2018-01-02T19:10:17.791: [TDMGPOP] Done.
2018-01-02T19:10:23.009: [HEALING_SPRINGS] Healed :)
2018-01-02T19:10:23.01: [FISHING_VORTEX] Done.
2018-01-02T19:10:23.01: [FRUIT_MACHINE] Done.
2018-01-02T19:10:24.183: [COINCIDENCE] Have to wait 10 hours.
2018-01-02T19:10:26.488: [BURIED_TREASURE] Have to wait 23 minutes.
2018-01-02T19:10:26.489: [SNOWAGER] Next time: 2018-01-02T14:00
2018-01-02T19:10:26.489: [SNOWAGER] Now: 2018-01-02T14:10:26.488
2018-01-02T19:10:28.181: [SNOWAGER] Visited: 2018-01-02T14:10:26.488
2018-01-02T19:10:28.181: [SNOWAGER] Return in: -0.17
2018-01-02T19:10:38.285: [FORGOTTEN_SHORE] Done.
2018-01-02T19:10:38.285: [COLTZANS_SHRINE] Done.
2018-01-02T19:10:38.286: [WISE_OLD_KING] Done.
2018-01-02T19:10:38.286: [TURMACULUS] Done.
2018-01-02T19:10:38.287: [LAB_RAY] Done.
2018-01-02T19:10:38.287: [EDNAS_QUEST] Done.
2018-01-02T19:10:38.288: [KITCHEN_QUEST] Done.
2018-01-02T19:10:39.701: [FOOD_CLUB] Done.
2018-01-02T19:10:40.756: [TRAINING_SCHOOL] Have to wait 138 minutes.
2018-01-02T19:10:40.756: [TDMGPOP] Done.
2018-01-02T19:10:44.482: [HEALING_SPRINGS] Healed :)
2018-01-02T19:10:44.482: [FISHING_VORTEX] Done.
2018-01-02T19:10:44.483: [FRUIT_MACHINE] Done.
2018-01-02T19:10:45.754: [COINCIDENCE] Have to wait 10 hours.
2018-01-02T19:10:47.793: [BURIED_TREASURE] Have to wait 23 minutes.
2018-01-02T19:10:47.794: [SNOWAGER] Next time: 2018-01-02T14:00
2018-01-02T19:10:47.794: [SNOWAGER] Now: 2018-01-02T14:10:47.794
2018-01-02T19:10:49.517: [SNOWAGER] Visited: 2018-01-02T14:10:47.794
2018-01-02T19:10:49.517: [SNOWAGER] Return in: -0.18
2018-01-02T19:10:54.692: [FORGOTTEN_SHORE] Done.
2018-01-02T19:10:54.693: [COLTZANS_SHRINE] Done.
2018-01-02T19:10:54.694: [WISE_OLD_KING] Done.
2018-01-02T19:10:54.694: [TURMACULUS] Done.
2018-01-02T19:10:54.694: [LAB_RAY] Done.
2018-01-02T19:10:54.695: [EDNAS_QUEST] Done.
2018-01-02T19:10:54.696: [KITCHEN_QUEST] Done.
2018-01-02T19:10:55.948: [FOOD_CLUB] Done.
2018-01-02T19:10:57.092: [TRAINING_SCHOOL] Have to wait 138 minutes.
2018-01-02T19:10:57.093: [TDMGPOP] Done.
2018-01-02T19:11:00.489: [HEALING_SPRINGS] Healed :)
2018-01-02T19:11:00.49: [FISHING_VORTEX] Done.
2018-01-02T19:11:00.491: [FRUIT_MACHINE] Done.
2018-01-02T19:11:01.754: [COINCIDENCE] Have to wait 10 hours.
2018-01-02T19:11:03.712: [BURIED_TREASURE] Have to wait 22 minutes.
2018-01-02T19:11:03.712: [SNOWAGER] Next time: 2018-01-02T14:00
2018-01-02T19:11:03.713: [SNOWAGER] Now: 2018-01-02T14:11:03.712
2018-01-02T19:11:05.026: [SNOWAGER] Visited: 2018-01-02T14:11:03.712
2018-01-02T19:11:05.027: [SNOWAGER] Return in: -0.18
2018-01-02T19:11:09.936: [FORGOTTEN_SHORE] Done.
2018-01-02T19:11:09.936: [COLTZANS_SHRINE] Done.
2018-01-02T19:11:09.937: [WISE_OLD_KING] Done.
2018-01-02T19:11:09.937: [TURMACULUS] Done.
2018-01-02T19:11:09.937: [LAB_RAY] Done.
2018-01-02T19:11:09.938: [EDNAS_QUEST] Done.
2018-01-02T19:11:09.94: [KITCHEN_QUEST] Done.
2018-01-02T19:11:11.541: [FOOD_CLUB] Done.
2018-01-02T19:11:12.636: [TRAINING_SCHOOL] Have to wait 138 minutes.
2018-01-02T19:11:12.636: [TDMGPOP] Done.
2018-01-02T19:11:16.379: [HEALING_SPRINGS] Healed :)
2018-01-02T19:11:16.38: [FISHING_VORTEX] Done.
2018-01-02T19:11:16.381: [FRUIT_MACHINE] Done.
2018-01-02T19:11:17.554: [COINCIDENCE] Have to wait 10 hours.
2018-01-02T19:11:19.528: [BURIED_TREASURE] Have to wait 22 minutes.
2018-01-02T19:11:19.529: [SNOWAGER] Next time: 2018-01-02T14:00
2018-01-02T19:11:19.529: [SNOWAGER] Now: 2018-01-02T14:11:19.529
2018-01-02T19:11:20.915: [SNOWAGER] Visited: 2018-01-02T14:11:19.529
2018-01-02T19:11:20.917: [SNOWAGER] Return in: -0.19
2018-01-02T19:11:26.175: [FORGOTTEN_SHORE] Done.
2018-01-02T19:11:26.176: [COLTZANS_SHRINE] Done.
2018-01-02T19:11:26.177: [WISE_OLD_KING] Done.
2018-01-02T19:11:26.177: [TURMACULUS] Done.
2018-01-02T19:11:26.177: [LAB_RAY] Done.
2018-01-02T19:11:26.178: [EDNAS_QUEST] Done.
2018-01-02T19:11:26.178: [KITCHEN_QUEST] Done.
2018-01-02T19:11:27.62: [FOOD_CLUB] Done.
2018-01-02T19:11:28.875: [TRAINING_SCHOOL] Have to wait 137 minutes.
2018-01-02T19:11:28.877: [TDMGPOP] Done.
2018-01-02T19:11:32.901: [HEALING_SPRINGS] Healed :)
2018-01-02T19:11:32.902: [FISHING_VORTEX] Done.
2018-01-02T19:11:32.902: [FRUIT_MACHINE] Done.
2018-01-02T19:11:34.384: [COINCIDENCE] Have to wait 10 hours.
2018-01-02T19:11:37.039: [BURIED_TREASURE] Have to wait 22 minutes.
2018-01-02T19:11:37.039: [SNOWAGER] Next time: 2018-01-02T14:00
2018-01-02T19:11:37.04: [SNOWAGER] Now: 2018-01-02T14:11:37.039
2018-01-02T19:11:38.37: [SNOWAGER] Visited: 2018-01-02T14:11:37.039
2018-01-02T19:11:38.37: [SNOWAGER] Return in: -0.19
2018-01-02T19:11:43.106: [FORGOTTEN_SHORE] Done.
2018-01-02T19:11:43.106: [COLTZANS_SHRINE] Done.
2018-01-02T19:11:43.107: [WISE_OLD_KING] Done.
2018-01-02T19:11:43.107: [TURMACULUS] Done.
2018-01-02T19:11:43.108: [LAB_RAY] Done.
2018-01-02T19:11:43.108: [EDNAS_QUEST] Done.
2018-01-02T19:11:43.109: [KITCHEN_QUEST] Done.
2018-01-02T19:11:44.426: [FOOD_CLUB] Done.
2018-01-02T19:11:45.86: [TRAINING_SCHOOL] Have to wait 137 minutes.
2018-01-02T19:11:45.861: [TDMGPOP] Done.
2018-01-02T19:11:49.479: [HEALING_SPRINGS] Healed :)
2018-01-02T19:11:49.48: [FISHING_VORTEX] Done.
2018-01-02T19:11:49.48: [FRUIT_MACHINE] Done.
2018-01-02T19:11:50.554: [COINCIDENCE] Have to wait 10 hours.
2018-01-02T19:11:52.487: [BURIED_TREASURE] Have to wait 21 minutes.
2018-01-02T19:11:52.487: [SNOWAGER] Next time: 2018-01-02T14:00
2018-01-02T19:11:52.488: [SNOWAGER] Now: 2018-01-02T14:11:52.487
2018-01-02T19:11:53.925: [SNOWAGER] Visited: 2018-01-02T14:11:52.487
2018-01-02T19:11:53.927: [SNOWAGER] Return in: -0.20
2018-01-02T19:11:59.346: [FORGOTTEN_SHORE] Done.
2018-01-02T19:11:59.347: [COLTZANS_SHRINE] Done.
2018-01-02T19:11:59.347: [WISE_OLD_KING] Done.
2018-01-02T19:11:59.348: [TURMACULUS] Done.
2018-01-02T19:11:59.348: [LAB_RAY] Done.
2018-01-02T19:11:59.349: [EDNAS_QUEST] Done.
2018-01-02T19:11:59.349: [KITCHEN_QUEST] Done.
2018-01-02T19:12:00.709: [FOOD_CLUB] Done.
2018-01-02T19:12:01.93: [TRAINING_SCHOOL] Have to wait 137 minutes.
2018-01-02T19:12:01.931: [TDMGPOP] Done.
2018-01-02T19:12:05.989: [HEALING_SPRINGS] Healed :)
2018-01-02T19:12:05.99: [FISHING_VORTEX] Done.
2018-01-02T19:12:05.991: [FRUIT_MACHINE] Done.
2018-01-02T19:12:07.214: [COINCIDENCE] Have to wait 10 hours.
2018-01-02T19:12:09.379: [BURIED_TREASURE] Have to wait 21 minutes.
2018-01-02T19:12:09.379: [SNOWAGER] Next time: 2018-01-02T14:00
2018-01-02T19:12:09.38: [SNOWAGER] Now: 2018-01-02T14:12:09.379
2018-01-02T19:12:10.677: [SNOWAGER] Visited: 2018-01-02T14:12:09.379
2018-01-02T19:12:10.677: [SNOWAGER] Return in: -0.20
2018-01-02T19:12:15.461: [FORGOTTEN_SHORE] Done.
2018-01-02T19:12:15.462: [COLTZANS_SHRINE] Done.
2018-01-02T19:12:15.462: [WISE_OLD_KING] Done.
2018-01-02T19:12:15.463: [TURMACULUS] Done.
2018-01-02T19:12:15.463: [LAB_RAY] Done.
2018-01-02T19:12:15.464: [EDNAS_QUEST] Done.
2018-01-02T19:12:15.464: [KITCHEN_QUEST] Done.
2018-01-02T19:12:17.559: [FOOD_CLUB] Done.
2018-01-02T19:12:18.61: [TRAINING_SCHOOL] Have to wait 137 minutes.
2018-01-02T19:12:18.611: [TDMGPOP] Done.
2018-01-02T19:12:21.881: [HEALING_SPRINGS] Healed :)
2018-01-02T19:12:21.882: [FISHING_VORTEX] Done.
2018-01-02T19:12:21.882: [FRUIT_MACHINE] Done.
2018-01-02T19:12:22.985: [COINCIDENCE] Have to wait 10 hours.
2018-01-02T19:12:25.982: [BURIED_TREASURE] Have to wait 21 minutes.
2018-01-02T19:12:25.982: [SNOWAGER] Next time: 2018-01-02T14:00
2018-01-02T19:12:25.985: [SNOWAGER] Now: 2018-01-02T14:12:25.982
2018-01-02T19:12:27.294: [SNOWAGER] Visited: 2018-01-02T14:12:25.982
2018-01-02T19:12:27.295: [SNOWAGER] Return in: -0.21
2018-01-02T19:12:31.883: [FORGOTTEN_SHORE] Done.
2018-01-02T19:12:31.884: [COLTZANS_SHRINE] Done.
2018-01-02T19:12:31.884: [WISE_OLD_KING] Done.
2018-01-02T19:12:31.885: [TURMACULUS] Done.
2018-01-02T19:12:31.885: [LAB_RAY] Done.
2018-01-02T19:12:31.886: [EDNAS_QUEST] Done.
2018-01-02T19:12:31.886: [KITCHEN_QUEST] Done.
2018-01-02T19:12:33.132: [FOOD_CLUB] Done.
2018-01-02T19:12:34.123: [TRAINING_SCHOOL] Have to wait 136 minutes.
2018-01-02T19:12:34.123: [TDMGPOP] Done.
2018-01-02T19:12:37.63: [HEALING_SPRINGS] Healed :)
2018-01-02T19:12:37.631: [FISHING_VORTEX] Done.
2018-01-02T19:12:37.631: [FRUIT_MACHINE] Done.
2018-01-02T19:12:39.177: [COINCIDENCE] Have to wait 10 hours.
2018-01-02T19:12:41.421: [BURIED_TREASURE] Have to wait 21 minutes.
2018-01-02T19:12:41.422: [SNOWAGER] Next time: 2018-01-02T14:00
2018-01-02T19:12:41.423: [SNOWAGER] Now: 2018-01-02T14:12:41.422
2018-01-02T19:12:44.483: [SNOWAGER] Visited: 2018-01-02T14:12:41.422
2018-01-02T19:12:44.484: [SNOWAGER] Return in: -0.21
2018-01-02T19:12:56.068: [FORGOTTEN_SHORE] Done.
2018-01-02T19:12:56.069: [COLTZANS_SHRINE] Done.
2018-01-02T19:12:56.07: [WISE_OLD_KING] Done.
2018-01-02T19:12:56.07: [TURMACULUS] Done.
2018-01-02T19:12:56.07: [LAB_RAY] Done.
2018-01-02T19:12:56.071: [EDNAS_QUEST] Done.
2018-01-02T19:12:56.071: [KITCHEN_QUEST] Done.
2018-01-02T19:12:57.691: [FOOD_CLUB] Done.
2018-01-02T19:12:58.774: [TRAINING_SCHOOL] Have to wait 136 minutes.
2018-01-02T19:12:58.775: [TDMGPOP] Done.
2018-01-02T19:13:02.961: [HEALING_SPRINGS] Healed :)
2018-01-02T19:13:02.963: [FISHING_VORTEX] Done.
2018-01-02T19:13:02.963: [FRUIT_MACHINE] Done.
2018-01-02T19:13:04.105: [COINCIDENCE] Have to wait 10 hours.
2018-01-02T19:13:06.174: [BURIED_TREASURE] Have to wait 20 minutes.
2018-01-02T19:13:06.175: [SNOWAGER] Next time: 2018-01-02T14:00
2018-01-02T19:13:06.176: [SNOWAGER] Now: 2018-01-02T14:13:06.175
2018-01-02T19:13:07.566: [SNOWAGER] Visited: 2018-01-02T14:13:06.175
2018-01-02T19:13:07.566: [SNOWAGER] Return in: -0.22
2018-01-02T19:13:12.057: [FORGOTTEN_SHORE] Done.
2018-01-02T19:13:12.058: [COLTZANS_SHRINE] Done.
2018-01-02T19:13:12.058: [WISE_OLD_KING] Done.
2018-01-02T19:13:12.059: [TURMACULUS] Done.
2018-01-02T19:13:12.059: [LAB_RAY] Done.
2018-01-02T19:13:12.06: [EDNAS_QUEST] Done.
2018-01-02T19:13:12.06: [KITCHEN_QUEST] Done.
2018-01-02T19:13:14.235: [FOOD_CLUB] Done.
2018-01-02T19:13:15.201: [TRAINING_SCHOOL] Have to wait 136 minutes.
2018-01-02T19:13:15.201: [TDMGPOP] Done.
2018-01-02T19:13:19.111: [HEALING_SPRINGS] Healed :)
2018-01-02T19:13:19.113: [FISHING_VORTEX] Done.
2018-01-02T19:13:19.114: [FRUIT_MACHINE] Done.
2018-01-02T19:13:20.226: [COINCIDENCE] Have to wait 10 hours.
2018-01-02T19:13:22.254: [BURIED_TREASURE] Have to wait 20 minutes.
2018-01-02T19:13:22.255: [SNOWAGER] Next time: 2018-01-02T14:00
2018-01-02T19:13:22.255: [SNOWAGER] Now: 2018-01-02T14:13:22.255
2018-01-02T19:13:23.56: [SNOWAGER] Visited: 2018-01-02T14:13:22.255
2018-01-02T19:13:23.561: [SNOWAGER] Return in: -0.22
2018-01-02T19:13:27.947: [FORGOTTEN_SHORE] Done.
2018-01-02T19:13:27.948: [COLTZANS_SHRINE] Done.
2018-01-02T19:13:27.948: [WISE_OLD_KING] Done.
2018-01-02T19:13:27.949: [TURMACULUS] Done.
2018-01-02T19:13:27.949: [LAB_RAY] Done.
2018-01-02T19:13:27.95: [EDNAS_QUEST] Done.
2018-01-02T19:13:27.95: [KITCHEN_QUEST] Done.
2018-01-02T19:13:29.251: [FOOD_CLUB] Done.
2018-01-02T19:13:30.492: [TRAINING_SCHOOL] Have to wait 135 minutes.
2018-01-02T19:13:30.493: [TDMGPOP] Done.
2018-01-02T19:13:35.114: [HEALING_SPRINGS] Healed :)
2018-01-02T19:13:35.115: [FISHING_VORTEX] Done.
2018-01-02T19:13:35.117: [FRUIT_MACHINE] Done.
2018-01-02T19:13:36.866: [COINCIDENCE] Have to wait 10 hours.
2018-01-02T19:13:38.888: [BURIED_TREASURE] Have to wait 20 minutes.
2018-01-02T19:13:38.889: [SNOWAGER] Next time: 2018-01-02T14:00
2018-01-02T19:13:38.89: [SNOWAGER] Now: 2018-01-02T14:13:38.889
2018-01-02T19:13:40.337: [SNOWAGER] Visited: 2018-01-02T14:13:38.889
2018-01-02T19:13:40.338: [SNOWAGER] Return in: -0.23
2018-01-02T20:31:30.39: [DAILIES] Sleeping 2.000 minutes.
2018-01-02T20:31:35.532: [FORGOTTEN_SHORE] Done.
2018-01-02T20:31:35.534: [COLTZANS_SHRINE] Done.
2018-01-02T20:31:35.535: [WISE_OLD_KING] Done.
2018-01-02T20:31:35.537: [TURMACULUS] Done.
2018-01-02T20:31:35.538: [LAB_RAY] Done.
2018-01-02T20:31:35.54: [EDNAS_QUEST] Done.
2018-01-02T20:31:35.542: [KITCHEN_QUEST] Done.
2018-01-02T20:31:36.817: [FOOD_CLUB] Done.
2018-01-02T20:31:37.881: [TRAINING_SCHOOL] Have to wait 57 minutes.
2018-01-02T20:31:37.883: [TDMGPOP] Done.
2018-01-02T20:31:43.329: [HEALING_SPRINGS] Healed :)
2018-01-02T20:31:43.33: [FISHING_VORTEX] Done.
2018-01-02T20:31:43.331: [FRUIT_MACHINE] Done.
2018-01-02T20:31:44.663: [COINCIDENCE] Have to wait 8 hours.
2018-01-02T20:31:47.947: [BURIED_TREASURE] Played (392, 401).
2018-01-02T20:31:47.951: [SNOWAGER] Next time: 2018-01-02T22:00
2018-01-02T20:31:47.952: [SNOWAGER] Now: 2018-01-02T15:31:47.948
2018-01-02T20:31:47.953: [SNOWAGER] Return in: 6.47
2018-01-02T20:32:40.382: [DAILIES] Sleeping 2.000 minutes.
2018-01-02T20:32:45.062: [FORGOTTEN_SHORE] Done.
2018-01-02T20:32:45.063: [COLTZANS_SHRINE] Done.
2018-01-02T20:32:45.065: [WISE_OLD_KING] Done.
2018-01-02T20:32:45.066: [TURMACULUS] Done.
2018-01-02T20:32:45.068: [LAB_RAY] Done.
2018-01-02T20:32:45.07: [EDNAS_QUEST] Done.
2018-01-02T20:32:45.072: [KITCHEN_QUEST] Done.
2018-01-02T20:32:46.444: [FOOD_CLUB] Done.
2018-01-02T20:32:47.457: [TRAINING_SCHOOL] Have to wait 56 minutes.
2018-01-02T20:32:47.458: [TDMGPOP] Done.
2018-01-02T20:32:51.001: [HEALING_SPRINGS] Healed :)
2018-01-02T20:32:51.003: [FISHING_VORTEX] Done.
2018-01-02T20:32:51.005: [FRUIT_MACHINE] Done.
2018-01-02T20:32:52.454: [COINCIDENCE] Have to wait 8 hours.
2018-01-02T20:32:54.346: [BURIED_TREASURE] Have to wait 179 minutes.
2018-01-02T20:32:54.35: [SNOWAGER] Next time: 2018-01-02T22:00
2018-01-02T20:32:54.351: [SNOWAGER] Now: 2018-01-02T15:32:54.348
2018-01-02T20:32:54.352: [SNOWAGER] Return in: 6.45
2018-01-02T20:34:47.248: [DAILIES] Sleeping 2.000 minutes.
2018-01-02T20:37:38.679: [DAILIES] Sleeping 2.000 minutes.
2018-01-02T20:39:09.066: [DAILIES] Sleeping 2.000 minutes.
2018-01-02T20:43:44.428: [FORGOTTEN_SHORE] Done.
2018-01-02T20:43:44.43: [COLTZANS_SHRINE] Done.
2018-01-02T20:43:44.431: [WISE_OLD_KING] Done.
2018-01-02T20:43:44.433: [TURMACULUS] Done.
2018-01-02T20:43:44.434: [LAB_RAY] Done.
2018-01-02T20:43:44.436: [EDNAS_QUEST] Done.
2018-01-02T20:43:44.437: [KITCHEN_QUEST] Done.
2018-01-02T20:43:45.659: [FOOD_CLUB] Done.
2018-01-02T20:43:46.648: [TRAINING_SCHOOL] Have to wait 45 minutes.
2018-01-02T20:43:46.649: [TDMGPOP] Done.
2018-01-02T20:43:50.461: [HEALING_SPRINGS] Healed :)
2018-01-02T20:43:50.463: [FISHING_VORTEX] Done.
2018-01-02T20:43:50.464: [FRUIT_MACHINE] Done.
2018-01-02T20:43:51.886: [COINCIDENCE] Have to wait 8 hours.
2018-01-02T20:43:53.989: [BURIED_TREASURE] Have to wait 168 minutes.
2018-01-02T20:43:53.994: [SNOWAGER] Next time: 2018-01-02T22:00
2018-01-02T20:43:53.995: [SNOWAGER] Now: 2018-01-02T15:43:53.990
2018-01-02T20:43:53.996: [SNOWAGER] Return in: 6.27
2018-01-02T21:02:30.227: [DAILIES] Sleeping 2.000 minutes.
2018-01-02T21:02:56.567: [FORGOTTEN_SHORE] Done.
2018-01-02T21:02:56.568: [COLTZANS_SHRINE] Done.
2018-01-02T21:02:56.569: [WISE_OLD_KING] Done.
2018-01-02T21:02:56.571: [TURMACULUS] Done.
2018-01-02T21:02:56.572: [LAB_RAY] Done.
2018-01-02T21:02:56.574: [EDNAS_QUEST] Done.
2018-01-02T21:02:56.575: [KITCHEN_QUEST] Done.
2018-01-02T21:02:57.926: [FOOD_CLUB] Done.
2018-01-02T21:02:59.102: [TRAINING_SCHOOL] Have to wait 26 minutes.
2018-01-02T21:02:59.103: [TDMGPOP] Done.
2018-01-02T21:03:02.458: [HEALING_SPRINGS] Healed :)
2018-01-02T21:03:02.46: [FISHING_VORTEX] Done.
2018-01-02T21:03:02.462: [FRUIT_MACHINE] Done.
2018-01-02T21:03:03.623: [COINCIDENCE] Have to wait 8 hours.
2018-01-02T21:03:06.83: [BURIED_TREASURE] Have to wait 149 minutes.
2018-01-02T21:03:06.835: [SNOWAGER] Next time: 2018-01-02T22:00
2018-01-02T21:03:06.836: [SNOWAGER] Now: 2018-01-02T16:03:06.832
2018-01-02T21:03:06.836: [SNOWAGER] Return in: 5.95 hours.
2018-01-02T21:29:14.14: [TRAINING_SCHOOL] CompletedStatus
2018-01-02T21:29:14.797: [TRAINING_SCHOOL] StatIncrease [statType=DEFENCE, amount=1]
2018-01-02T21:29:15.86: [TRAINING_SCHOOL] NoneStatus
2018-01-02T21:29:20.939: [TRAINING_SCHOOL] PendingPayStatus
2018-01-02T21:29:20.94: [TRAINING_SCHOOL] Needed: [Vo Codestone, Vo Codestone, Bri Codestone]
2018-01-02T21:29:20.943: [SHOP_WIZARD] Finding: Vo Codestone
2018-01-02T21:29:27.673: [SHOP_WIZARD] Finding: Vo Codestone
2018-01-02T21:29:33.723: [SHOP_WIZARD] Finding: Bri Codestone
2018-01-02T21:29:42.682: [SHOP_WIZARD] Buying: Item [name=Vo Codestone, price=Optional.empty, amount=1]
2018-01-02T21:29:42.683: [SHOP_WIZARD] Buying item: ShopItem [Item [name=Vo Codestone, price=Optional[6900], amount=1], link=/browseshop.phtml?owner=curlysue_04&buy_obj_info_id=7461&buy_cost_neopoints=6900]
2018-01-02T21:30:16.759: [FORGOTTEN_SHORE] Done.
2018-01-02T21:30:16.759: [COLTZANS_SHRINE] Done.
2018-01-02T21:30:16.76: [WISE_OLD_KING] Done.
2018-01-02T21:30:16.76: [TURMACULUS] Done.
2018-01-02T21:30:16.761: [LAB_RAY] Done.
2018-01-02T21:30:16.761: [EDNAS_QUEST] Done.
2018-01-02T21:30:16.762: [KITCHEN_QUEST] Done.
2018-01-02T21:30:19.292: [FOOD_CLUB] Done.
2018-01-02T21:30:20.382: [TRAINING_SCHOOL] PendingPayStatus
2018-01-02T21:30:20.383: [TRAINING_SCHOOL] Needed: [Vo Codestone, Vo Codestone, Bri Codestone]
2018-01-02T21:30:20.384: [SHOP_WIZARD] Finding: Vo Codestone
2018-01-02T21:30:26.362: [SHOP_WIZARD] Finding: Vo Codestone
2018-01-02T21:30:31.912: [SHOP_WIZARD] Finding: Bri Codestone
2018-01-02T21:30:37.717: [SHOP_WIZARD] Buying: Item [name=Vo Codestone, price=Optional.empty, amount=1]
2018-01-02T21:30:37.717: [SHOP_WIZARD] Buying item: ShopItem [Item [name=Vo Codestone, price=Optional[7000], amount=1], link=/browseshop.phtml?owner=ruby_du&buy_obj_info_id=7461&buy_cost_neopoints=7000]
2018-01-02T21:30:42.464: [SHOP_WIZARD] Buying: Item [name=Bri Codestone, price=Optional.empty, amount=1]
2018-01-02T21:30:42.465: [SHOP_WIZARD] Buying item: ShopItem [Item [name=Bri Codestone, price=Optional[3200], amount=1], link=/browseshop.phtml?owner=_alexkitty_&buy_obj_info_id=7467&buy_cost_neopoints=3200]
2018-01-02T21:30:47.111: [SHOP_WIZARD] Buying: Item [name=Vo Codestone, price=Optional.empty, amount=1]
2018-01-02T21:30:47.112: [SHOP_WIZARD] Buying item: ShopItem [Item [name=Vo Codestone, price=Optional[6900], amount=1], link=/browseshop.phtml?owner=vanessarulz123456&buy_obj_info_id=7461&buy_cost_neopoints=6900]
2018-01-02T21:30:50.415: [TRAINING_SCHOOL] Bought all.
2018-01-02T21:30:53.359: [TRAINING_SCHOOL] Started training.
2018-01-02T21:30:54.509: [TRAINING_SCHOOL] Have to wait 240 minutes.
2018-01-02T21:30:54.509: [TDMGPOP] Done.
2018-01-02T21:31:00.195: [HEALING_SPRINGS] Healed :)
2018-01-02T21:31:00.196: [FISHING_VORTEX] Done.
2018-01-02T21:31:00.197: [FRUIT_MACHINE] Done.
2018-01-02T21:31:02.637: [COINCIDENCE] Have to wait 7 hours.
2018-01-02T21:31:04.721: [BURIED_TREASURE] Have to wait 121 minutes.
2018-01-02T21:31:04.722: [SNOWAGER] Next time: 2018-01-02T22:00
2018-01-02T21:31:04.722: [SNOWAGER] Now: 2018-01-02T16:31:04.722
2018-01-02T21:31:04.723: [SNOWAGER] Return in: 5.48 hours.
2018-01-02T23:32:13.333: [BURIED_TREASURE] Played (392, 401).
2018-01-03T04:56:11.69: [DAILIES] Sleeping 2.000 minutes.
2018-01-03T04:56:46.772: [FORGOTTEN_SHORE] Done.
2018-01-03T04:56:46.773: [COLTZANS_SHRINE] Done.
2018-01-03T04:56:46.775: [WISE_OLD_KING] Done.
2018-01-03T04:56:46.777: [TURMACULUS] Done.
2018-01-03T04:56:46.779: [LAB_RAY] Done.
2018-01-03T04:56:46.781: [EDNAS_QUEST] Done.
2018-01-03T04:56:46.783: [KITCHEN_QUEST] Done.
2018-01-03T04:56:48.168: [FOOD_CLUB] Done.
2018-01-03T04:56:49.327: [TRAINING_SCHOOL] CompletedStatus
2018-01-03T04:56:49.933: [TRAINING_SCHOOL] StatIncrease [statType=DEFENCE, amount=1]
2018-01-03T04:56:51.103: [TRAINING_SCHOOL] NoneStatus
2018-01-03T04:56:54.815: [TRAINING_SCHOOL] PendingPayStatus
2018-01-03T04:56:54.816: [TRAINING_SCHOOL] Needed: [Main Codestone, Bri Codestone, Tai-Kai Codestone]
2018-01-03T04:56:54.82: [SHOP_WIZARD] Finding: Main Codestone
2018-01-03T04:56:59.092: [SHOP_WIZARD] Finding: Bri Codestone
2018-01-03T04:57:03.56: [SHOP_WIZARD] Finding: Tai-Kai Codestone
2018-01-03T04:57:08.176: [SHOP_WIZARD] Buying: Item [name=Main Codestone, price=Optional.empty, amount=1]
2018-01-03T04:57:08.177: [SHOP_WIZARD] Buying item: ShopItem [Item [name=Main Codestone, price=Optional[2794], amount=1], link=/browseshop.phtml?owner=xamorei&buy_obj_info_id=7463&buy_cost_neopoints=2794]
2018-01-03T04:57:11.241: [SHOP_WIZARD] Buying: Item [name=Tai-Kai Codestone, price=Optional.empty, amount=1]
2018-01-03T04:57:11.242: [SHOP_WIZARD] Buying item: ShopItem [Item [name=Tai-Kai Codestone, price=Optional[2222], amount=1], link=/browseshop.phtml?owner=darkmasterof12&buy_obj_info_id=7459&buy_cost_neopoints=2222]
2018-01-03T04:57:57.079: [FORGOTTEN_SHORE] Done.
2018-01-03T04:57:57.08: [COLTZANS_SHRINE] Done.
2018-01-03T04:57:57.081: [WISE_OLD_KING] Done.
2018-01-03T04:57:57.082: [TURMACULUS] Done.
2018-01-03T04:57:57.083: [LAB_RAY] Done.
2018-01-03T04:57:57.084: [EDNAS_QUEST] Done.
2018-01-03T04:57:57.084: [KITCHEN_QUEST] Done.
2018-01-03T04:57:58.791: [FOOD_CLUB] Done.
2018-01-03T04:57:59.843: [TRAINING_SCHOOL] PendingPayStatus
2018-01-03T04:57:59.843: [TRAINING_SCHOOL] Needed: [Main Codestone, Bri Codestone, Tai-Kai Codestone]
2018-01-03T04:57:59.844: [SHOP_WIZARD] Finding: Main Codestone
2018-01-03T04:58:04.374: [SHOP_WIZARD] Finding: Bri Codestone
2018-01-03T04:58:09.094: [SHOP_WIZARD] Finding: Tai-Kai Codestone
2018-01-03T04:58:14.543: [SHOP_WIZARD] Buying: Item [name=Bri Codestone, price=Optional.empty, amount=1]
2018-01-03T04:58:14.544: [SHOP_WIZARD] Buying item: ShopItem [Item [name=Bri Codestone, price=Optional[3295], amount=1], link=/browseshop.phtml?owner=jay007_&buy_obj_info_id=7467&buy_cost_neopoints=3295]
2018-01-03T04:58:17.998: [SHOP_WIZARD] Buying: Item [name=Main Codestone, price=Optional.empty, amount=1]
2018-01-03T04:58:17.999: [SHOP_WIZARD] Buying item: ShopItem [Item [name=Main Codestone, price=Optional[2800], amount=1], link=/browseshop.phtml?owner=loupie25&buy_obj_info_id=7463&buy_cost_neopoints=2800]
2018-01-03T04:59:00.278: [FORGOTTEN_SHORE] Done.
2018-01-03T04:59:00.279: [COLTZANS_SHRINE] Done.
2018-01-03T04:59:00.28: [WISE_OLD_KING] Done.
2018-01-03T04:59:00.283: [TURMACULUS] Done.
2018-01-03T04:59:00.283: [LAB_RAY] Done.
2018-01-03T04:59:00.284: [EDNAS_QUEST] Done.
2018-01-03T04:59:00.285: [KITCHEN_QUEST] Done.
2018-01-03T04:59:01.56: [FOOD_CLUB] Done.
2018-01-03T04:59:02.523: [TRAINING_SCHOOL] PendingPayStatus
2018-01-03T04:59:02.524: [TRAINING_SCHOOL] Needed: [Main Codestone, Bri Codestone, Tai-Kai Codestone]
2018-01-03T04:59:02.525: [SHOP_WIZARD] Finding: Main Codestone
2018-01-03T04:59:06.55: [SHOP_WIZARD] Finding: Bri Codestone
2018-01-03T04:59:11.121: [SHOP_WIZARD] Finding: Tai-Kai Codestone
2018-01-03T04:59:15.033: [SHOP_WIZARD] Buying: Item [name=Main Codestone, price=Optional.empty, amount=1]
2018-01-03T04:59:15.034: [SHOP_WIZARD] Buying item: ShopItem [Item [name=Main Codestone, price=Optional[2850], amount=1], link=/browseshop.phtml?owner=erika_1998_101&buy_obj_info_id=7463&buy_cost_neopoints=2850]
2018-01-03T04:59:19.296: [SHOP_WIZARD] Buying: Item [name=Tai-Kai Codestone, price=Optional.empty, amount=1]
2018-01-03T04:59:19.297: [SHOP_WIZARD] Buying item: ShopItem [Item [name=Tai-Kai Codestone, price=Optional[2222], amount=1], link=/browseshop.phtml?owner=darkmasterof12&buy_obj_info_id=7459&buy_cost_neopoints=2222]
2018-01-03T04:59:22.029: [SHOP_WIZARD] Buying: Item [name=Bri Codestone, price=Optional.empty, amount=1]
2018-01-03T04:59:22.03: [SHOP_WIZARD] Buying item: ShopItem [Item [name=Bri Codestone, price=Optional[3124], amount=1], link=/browseshop.phtml?owner=tomatereloco&buy_obj_info_id=7467&buy_cost_neopoints=3124]
2018-01-03T04:59:23.948: [TRAINING_SCHOOL] Bought all.
2018-01-03T04:59:25.585: [TRAINING_SCHOOL] Started training.
2018-01-03T04:59:26.559: [TRAINING_SCHOOL] PendingPayStatus
2018-01-03T04:59:26.559: [TRAINING_SCHOOL] Needed: [Bri Codestone]
2018-01-03T04:59:26.56: [SHOP_WIZARD] Finding: Bri Codestone
2018-01-03T04:59:30.467: [SHOP_WIZARD] Buying: Item [name=Bri Codestone, price=Optional.empty, amount=1]
2018-01-03T04:59:30.468: [SHOP_WIZARD] Buying item: ShopItem [Item [name=Bri Codestone, price=Optional[3300], amount=1], link=/browseshop.phtml?owner=xxpoison_stitchesxx&buy_obj_info_id=7467&buy_cost_neopoints=3300]
2018-01-03T04:59:35.942: [TRAINING_SCHOOL] Bought all.
2018-01-03T04:59:37.711: [TRAINING_SCHOOL] Started training.
2018-01-03T04:59:38.741: [TRAINING_SCHOOL] Have to wait 240 minutes.
2018-01-03T04:59:38.742: [TDMGPOP] Done.
2018-01-03T04:59:43.441: [HEALING_SPRINGS] Healed :)
2018-01-03T04:59:43.443: [FISHING_VORTEX] Done.
2018-01-03T04:59:43.444: [FRUIT_MACHINE] Done.
2018-01-03T04:59:44.646: [COINCIDENCE] Have to wait 0 hours.
2018-01-03T04:59:47.897: [BURIED_TREASURE] Played (392, 401).
2018-01-03T04:59:47.904: [SNOWAGER] Next time: 2018-01-03T06:00
2018-01-03T04:59:47.905: [SNOWAGER] Now: 2018-01-02T23:59:47.901
2018-01-03T04:59:47.906: [SNOWAGER] Return in: 6.00 hours.
2018-01-03T05:00:14.001: [COINCIDENCE] NoneStatus
2018-01-03T05:00:14.001: [COINCIDENCE] Asked new quest.
2018-01-03T05:00:17.745: [COINCIDENCE] PendingPayStatus
2018-01-03T05:00:17.746: [COINCIDENCE] Needed: [Item [name=Yellow Snowball, price=Optional.empty, amount=2], Item [name=Peach Snowball, price=Optional.empty, amount=2], Item [name=Rocky Ocean Background, price=Optional.empty, amount=1]]
2018-01-03T05:00:17.747: [SHOP_WIZARD] Finding: Yellow Snowball
2018-01-03T05:00:22.527: [SHOP_WIZARD] Finding: Peach Snowball
2018-01-03T05:00:30.213: [SHOP_WIZARD] Finding: Rocky Ocean Background
2018-01-03T05:00:36.193: [SHOP_WIZARD] Total cost: 1115, max cost: 5000.
2018-01-03T05:00:36.194: [SHOP_WIZARD] Buying: Item [name=Yellow Snowball, price=Optional.empty, amount=2]
2018-01-03T05:00:36.195: [SHOP_WIZARD] Buying item: ShopItem [Item [name=Yellow Snowball, price=Optional[35], amount=1], link=/browseshop.phtml?owner=dana_1900&buy_obj_info_id=8425&buy_cost_neopoints=35]
2018-01-03T05:00:40.363: [SHOP_WIZARD] Buying item: ShopItem [Item [name=Yellow Snowball, price=Optional[35], amount=1], link=/browseshop.phtml?owner=dana_1900&buy_obj_info_id=8425&buy_cost_neopoints=35]
2018-01-03T05:00:45.882: [SHOP_WIZARD] Buying: Item [name=Peach Snowball, price=Optional.empty, amount=2]
2018-01-03T05:00:45.883: [SHOP_WIZARD] Buying item: ShopItem [Item [name=Peach Snowball, price=Optional[100], amount=1], link=/browseshop.phtml?owner=baconisgood956&buy_obj_info_id=8426&buy_cost_neopoints=100]
2018-01-03T05:00:49.364: [SHOP_WIZARD] Buying item: ShopItem [Item [name=Peach Snowball, price=Optional[100], amount=1], link=/browseshop.phtml?owner=badaddoman&buy_obj_info_id=8426&buy_cost_neopoints=100]
2018-01-03T05:00:52.442: [SHOP_WIZARD] Buying: Item [name=Rocky Ocean Background, price=Optional.empty, amount=1]
2018-01-03T05:00:52.443: [SHOP_WIZARD] Buying item: ShopItem [Item [name=Rocky Ocean Background, price=Optional[845], amount=1], link=/browseshop.phtml?owner=bluelilacia&buy_obj_info_id=52078&buy_cost_neopoints=845]
2018-01-03T05:01:00.875: [COINCIDENCE] CompletedStatus
2018-01-03T05:01:00.876: [COINCIDENCE] Gave items :)
2018-01-03T05:01:03.544: [COINCIDENCE] Have to wait 24 hours.
2018-01-03T14:53:29.091: [DAILIES] Sleeping 2.000 minutes.
2018-01-03T14:53:55.3: [FORGOTTEN_SHORE] Retrieved :)
2018-01-03T14:53:55.318: [FORGOTTEN_SHORE] Done.
2018-01-03T14:53:57.346: [COLTZANS_SHRINE] Visited :)
2018-01-03T14:54:00.762: [WISE_OLD_KING] Done.
2018-01-03T14:54:02.277: [TURMACULUS] Next time: 2018-01-03T02:00
2018-01-03T14:54:02.278: [TURMACULUS] Now: 2018-01-03T09:54:02.277
2018-01-03T14:54:02.279: [TURMACULUS] Done.
2018-01-03T14:54:05.247: [LAB_RAY] Done.
2018-01-03T14:54:06.246: [EDNAS_QUEST] Dish name: Glowing Egg of Lenny Frazzling
2018-01-03T14:54:07.332: [EDNAS_QUEST] Items: Bori Cheese Sandwich, Snot Kite
2018-01-03T14:54:07.335: [SHOP_WIZARD] Finding: Bori Cheese Sandwich
2018-01-03T14:54:12.76: [SHOP_WIZARD] Finding: Snot Kite
2018-01-03T14:54:17.312: [SHOP_WIZARD] Total cost: 2400, max cost: 2500.
2018-01-03T14:54:17.314: [SHOP_WIZARD] Buying: Item [name=Snot Kite, price=Optional.empty, amount=1]
2018-01-03T14:54:17.314: [SHOP_WIZARD] Buying item: ShopItem [Item [name=Snot Kite, price=Optional[800], amount=1], link=/browseshop.phtml?owner=medoosah&buy_obj_info_id=33035&buy_cost_neopoints=800]
2018-01-03T14:54:20.759: [SHOP_WIZARD] Buying: Item [name=Bori Cheese Sandwich, price=Optional.empty, amount=1]
2018-01-03T14:54:20.761: [SHOP_WIZARD] Buying item: ShopItem [Item [name=Bori Cheese Sandwich, price=Optional[1600], amount=1], link=/browseshop.phtml?owner=starlightshores&buy_obj_info_id=46511&buy_cost_neopoints=1600]
2018-01-03T14:54:30.503: [KITCHEN_QUEST] Dish name: Stuffed Cress with Spicy Sprouts
2018-01-03T14:54:31.98: [KITCHEN_QUEST] Items: Fish Pop, Banana Moehog Cake, Minty Iced Tea
2018-01-03T14:54:31.981: [SHOP_WIZARD] Finding: Fish Pop
2018-01-03T14:54:36.021: [SHOP_WIZARD] Finding: Banana Moehog Cake
2018-01-03T14:54:42.566: [SHOP_WIZARD] Finding: Minty Iced Tea
2018-01-03T14:54:47.354: [SHOP_WIZARD] Total cost: 2500, max cost: 4000.
2018-01-03T14:54:47.356: [SHOP_WIZARD] Buying: Item [name=Minty Iced Tea, price=Optional.empty, amount=1]
2018-01-03T14:54:47.356: [SHOP_WIZARD] Buying item: ShopItem [Item [name=Minty Iced Tea, price=Optional[1690], amount=1], link=/browseshop.phtml?owner=shaun_brat&buy_obj_info_id=37665&buy_cost_neopoints=1690]
2018-01-03T14:54:51.456: [SHOP_WIZARD] Buying: Item [name=Fish Pop, price=Optional.empty, amount=1]
2018-01-03T14:54:51.457: [SHOP_WIZARD] Buying item: ShopItem [Item [name=Fish Pop, price=Optional[160], amount=1], link=/browseshop.phtml?owner=verycool_&buy_obj_info_id=4625&buy_cost_neopoints=160]
2018-01-03T14:54:54.515: [SHOP_WIZARD] Buying: Item [name=Banana Moehog Cake, price=Optional.empty, amount=1]
2018-01-03T14:54:54.516: [SHOP_WIZARD] Buying item: ShopItem [Item [name=Banana Moehog Cake, price=Optional[650], amount=1], link=/browseshop.phtml?owner=makin_da_name_2chat&buy_obj_info_id=32235&buy_cost_neopoints=650]
2018-01-03T14:55:02.457: [FOOD_CLUB] Today: 2018-01-03 Lefty's: 2018-01-03
2018-01-03T14:55:03.735: [FOOD_CLUB] [matches[]=1, winner1=11, winner2=, matches[]=3, winner3=19, winner4=, winner5=, bet_amount=9184, total_odds=26:1, winnings=238784, type=bet]
2018-01-03T14:55:06.566: [FOOD_CLUB] [matches[]=1, winner1=5, winner2=, matches[]=3, winner3=19, matches[]=4, winner4=1, winner5=, bet_amount=9184, total_odds=24:1, winnings=220416, type=bet]
2018-01-03T14:55:08.651: [FOOD_CLUB] [matches[]=1, winner1=15, winner2=, matches[]=3, winner3=9, winner4=, winner5=, bet_amount=9184, total_odds=26:1, winnings=238784, type=bet]
2018-01-03T14:55:10.76: [FOOD_CLUB] [matches[]=1, winner1=15, winner2=, matches[]=3, winner3=3, winner4=, matches[]=5, winner5=17, bet_amount=9184, total_odds=16:1, winnings=146944, type=bet]
2018-01-03T14:55:13.381: [FOOD_CLUB] [matches[]=1, winner1=15, winner2=, matches[]=3, winner3=19, winner4=, matches[]=5, winner5=8, bet_amount=9184, total_odds=24:1, winnings=220416, type=bet]
2018-01-03T14:55:16.15: [FOOD_CLUB] [matches[]=1, winner1=15, winner2=, matches[]=3, winner3=19, winner4=, matches[]=5, winner5=16, bet_amount=9184, total_odds=28:1, winnings=257152, type=bet]
2018-01-03T14:55:18.346: [FOOD_CLUB] [matches[]=1, winner1=15, matches[]=2, winner2=6, matches[]=3, winner3=19, winner4=, matches[]=5, winner5=17, bet_amount=9184, total_odds=56:1, winnings=514304, type=bet]
2018-01-03T14:55:20.565: [FOOD_CLUB] [matches[]=1, winner1=15, matches[]=2, winner2=14, matches[]=3, winner3=19, winner4=, matches[]=5, winner5=17, bet_amount=9184, total_odds=24:1, winnings=220416, type=bet]
2018-01-03T14:55:22.951: [FOOD_CLUB] [matches[]=1, winner1=15, matches[]=2, winner2=13, matches[]=3, winner3=19, winner4=, matches[]=5, winner5=17, bet_amount=9184, total_odds=16:1, winnings=146944, type=bet]
2018-01-03T14:55:25.13: [FOOD_CLUB] [matches[]=1, winner1=5, winner2=, matches[]=3, winner3=19, matches[]=4, winner4=20, winner5=, bet_amount=9184, total_odds=24:1, winnings=220416, type=bet]
2018-01-03T14:55:27.721: [FOOD_CLUB] Done :D
2018-01-03T14:55:27.722: [FOOD_CLUB] Done.
2018-01-03T14:55:28.786: [TRAINING_SCHOOL] CompletedStatus
2018-01-03T14:55:29.708: [TRAINING_SCHOOL] StatIncrease [statType=DEFENCE, amount=1]
2018-01-03T14:55:32.202: [TRAINING_SCHOOL] NoneStatus
2018-01-03T14:55:36.634: [TRAINING_SCHOOL] PendingPayStatus
2018-01-03T14:55:36.648: [TRAINING_SCHOOL] Needed: [Lu Codestone, Zei Codestone, Bri Codestone]
2018-01-03T14:55:36.648: [SHOP_WIZARD] Finding: Lu Codestone
2018-01-03T14:55:41.295: [SHOP_WIZARD] Finding: Zei Codestone
2018-01-03T14:55:45.544: [SHOP_WIZARD] Finding: Bri Codestone
2018-01-03T14:55:51.014: [SHOP_WIZARD] Buying: Item [name=Zei Codestone, price=Optional.empty, amount=1]
2018-01-03T14:55:51.015: [SHOP_WIZARD] Buying item: ShopItem [Item [name=Zei Codestone, price=Optional[7150], amount=1], link=/browseshop.phtml?owner=beccyfairbank&buy_obj_info_id=7464&buy_cost_neopoints=7150]
2018-01-03T14:55:54.386: [SHOP_WIZARD] Buying: Item [name=Bri Codestone, price=Optional.empty, amount=1]
2018-01-03T14:55:54.386: [SHOP_WIZARD] Buying item: ShopItem [Item [name=Bri Codestone, price=Optional[2900], amount=1], link=/browseshop.phtml?owner=jsaka989&buy_obj_info_id=7467&buy_cost_neopoints=2900]
2018-01-03T14:55:57.625: [SHOP_WIZARD] Buying: Item [name=Lu Codestone, price=Optional.empty, amount=1]
2018-01-03T14:55:57.626: [SHOP_WIZARD] Buying item: ShopItem [Item [name=Lu Codestone, price=Optional[7100], amount=1], link=/browseshop.phtml?owner=ha_yun22&buy_obj_info_id=7460&buy_cost_neopoints=7100]
2018-01-03T14:55:59.757: [TRAINING_SCHOOL] Bought all.
2018-01-03T14:56:01.599: [TRAINING_SCHOOL] Started training.
2018-01-03T14:56:02.763: [TRAINING_SCHOOL] PendingPayStatus
2018-01-03T14:56:02.764: [TRAINING_SCHOOL] Needed: [Lu Codestone]
2018-01-03T14:56:02.764: [SHOP_WIZARD] Finding: Lu Codestone
2018-01-03T14:56:07.865: [SHOP_WIZARD] Buying: Item [name=Lu Codestone, price=Optional.empty, amount=1]
2018-01-03T14:56:07.866: [SHOP_WIZARD] Buying item: ShopItem [Item [name=Lu Codestone, price=Optional[7100], amount=1], link=/browseshop.phtml?owner=koolinha&buy_obj_info_id=7460&buy_cost_neopoints=7100]
2018-01-03T14:56:10.682: [TRAINING_SCHOOL] Bought all.
2018-01-03T14:56:12.631: [TRAINING_SCHOOL] Started training.
2018-01-03T14:56:13.623: [TRAINING_SCHOOL] Have to wait 240 minutes.
2018-01-03T14:56:16.393: [TDMGPOP] Talked to plushie.
2018-01-03T14:56:16.394: [TDMGPOP] Done.
2018-01-03T14:56:21.374: [HEALING_SPRINGS] Healed :)
2018-01-03T14:56:23.677: [FISHING_VORTEX] Fished :)
2018-01-03T14:56:25.643: [FRUIT_MACHINE] Spinned fruit machine.
2018-01-03T14:56:25.644: [FRUIT_MACHINE] Done.
2018-01-03T14:56:26.808: [COINCIDENCE] Have to wait 14 hours.
2018-01-03T14:56:30.262: [BURIED_TREASURE] Played (392, 401).
2018-01-03T14:56:30.265: [SNOWAGER] Next time: 2018-01-03T14:00
2018-01-03T14:56:30.265: [SNOWAGER] Now: 2018-01-03T09:56:30.263
2018-01-03T14:56:30.266: [SNOWAGER] Return in: 4.06 hours.
2018-01-03T14:56:55.654: [EDNAS_QUEST] Dish name: Glowing Wand of Negg Shrinking
2018-01-03T14:56:57.923: [EDNAS_QUEST] Items: Vandagyre Girl Folk Dancer Shoes
2018-01-03T14:56:57.925: [SHOP_WIZARD] Finding: Vandagyre Girl Folk Dancer Shoes
2018-01-03T14:57:06.546: [SHOP_WIZARD] Total cost: 30, max cost: 1500.
2018-01-03T14:57:06.546: [SHOP_WIZARD] Buying: Item [name=Vandagyre Girl Folk Dancer Shoes, price=Optional.empty, amount=1]
2018-01-03T14:57:06.547: [SHOP_WIZARD] Buying item: ShopItem [Item [name=Vandagyre Girl Folk Dancer Shoes, price=Optional[30], amount=1], link=/browseshop.phtml?owner=cloi3_2&buy_obj_info_id=73374&buy_cost_neopoints=30]
2018-01-03T14:57:17.065: [KITCHEN_QUEST] Dish name: Spiced Eyeballs and Spicy Sprouts
2018-01-03T14:57:18.133: [KITCHEN_QUEST] Items: Milk Chocolate Usul, Orange Roll, Glowing Pretzel
2018-01-03T14:57:18.134: [SHOP_WIZARD] Finding: Milk Chocolate Usul
2018-01-03T14:57:25.521: [SHOP_WIZARD] Finding: Orange Roll
2018-01-03T14:57:32.185: [SHOP_WIZARD] Finding: Glowing Pretzel
2018-01-03T14:57:39.645: [SHOP_WIZARD] Total cost: 3524, max cost: 4000.
2018-01-03T14:57:39.646: [SHOP_WIZARD] Buying: Item [name=Orange Roll, price=Optional.empty, amount=1]
2018-01-03T14:57:39.649: [SHOP_WIZARD] Buying item: ShopItem [Item [name=Orange Roll, price=Optional[550], amount=1], link=/browseshop.phtml?owner=critters274&buy_obj_info_id=9803&buy_cost_neopoints=550]
2018-01-03T14:57:42.353: [SHOP_WIZARD] Buying: Item [name=Glowing Pretzel, price=Optional.empty, amount=1]
2018-01-03T14:57:42.353: [SHOP_WIZARD] Buying item: ShopItem [Item [name=Glowing Pretzel, price=Optional[1299], amount=1], link=/browseshop.phtml?owner=pearl12388&buy_obj_info_id=31863&buy_cost_neopoints=1299]
2018-01-03T14:57:46.895: [SHOP_WIZARD] Buying: Item [name=Milk Chocolate Usul, price=Optional.empty, amount=1]
2018-01-03T14:57:46.896: [SHOP_WIZARD] Buying item: ShopItem [Item [name=Milk Chocolate Usul, price=Optional[1675], amount=1], link=/browseshop.phtml?owner=spookykook&buy_obj_info_id=632&buy_cost_neopoints=1675]
2018-01-03T14:58:14.864: [EDNAS_QUEST] Dish name: Glowing Spell of Techo Frazzling
2018-01-03T14:58:15.874: [EDNAS_QUEST] Items: Tako Taco, Count von Roo Bouncy Ball, Pegleg Wax
2018-01-03T14:58:15.874: [SHOP_WIZARD] Finding: Tako Taco
2018-01-03T14:58:20.083: [SHOP_WIZARD] Finding: Count von Roo Bouncy Ball
2018-01-03T14:58:23.81: [SHOP_WIZARD] Finding: Pegleg Wax
2018-01-03T14:58:33.557: [SHOP_WIZARD] Total cost: 3355, max cost: 5000.
2018-01-03T14:58:33.558: [SHOP_WIZARD] Buying: Item [name=Count von Roo Bouncy Ball, price=Optional.empty, amount=1]
2018-01-03T14:58:33.558: [SHOP_WIZARD] Buying item: ShopItem [Item [name=Count von Roo Bouncy Ball, price=Optional[1800], amount=1], link=/browseshop.phtml?owner=1darkknight&buy_obj_info_id=47278&buy_cost_neopoints=1800]
2018-01-03T14:58:36.951: [SHOP_WIZARD] Buying: Item [name=Tako Taco, price=Optional.empty, amount=1]
2018-01-03T14:58:36.952: [SHOP_WIZARD] Buying item: ShopItem [Item [name=Tako Taco, price=Optional[1450], amount=1], link=/browseshop.phtml?owner=mystikal_angel99&buy_obj_info_id=37681&buy_cost_neopoints=1450]
2018-01-03T14:58:41.606: [SHOP_WIZARD] Buying: Item [name=Pegleg Wax, price=Optional.empty, amount=1]
2018-01-03T14:58:41.607: [SHOP_WIZARD] Buying item: ShopItem [Item [name=Pegleg Wax, price=Optional[105], amount=1], link=/browseshop.phtml?owner=aneises_2&buy_obj_info_id=48203&buy_cost_neopoints=105]
2018-01-03T14:58:48.164: [KITCHEN_QUEST] Dish name: Spiced Seaweed with Mustard Pancakes
2018-01-03T14:58:49.145: [KITCHEN_QUEST] Items: Ham, Cheesy Baked Apple Core, Small Islandberry Smoothie, Vanilla Ruki Cookie
2018-01-03T14:58:49.146: [SHOP_WIZARD] Finding: Ham
2018-01-03T14:58:55.417: [SHOP_WIZARD] Finding: Cheesy Baked Apple Core
2018-01-03T14:58:59.356: [SHOP_WIZARD] Finding: Small Islandberry Smoothie
2018-01-03T14:59:03.477: [SHOP_WIZARD] Finding: Vanilla Ruki Cookie
2018-01-03T14:59:08.427: [SHOP_WIZARD] Total cost: 3485, max cost: 4000.
2018-01-03T14:59:08.428: [SHOP_WIZARD] Buying: Item [name=Small Islandberry Smoothie, price=Optional.empty, amount=1]
2018-01-03T14:59:08.428: [SHOP_WIZARD] Buying item: ShopItem [Item [name=Small Islandberry Smoothie, price=Optional[835], amount=1], link=/browseshop.phtml?owner=m90850&buy_obj_info_id=34389&buy_cost_neopoints=835]
2018-01-03T14:59:11.398: [SHOP_WIZARD] Buying: Item [name=Ham, price=Optional.empty, amount=1]
2018-01-03T14:59:11.399: [SHOP_WIZARD] Buying item: ShopItem [Item [name=Ham, price=Optional[450], amount=1], link=/browseshop.phtml?owner=mjondaniel&buy_obj_info_id=1420&buy_cost_neopoints=450]
2018-01-03T14:59:14.46: [SHOP_WIZARD] Buying: Item [name=Vanilla Ruki Cookie, price=Optional.empty, amount=1]
2018-01-03T14:59:14.461: [SHOP_WIZARD] Buying item: ShopItem [Item [name=Vanilla Ruki Cookie, price=Optional[500], amount=1], link=/browseshop.phtml?owner=zerociipher&buy_obj_info_id=47229&buy_cost_neopoints=500]
2018-01-03T14:59:17.22: [SHOP_WIZARD] Buying: Item [name=Cheesy Baked Apple Core, price=Optional.empty, amount=1]
2018-01-03T14:59:17.22: [SHOP_WIZARD] Buying item: ShopItem [Item [name=Cheesy Baked Apple Core, price=Optional[1700], amount=1], link=/browseshop.phtml?owner=kanesha1388&buy_obj_info_id=17560&buy_cost_neopoints=1700]
2018-01-03T14:59:42.415: [EDNAS_QUEST] Dish name: Magic Potion of Jetsam Transforming
2018-01-03T14:59:43.435: [EDNAS_QUEST] Items: Lavender Perfume, Turmac Roll Yo-Yo, Sandy Bubble Bath
2018-01-03T14:59:43.437: [SHOP_WIZARD] Finding: Lavender Perfume
2018-01-03T14:59:47.517: [SHOP_WIZARD] Finding: Turmac Roll Yo-Yo
2018-01-03T14:59:52.078: [SHOP_WIZARD] Finding: Sandy Bubble Bath
2018-01-03T14:59:56.997: [SHOP_WIZARD] Total cost: 5095, max cost: 5000.
2018-01-03T14:59:57.007: [SHOP_WIZARD] Too expensive :/
2018-01-03T14:59:57.008: [EDNAS_QUEST] Done.
2018-01-03T14:59:57.996: [KITCHEN_QUEST] Dish name: Runny Seaweed with Fishy Tortillas
2018-01-03T14:59:59.015: [KITCHEN_QUEST] Items: Fyora Faerie Straw, Purple Fizzy Gravel, Banana Blumaroo Waffles
2018-01-03T14:59:59.017: [SHOP_WIZARD] Finding: Fyora Faerie Straw
2018-01-03T15:00:04.448: [SHOP_WIZARD] Finding: Purple Fizzy Gravel
2018-01-03T15:00:08.294: [SHOP_WIZARD] Finding: Banana Blumaroo Waffles
2018-01-03T15:00:14.809: [SHOP_WIZARD] Total cost: 2355, max cost: 4000.
2018-01-03T15:00:14.81: [SHOP_WIZARD] Buying: Item [name=Purple Fizzy Gravel, price=Optional.empty, amount=1]
2018-01-03T15:00:14.81: [SHOP_WIZARD] Buying item: ShopItem [Item [name=Purple Fizzy Gravel, price=Optional[1000], amount=1], link=/browseshop.phtml?owner=hufflebunny&buy_obj_info_id=42056&buy_cost_neopoints=1000]
2018-01-03T15:00:19.906: [SHOP_WIZARD] Buying: Item [name=Banana Blumaroo Waffles, price=Optional.empty, amount=1]
2018-01-03T15:00:19.907: [SHOP_WIZARD] Buying item: ShopItem [Item [name=Banana Blumaroo Waffles, price=Optional[155], amount=1], link=/browseshop.phtml?owner=new_wve_rdio&buy_obj_info_id=47261&buy_cost_neopoints=155]
2018-01-03T15:00:23.612: [SHOP_WIZARD] Buying: Item [name=Fyora Faerie Straw, price=Optional.empty, amount=1]
2018-01-03T15:00:23.613: [SHOP_WIZARD] Buying item: ShopItem [Item [name=Fyora Faerie Straw, price=Optional[1200], amount=1], link=/browseshop.phtml?owner=tj_luv_jargon200089&buy_obj_info_id=37028&buy_cost_neopoints=1200]
2018-01-03T15:01:25.235: [FORGOTTEN_SHORE] Done.
2018-01-03T15:01:25.236: [COLTZANS_SHRINE] Done.
2018-01-03T15:01:25.236: [WISE_OLD_KING] Done.
2018-01-03T15:01:26.709: [TURMACULUS] Next time: 2018-01-03T02:00
2018-01-03T15:01:26.71: [TURMACULUS] Now: 2018-01-03T10:01:26.709
2018-01-03T15:01:26.71: [TURMACULUS] Done.
2018-01-03T15:01:26.711: [LAB_RAY] Done.
2018-01-03T15:01:27.728: [EDNAS_QUEST] Items: Lavender Perfume, Turmac Roll Yo-Yo, Sandy Bubble Bath
2018-01-03T15:01:27.731: [SHOP_WIZARD] Finding: Lavender Perfume
2018-01-03T15:01:31.69: [SHOP_WIZARD] Finding: Turmac Roll Yo-Yo
2018-01-03T15:01:35.691: [SHOP_WIZARD] Finding: Sandy Bubble Bath
2018-01-03T15:01:39.288: [SHOP_WIZARD] Total cost: 6000, max cost: 5000.
2018-01-03T15:01:39.289: [SHOP_WIZARD] Too expensive :/
2018-01-03T15:01:39.29: [EDNAS_QUEST] Done.
2018-01-03T15:01:40.658: [KITCHEN_QUEST] Items: Fyora Faerie Straw, Purple Fizzy Gravel, Banana Blumaroo Waffles
2018-01-03T15:01:40.659: [SHOP_WIZARD] Finding: Fyora Faerie Straw
2018-01-03T15:01:45.379: [SHOP_WIZARD] Finding: Purple Fizzy Gravel
2018-01-03T15:01:49.59: [SHOP_WIZARD] Finding: Banana Blumaroo Waffles
2018-01-03T15:01:54.999: [SHOP_WIZARD] Total cost: 2214, max cost: 4000.
2018-01-03T15:01:55: [SHOP_WIZARD] Buying: Item [name=Banana Blumaroo Waffles, price=Optional.empty, amount=1]
2018-01-03T15:01:55.001: [SHOP_WIZARD] Buying item: ShopItem [Item [name=Banana Blumaroo Waffles, price=Optional[174], amount=1], link=/browseshop.phtml?owner=dinkyschmo&buy_obj_info_id=47261&buy_cost_neopoints=174]
2018-01-03T15:01:58.619: [SHOP_WIZARD] Buying: Item [name=Fyora Faerie Straw, price=Optional.empty, amount=1]
2018-01-03T15:01:58.62: [SHOP_WIZARD] Buying item: ShopItem [Item [name=Fyora Faerie Straw, price=Optional[1240], amount=1], link=/browseshop.phtml?owner=kitty_kat_66&buy_obj_info_id=37028&buy_cost_neopoints=1240]
2018-01-03T15:02:02.233: [SHOP_WIZARD] Buying: Item [name=Purple Fizzy Gravel, price=Optional.empty, amount=1]
2018-01-03T15:02:02.234: [SHOP_WIZARD] Buying item: ShopItem [Item [name=Purple Fizzy Gravel, price=Optional[800], amount=1], link=/browseshop.phtml?owner=jack_a_mole&buy_obj_info_id=42056&buy_cost_neopoints=800]
2018-01-03T15:02:10.146: [FOOD_CLUB] Done.
2018-01-03T15:02:11.418: [TRAINING_SCHOOL] Have to wait 234 minutes.
2018-01-03T15:02:11.42: [TDMGPOP] Done.
2018-01-03T15:02:15.802: [HEALING_SPRINGS] Healed :)
2018-01-03T15:02:15.802: [FISHING_VORTEX] Done.
2018-01-03T15:02:15.803: [FRUIT_MACHINE] Done.
2018-01-03T15:02:16.973: [COINCIDENCE] Have to wait 14 hours.
2018-01-03T15:02:18.99: [BURIED_TREASURE] Have to wait 174 minutes.
2018-01-03T15:02:18.991: [SNOWAGER] Next time: 2018-01-03T14:00
2018-01-03T15:02:18.993: [SNOWAGER] Now: 2018-01-03T10:02:18.991
2018-01-03T15:02:18.993: [SNOWAGER] Return in: 3.96 hours.
2018-01-03T15:02:41.327: [KITCHEN_QUEST] Dish name: Spiced Cress with Mustard Omelettes
2018-01-03T15:02:42.587: [KITCHEN_QUEST] Items: Hot Chocolate Dip, Tako Taco, Air Faerie Cookie Sandwich
2018-01-03T15:02:42.588: [SHOP_WIZARD] Finding: Hot Chocolate Dip
2018-01-03T15:02:48.071: [SHOP_WIZARD] Finding: Tako Taco
2018-01-03T15:02:53.01: [SHOP_WIZARD] Finding: Air Faerie Cookie Sandwich
2018-01-03T15:02:58.385: [SHOP_WIZARD] Total cost: 6395, max cost: 4000.
2018-01-03T15:02:58.386: [SHOP_WIZARD] Too expensive :/
2018-01-03T15:02:58.386: [KITCHEN_QUEST] Done.
2018-01-03T15:18:59.594: [DAILIES] Sleeping 2.000 minutes.
2018-01-03T15:19:27.596: [FORGOTTEN_SHORE] Done.
2018-01-03T15:19:27.599: [COLTZANS_SHRINE] Done.
2018-01-03T15:19:27.603: [WISE_OLD_KING] Done.
2018-01-03T15:19:29.205: [TURMACULUS] Next time: 2018-01-03T02:00
2018-01-03T15:19:29.206: [TURMACULUS] Now: 2018-01-03T10:19:29.205
2018-01-03T15:19:29.207: [TURMACULUS] Done.
2018-01-03T15:19:29.209: [LAB_RAY] Done.
2018-01-03T15:19:30.533: [EDNAS_QUEST] Items: Lavender Perfume, Turmac Roll Yo-Yo, Sandy Bubble Bath
2018-01-03T15:19:30.535: [SHOP_WIZARD] Finding: Lavender Perfume
2018-01-03T15:19:34.675: [SHOP_WIZARD] Finding: Turmac Roll Yo-Yo
2018-01-03T15:19:39.48: [SHOP_WIZARD] Finding: Sandy Bubble Bath
2018-01-03T15:19:43.294: [SHOP_WIZARD] Total cost: 7010, max cost: 5000.
2018-01-03T15:19:43.295: [SHOP_WIZARD] Too expensive :/
2018-01-03T15:19:43.296: [EDNAS_QUEST] Done.
2018-01-03T15:19:44.349: [KITCHEN_QUEST] Items: Hot Chocolate Dip, Tako Taco, Air Faerie Cookie Sandwich
2018-01-03T15:19:44.351: [SHOP_WIZARD] Finding: Hot Chocolate Dip
2018-01-03T15:19:49.489: [SHOP_WIZARD] Finding: Tako Taco
2018-01-03T15:19:54.56: [SHOP_WIZARD] Finding: Air Faerie Cookie Sandwich
2018-01-03T15:19:59.128: [SHOP_WIZARD] Total cost: 6500, max cost: 4000.
2018-01-03T15:19:59.128: [SHOP_WIZARD] Too expensive :/
2018-01-03T15:19:59.129: [KITCHEN_QUEST] Done.
2018-01-03T15:20:00.709: [FOOD_CLUB] Done.
2018-01-03T15:20:01.919: [TRAINING_SCHOOL] Have to wait 216 minutes.
2018-01-03T15:20:01.921: [TDMGPOP] Done.
2018-01-03T15:20:06.247: [HEALING_SPRINGS] Healed :)
2018-01-03T15:20:06.249: [FISHING_VORTEX] Done.
2018-01-03T15:20:06.25: [FRUIT_MACHINE] Done.
2018-01-03T15:20:07.361: [COINCIDENCE] Have to wait 14 hours.
2018-01-03T15:20:09.446: [BURIED_TREASURE] Have to wait 156 minutes.
2018-01-03T15:20:09.45: [SNOWAGER] Next time: 2018-01-03T14:00
2018-01-03T15:20:09.451: [SNOWAGER] Now: 2018-01-03T10:20:09.448
2018-01-03T15:20:09.452: [SNOWAGER] Return in: 3.66 hours.
2018-01-03T15:38:12.563: [DAILIES] Sleeping 2.000 minutes.
2018-01-03T15:38:31.128: [FORGOTTEN_SHORE] Done.
2018-01-03T15:38:31.13: [COLTZANS_SHRINE] Done.
2018-01-03T15:38:31.132: [WISE_OLD_KING] Done.
2018-01-03T15:38:32.666: [TURMACULUS] Next time: 2018-01-03T02:00
2018-01-03T15:38:32.667: [TURMACULUS] Now: 2018-01-03T10:38:32.666
2018-01-03T15:38:32.668: [TURMACULUS] Done.
2018-01-03T15:38:32.669: [LAB_RAY] Done.
2018-01-03T15:38:34.518: [EDNAS_QUEST] Items: Lavender Perfume, Turmac Roll Yo-Yo, Sandy Bubble Bath
2018-01-03T15:38:34.52: [SHOP_WIZARD] Finding: Lavender Perfume
2018-01-03T15:38:39.445: [SHOP_WIZARD] Finding: Turmac Roll Yo-Yo
2018-01-03T15:38:44.091: [SHOP_WIZARD] Finding: Sandy Bubble Bath
2018-01-03T15:38:48.744: [SHOP_WIZARD] Total cost: 5369, max cost: 5000.
2018-01-03T15:38:48.746: [SHOP_WIZARD] Too expensive :/
2018-01-03T15:38:48.747: [EDNAS_QUEST] Done.
2018-01-03T15:38:49.865: [KITCHEN_QUEST] Items: Hot Chocolate Dip, Tako Taco, Air Faerie Cookie Sandwich
2018-01-03T15:38:49.866: [SHOP_WIZARD] Finding: Hot Chocolate Dip
2018-01-03T15:38:59.227: [SHOP_WIZARD] Finding: Tako Taco
2018-01-03T15:39:04.185: [SHOP_WIZARD] Finding: Air Faerie Cookie Sandwich
2018-01-03T15:39:08.718: [SHOP_WIZARD] Total cost: 6620, max cost: 4000.
2018-01-03T15:39:08.719: [SHOP_WIZARD] Too expensive :/
2018-01-03T15:39:08.72: [KITCHEN_QUEST] Done.
2018-01-03T15:39:10.141: [FOOD_CLUB] Done.
2018-01-03T15:39:11.208: [TRAINING_SCHOOL] Have to wait 197 minutes.
2018-01-03T15:39:11.21: [TDMGPOP] Done.
2018-01-03T15:39:15.745: [HEALING_SPRINGS] Healed :)
2018-01-03T15:39:15.748: [FISHING_VORTEX] Done.
2018-01-03T15:39:15.75: [FRUIT_MACHINE] Done.
2018-01-03T15:39:17.179: [COINCIDENCE] Have to wait 13 hours.
2018-01-03T15:39:19.344: [BURIED_TREASURE] Have to wait 137 minutes.
2018-01-03T15:39:19.348: [SNOWAGER] Next time: 2018-01-03T14:00
2018-01-03T15:39:19.349: [SNOWAGER] Now: 2018-01-03T10:39:19.346
2018-01-03T15:39:19.349: [SNOWAGER] Return in: 3.34 hours.
2018-01-03T17:56:27.718: [BURIED_TREASURE] Played (392, 401).
2018-01-03T18:56:38.415: [TRAINING_SCHOOL] CompletedStatus
2018-01-03T18:56:39.263: [TRAINING_SCHOOL] StatIncrease [statType=DEFENCE, amount=1]
2018-01-03T18:56:40.498: [TRAINING_SCHOOL] NoneStatus
2018-01-03T18:56:44.576: [TRAINING_SCHOOL] PendingPayStatus
2018-01-03T18:56:44.577: [TRAINING_SCHOOL] Needed: [Lu Codestone, Mau Codestone, Eo Codestone]
2018-01-03T18:56:44.577: [SHOP_WIZARD] Finding: Lu Codestone
2018-01-03T18:56:48.585: [SHOP_WIZARD] Finding: Mau Codestone
2018-01-03T18:56:53.143: [SHOP_WIZARD] Finding: Eo Codestone
2018-01-03T18:56:58.655: [SHOP_WIZARD] Buying: Item [name=Eo Codestone, price=Optional.empty, amount=1]
2018-01-03T18:56:58.655: [SHOP_WIZARD] Buying item: ShopItem [Item [name=Eo Codestone, price=Optional[18300], amount=1], link=/browseshop.phtml?owner=ninjallama56&buy_obj_info_id=7462&buy_cost_neopoints=18300]
2018-01-03T18:57:02.891: [SHOP_WIZARD] Buying: Item [name=Lu Codestone, price=Optional.empty, amount=1]
2018-01-03T18:57:02.892: [SHOP_WIZARD] Buying item: ShopItem [Item [name=Lu Codestone, price=Optional[7249], amount=1], link=/browseshop.phtml?owner=sephis&buy_obj_info_id=7460&buy_cost_neopoints=7249]
2018-01-03T18:57:06.127: [SHOP_WIZARD] Buying: Item [name=Mau Codestone, price=Optional.empty, amount=1]
2018-01-03T18:57:06.128: [SHOP_WIZARD] Buying item: ShopItem [Item [name=Mau Codestone, price=Optional[2994], amount=1], link=/browseshop.phtml?owner=sephis&buy_obj_info_id=7458&buy_cost_neopoints=2994]
2018-01-03T18:57:09.407: [TRAINING_SCHOOL] Bought all.
2018-01-03T18:57:11.389: [TRAINING_SCHOOL] Started training.
2018-01-03T18:57:12.458: [TRAINING_SCHOOL] Have to wait 240 minutes.
2018-01-03T19:00:57.726: [SNOWAGER] Next time: 2018-01-03T14:00
2018-01-03T19:00:57.727: [SNOWAGER] Now: 2018-01-03T14:00:57.726
2018-01-03T19:00:59.178: [SNOWAGER] Visited: 2018-01-03T14:00:57.726
2018-01-03T19:00:59.179: [SNOWAGER] Return in: 7.98 hours.
2018-01-03T19:40:44.044: [FORGOTTEN_SHORE] Done.
2018-01-03T19:40:44.045: [COLTZANS_SHRINE] Done.
2018-01-03T19:40:44.046: [WISE_OLD_KING] Done.
2018-01-03T19:40:45.716: [TURMACULUS] Next time: 2018-01-03T02:00
2018-01-03T19:40:45.717: [TURMACULUS] Now: 2018-01-03T14:40:45.716
2018-01-03T19:40:45.718: [TURMACULUS] Done.
2018-01-03T19:40:45.718: [LAB_RAY] Done.
2018-01-03T19:41:05.764: [FORGOTTEN_SHORE] Done.
2018-01-03T19:41:05.765: [COLTZANS_SHRINE] Done.
2018-01-03T19:41:05.765: [WISE_OLD_KING] Done.
2018-01-03T19:41:07.219: [TURMACULUS] Next time: 2018-01-03T02:00
2018-01-03T19:41:07.22: [TURMACULUS] Now: 2018-01-03T14:41:07.219
2018-01-03T19:41:07.22: [TURMACULUS] Done.
2018-01-03T19:41:07.221: [LAB_RAY] Done.
2018-01-03T19:41:08.297: [EDNAS_QUEST] Dish name: Rainbow Spell of Cybunny Shrinking
2018-01-03T19:41:09.516: [EDNAS_QUEST] Items: Tigerbuggle Jacket Potato, Lawnmower
2018-01-03T19:41:09.517: [SHOP_WIZARD] Finding: Tigerbuggle Jacket Potato
2018-01-03T19:41:14.499: [SHOP_WIZARD] Finding: Lawnmower
2018-01-03T19:41:20.188: [SHOP_WIZARD] Total cost: 2899, max cost: 2500.
2018-01-03T19:41:20.189: [SHOP_WIZARD] Too expensive :/
2018-01-03T19:41:20.19: [EDNAS_QUEST] Done.
2018-01-03T19:41:42.596: [FORGOTTEN_SHORE] Done.
2018-01-03T19:41:42.597: [COLTZANS_SHRINE] Done.
2018-01-03T19:41:42.597: [WISE_OLD_KING] Done.
2018-01-03T19:41:44.617: [TURMACULUS] Next time: 2018-01-03T02:00
2018-01-03T19:41:44.618: [TURMACULUS] Now: 2018-01-03T14:41:44.617
2018-01-03T19:41:44.618: [TURMACULUS] Done.
2018-01-03T19:41:44.618: [LAB_RAY] Done.
2018-01-03T19:41:45.552: [EDNAS_QUEST] Items: Tigerbuggle Jacket Potato, Lawnmower
2018-01-03T19:41:45.553: [SHOP_WIZARD] Finding: Tigerbuggle Jacket Potato
2018-01-03T19:41:51.445: [SHOP_WIZARD] Finding: Lawnmower
2018-01-03T19:41:55.969: [SHOP_WIZARD] Total cost: 3799, max cost: 2500.
2018-01-03T19:41:55.97: [SHOP_WIZARD] Too expensive :/
2018-01-03T19:41:55.97: [EDNAS_QUEST] Done.
2018-01-03T19:41:57.367: [KITCHEN_QUEST] Dish name: Pureed Tomatoes and Custard Sprouts
2018-01-03T19:41:58.477: [KITCHEN_QUEST] Items: Vanilla Koi Biscuit, Aisha Riceball, Icy Onigiri
2018-01-03T19:41:58.478: [SHOP_WIZARD] Finding: Vanilla Koi Biscuit
2018-01-03T19:42:02.508: [SHOP_WIZARD] Finding: Aisha Riceball
2018-01-03T19:42:08.389: [SHOP_WIZARD] Finding: Icy Onigiri
2018-01-03T19:42:12.569: [SHOP_WIZARD] Total cost: 2202, max cost: 4000.
2018-01-03T19:42:12.57: [SHOP_WIZARD] Buying: Item [name=Vanilla Koi Biscuit, price=Optional.empty, amount=1]
2018-01-03T19:42:12.571: [SHOP_WIZARD] Buying item: ShopItem [Item [name=Vanilla Koi Biscuit, price=Optional[1700], amount=1], link=/browseshop.phtml?owner=rrow75&buy_obj_info_id=32320&buy_cost_neopoints=1700]
2018-01-03T19:42:16.072: [SHOP_WIZARD] Buying: Item [name=Aisha Riceball, price=Optional.empty, amount=1]
2018-01-03T19:42:16.074: [SHOP_WIZARD] Buying item: ShopItem [Item [name=Aisha Riceball, price=Optional[2], amount=1], link=/browseshop.phtml?owner=what_was_my_password&buy_obj_info_id=46626&buy_cost_neopoints=2]
2018-01-03T19:42:57.206: [FORGOTTEN_SHORE] Done.
2018-01-03T19:42:57.208: [COLTZANS_SHRINE] Done.
2018-01-03T19:42:57.209: [WISE_OLD_KING] Done.
2018-01-03T19:42:58.77: [TURMACULUS] Next time: 2018-01-03T02:00
2018-01-03T19:42:58.772: [TURMACULUS] Now: 2018-01-03T14:42:58.770
2018-01-03T19:42:58.773: [TURMACULUS] Done.
2018-01-03T19:42:58.773: [LAB_RAY] Done.
2018-01-03T19:42:59.739: [EDNAS_QUEST] Items: Tigerbuggle Jacket Potato, Lawnmower
2018-01-03T19:42:59.739: [SHOP_WIZARD] Finding: Tigerbuggle Jacket Potato
2018-01-03T19:43:04.62: [SHOP_WIZARD] Finding: Lawnmower
2018-01-03T19:43:12.45: [SHOP_WIZARD] Total cost: 3299, max cost: 2500.
2018-01-03T19:43:12.451: [SHOP_WIZARD] Too expensive :/
2018-01-03T19:43:12.452: [EDNAS_QUEST] Done.
2018-01-03T19:43:13.429: [KITCHEN_QUEST] Items: Vanilla Koi Biscuit, Aisha Riceball, Icy Onigiri
2018-01-03T19:43:13.429: [SHOP_WIZARD] Finding: Vanilla Koi Biscuit
2018-01-03T19:43:17.67: [SHOP_WIZARD] Finding: Aisha Riceball
2018-01-03T19:43:22.58: [SHOP_WIZARD] Finding: Icy Onigiri
2018-01-03T19:43:27.143: [SHOP_WIZARD] Total cost: 3022, max cost: 4000.
2018-01-03T19:43:27.144: [SHOP_WIZARD] Buying: Item [name=Icy Onigiri, price=Optional.empty, amount=1]
2018-01-03T19:43:27.144: [SHOP_WIZARD] Buying item: ShopItem [Item [name=Icy Onigiri, price=Optional[670], amount=1], link=/browseshop.phtml?owner=lrg_130396&buy_obj_info_id=48187&buy_cost_neopoints=670]
2018-01-03T19:43:30.84: [SHOP_WIZARD] Buying: Item [name=Aisha Riceball, price=Optional.empty, amount=1]
2018-01-03T19:43:30.841: [SHOP_WIZARD] Buying item: ShopItem [Item [name=Aisha Riceball, price=Optional[2], amount=1], link=/browseshop.phtml?owner=what_was_my_password&buy_obj_info_id=46626&buy_cost_neopoints=2]
2018-01-03T19:43:33.872: [SHOP_WIZARD] Buying: Item [name=Vanilla Koi Biscuit, price=Optional.empty, amount=1]
2018-01-03T19:43:33.873: [SHOP_WIZARD] Buying item: ShopItem [Item [name=Vanilla Koi Biscuit, price=Optional[2350], amount=1], link=/browseshop.phtml?owner=asuna_rayne&buy_obj_info_id=32320&buy_cost_neopoints=2350]
2018-01-03T19:43:41.413: [FOOD_CLUB] Done.
2018-01-03T19:43:42.54: [TRAINING_SCHOOL] Have to wait 193 minutes.
2018-01-03T19:43:42.541: [TDMGPOP] Done.
2018-01-03T19:43:46.947: [HEALING_SPRINGS] Healed :)
2018-01-03T19:43:46.949: [FISHING_VORTEX] Done.
2018-01-03T19:43:46.949: [FRUIT_MACHINE] Done.
2018-01-03T19:43:48.584: [COINCIDENCE] Have to wait 9 hours.
2018-01-03T19:43:55.279: [BURIED_TREASURE] Played (392, 401).
2018-01-03T19:43:55.28: [SNOWAGER] Next time: 2018-01-03T14:00
2018-01-03T19:43:55.28: [SNOWAGER] Now: 2018-01-03T14:43:55.280
2018-01-03T19:43:56.783: [SNOWAGER] Visited: 2018-01-03T14:43:55.280
2018-01-03T19:43:56.784: [SNOWAGER] Return in: 7.27 hours.
2018-01-03T19:44:14.586: [KITCHEN_QUEST] Done.
2018-01-03T22:57:45.337: [TRAINING_SCHOOL] CompletedStatus
2018-01-03T22:57:46.021: [TRAINING_SCHOOL] StatIncrease [statType=DEFENCE, amount=1]
2018-01-03T22:57:47.064: [TRAINING_SCHOOL] NoneStatus
2018-01-03T22:57:53.127: [TRAINING_SCHOOL] PendingPayStatus
2018-01-03T22:57:53.128: [TRAINING_SCHOOL] Needed: [Mau Codestone, Bri Codestone, Zei Codestone]
2018-01-03T22:57:53.128: [SHOP_WIZARD] Finding: Mau Codestone
2018-01-03T22:57:57.916: [SHOP_WIZARD] Finding: Bri Codestone
2018-01-03T22:58:03.175: [SHOP_WIZARD] Finding: Zei Codestone
2018-01-03T22:58:08.163: [SHOP_WIZARD] Buying: Item [name=Bri Codestone, price=Optional.empty, amount=1]
2018-01-03T22:58:08.164: [SHOP_WIZARD] Buying item: ShopItem [Item [name=Bri Codestone, price=Optional[2950], amount=1], link=/browseshop.phtml?owner=crystallee723&buy_obj_info_id=7467&buy_cost_neopoints=2950]
2018-01-03T22:58:11.627: [SHOP_WIZARD] Buying: Item [name=Zei Codestone, price=Optional.empty, amount=1]
2018-01-03T22:58:11.629: [SHOP_WIZARD] Buying item: ShopItem [Item [name=Zei Codestone, price=Optional[6884], amount=1], link=/browseshop.phtml?owner=sephis&buy_obj_info_id=7464&buy_cost_neopoints=6884]
2018-01-03T22:58:14.697: [SHOP_WIZARD] Buying: Item [name=Mau Codestone, price=Optional.empty, amount=1]
2018-01-03T22:58:14.698: [SHOP_WIZARD] Buying item: ShopItem [Item [name=Mau Codestone, price=Optional[2888], amount=1], link=/browseshop.phtml?owner=moranguinhosp_1&buy_obj_info_id=7458&buy_cost_neopoints=2888]
2018-01-03T22:58:17.393: [TRAINING_SCHOOL] Bought all.
2018-01-03T22:58:19.232: [TRAINING_SCHOOL] Started training.
2018-01-03T22:58:20.754: [TRAINING_SCHOOL] Have to wait 240 minutes.
2018-01-04T04:55:53.174: [DAILIES] Sleeping 2.000 minutes.
2018-01-04T04:56:29.117: [FORGOTTEN_SHORE] Done.
2018-01-04T04:56:29.119: [COLTZANS_SHRINE] Done.
2018-01-04T04:56:29.12: [WISE_OLD_KING] Done.
2018-01-04T04:56:30.514: [TURMACULUS] Next time: 2018-01-03T02:00
2018-01-04T04:56:30.515: [TURMACULUS] Now: 2018-01-03T23:56:30.514
2018-01-04T04:56:30.516: [TURMACULUS] Done.
2018-01-04T04:56:30.517: [LAB_RAY] Done.
2018-01-04T04:56:30.519: [EDNAS_QUEST] Done.
2018-01-04T04:56:30.521: [KITCHEN_QUEST] Done.
2018-01-04T04:56:31.76: [FOOD_CLUB] Done.
2018-01-04T04:56:32.93: [TRAINING_SCHOOL] CompletedStatus
2018-01-04T04:56:33.629: [TRAINING_SCHOOL] StatIncrease [statType=DEFENCE, amount=1]
2018-01-04T04:56:34.769: [TRAINING_SCHOOL] NoneStatus
2018-01-04T04:56:39.543: [TRAINING_SCHOOL] PendingPayStatus
2018-01-04T04:56:39.545: [TRAINING_SCHOOL] Needed: [Tai-Kai Codestone, Zei Codestone, Lu Codestone]
2018-01-04T04:56:39.547: [SHOP_WIZARD] Finding: Tai-Kai Codestone
2018-01-04T04:56:45.17: [SHOP_WIZARD] Finding: Zei Codestone
2018-01-04T04:56:51.675: [SHOP_WIZARD] Finding: Lu Codestone
2018-01-04T04:57:01.197: [SHOP_WIZARD] Buying: Item [name=Zei Codestone, price=Optional.empty, amount=1]
2018-01-04T04:57:01.199: [SHOP_WIZARD] Buying item: ShopItem [Item [name=Zei Codestone, price=Optional[6995], amount=1], link=/browseshop.phtml?owner=stardom75&buy_obj_info_id=7464&buy_cost_neopoints=6995]
2018-01-04T04:57:22.943: [FORGOTTEN_SHORE] Done.
2018-01-04T04:57:22.943: [COLTZANS_SHRINE] Done.
2018-01-04T04:57:22.944: [WISE_OLD_KING] Done.
2018-01-04T04:57:24.316: [TURMACULUS] Next time: 2018-01-03T02:00
2018-01-04T04:57:24.317: [TURMACULUS] Now: 2018-01-03T23:57:24.316
2018-01-04T04:57:24.318: [TURMACULUS] Done.
2018-01-04T04:57:24.319: [LAB_RAY] Done.
2018-01-04T04:57:24.32: [EDNAS_QUEST] Done.
2018-01-04T04:57:24.321: [KITCHEN_QUEST] Done.
2018-01-04T04:57:25.547: [FOOD_CLUB] Done.
2018-01-04T04:57:26.658: [TRAINING_SCHOOL] PendingPayStatus
2018-01-04T04:57:26.659: [TRAINING_SCHOOL] Needed: [Tai-Kai Codestone, Zei Codestone, Lu Codestone]
2018-01-04T04:57:26.659: [SHOP_WIZARD] Finding: Tai-Kai Codestone
2018-01-04T04:57:30.635: [SHOP_WIZARD] Finding: Zei Codestone
2018-01-04T04:57:38.019: [SHOP_WIZARD] Finding: Lu Codestone
2018-01-04T04:57:43.131: [SHOP_WIZARD] Buying: Item [name=Lu Codestone, price=Optional.empty, amount=1]
2018-01-04T04:57:43.131: [SHOP_WIZARD] Buying item: ShopItem [Item [name=Lu Codestone, price=Optional[7348], amount=1], link=/browseshop.phtml?owner=xamorei&buy_obj_info_id=7460&buy_cost_neopoints=7348]
2018-01-04T04:57:46.136: [SHOP_WIZARD] Buying: Item [name=Tai-Kai Codestone, price=Optional.empty, amount=1]
2018-01-04T04:57:46.137: [SHOP_WIZARD] Buying item: ShopItem [Item [name=Tai-Kai Codestone, price=Optional[2990], amount=1], link=/browseshop.phtml?owner=kn102392&buy_obj_info_id=7459&buy_cost_neopoints=2990]
2018-01-04T04:57:48.907: [SHOP_WIZARD] Buying: Item [name=Zei Codestone, price=Optional.empty, amount=1]
2018-01-04T04:57:48.908: [SHOP_WIZARD] Buying item: ShopItem [Item [name=Zei Codestone, price=Optional[7395], amount=1], link=/browseshop.phtml?owner=zeldalulu&buy_obj_info_id=7464&buy_cost_neopoints=7395]
2018-01-04T04:57:51.957: [TRAINING_SCHOOL] Bought all.
2018-01-04T04:57:56.012: [TRAINING_SCHOOL] Started training.
2018-01-04T04:58:06.646: [TRAINING_SCHOOL] Have to wait 240 minutes.
2018-01-04T04:58:06.648: [TDMGPOP] Done.
2018-01-04T04:58:13.921: [HEALING_SPRINGS] Healed :)
2018-01-04T04:58:13.923: [FISHING_VORTEX] Done.
2018-01-04T04:58:13.924: [FRUIT_MACHINE] Done.
2018-01-04T04:58:15.321: [COINCIDENCE] Have to wait 0 hours.
2018-01-04T04:58:18.455: [BURIED_TREASURE] Played (392, 401).
2018-01-04T04:58:18.461: [SNOWAGER] Next time: 2018-01-04T06:00
2018-01-04T04:58:18.462: [SNOWAGER] Now: 2018-01-03T23:58:18.457
2018-01-04T04:58:18.463: [SNOWAGER] Return in: 6.03 hours.
2018-01-04T05:01:27.288: [DAILIES] Sleeping 2.000 minutes.
2018-01-04T05:01:47.17: [FORGOTTEN_SHORE] Nothing to be found :/
2018-01-04T05:01:47.171: [FORGOTTEN_SHORE] Retrieved :)
2018-01-04T05:01:47.172: [FORGOTTEN_SHORE] Done.
2018-01-04T05:01:49.319: [COLTZANS_SHRINE] Visited :)
2018-01-04T05:01:51.607: [WISE_OLD_KING] Done.
2018-01-04T05:01:53.209: [TURMACULUS] Next time: 2018-01-03T02:00
2018-01-04T05:01:53.21: [TURMACULUS] Now: 2018-01-04T00:01:53.209
2018-01-04T05:01:53.213: [TURMACULUS] Done.
2018-01-04T05:01:56.623: [LAB_RAY] Done.
2018-01-04T05:02:26.83: [FORGOTTEN_SHORE] Done.
2018-01-04T05:02:26.831: [COLTZANS_SHRINE] Done.
2018-01-04T05:02:26.832: [WISE_OLD_KING] Done.
2018-01-04T05:02:26.833: [TURMACULUS] Done.
2018-01-04T05:02:26.834: [LAB_RAY] Done.
2018-01-04T05:02:28.002: [EDNAS_QUEST] Dish name: Magic Scroll of Techo Frazzling
2018-01-04T05:02:28.962: [EDNAS_QUEST] Items: Chokato Crisps, Lime Elixir
2018-01-04T05:02:28.965: [SHOP_WIZARD] Finding: Chokato Crisps
2018-01-04T05:02:42.076: [SHOP_WIZARD] Finding: Lime Elixir
2018-01-04T05:02:57.928: [SHOP_WIZARD] Total cost: 426, max cost: 2500.
2018-01-04T05:02:57.931: [SHOP_WIZARD] Buying: Item [name=Chokato Crisps, price=Optional.empty, amount=1]
2018-01-04T05:02:57.931: [SHOP_WIZARD] Buying item: ShopItem [Item [name=Chokato Crisps, price=Optional[425], amount=1], link=/browseshop.phtml?owner=emmetmatthew&buy_obj_info_id=26766&buy_cost_neopoints=425]
2018-01-04T05:03:01.765: [SHOP_WIZARD] Buying: Item [name=Lime Elixir, price=Optional.empty, amount=1]
2018-01-04T05:03:01.766: [SHOP_WIZARD] Buying item: ShopItem [Item [name=Lime Elixir, price=Optional[1], amount=1], link=/browseshop.phtml?owner=aganiii&buy_obj_info_id=9022&buy_cost_neopoints=1]
2018-01-04T05:03:08.531: [KITCHEN_QUEST] Dish name: Stuffed Cress with Mustard Pancakes
2018-01-04T05:03:18.201: [KITCHEN_QUEST] Items: Pink Rock Stick, Fruity Shaved Ice, Tetraberry Tea, Goparokko Meerca Tail Fruit Tape
2018-01-04T05:03:18.202: [SHOP_WIZARD] Finding: Pink Rock Stick
2018-01-04T05:04:04.401: [SHOP_WIZARD] Finding: Fruity Shaved Ice
2018-01-04T05:04:16.446: [SHOP_WIZARD] Finding: Tetraberry Tea
2018-01-04T05:04:25.951: [SHOP_WIZARD] Finding: Goparokko Meerca Tail Fruit Tape
2018-01-04T05:17:38.839: [DAILIES] Sleeping 2.000 minutes.
