 2018-01-02T16:09:13.499: [INVENTORY] Finding price for Frozen Raindorf
2018-01-02T16:09:18.308: [INVENTORY] Price for "Frozen Raindorf" is 50
2018-01-02T16:10:53.228: [INVENTORY] Finding price for Slime Sundae
2018-01-02T16:10:58.044: [INVENTORY] Price for "Slime Sundae" is 5
2018-01-02T16:11:48.175: [INVENTORY] Finding price for Slimesicle
2018-01-02T16:11:53.115: [INVENTORY] Price for "Slimesicle" is 1
2018-01-02T16:12:55.039: [INVENTORY] Finding price for Bat Cookie
2018-01-02T16:13:01.155: [INVENTORY] Price for "Bat Cookie" is 288
2018-01-02T19:04:09.567: [INVENTORY] Finding price for Squishy Brain Wrap
2018-01-02T19:04:14.375: [INVENTORY] Price for "Squishy Brain Wrap" is 55
2018-01-02T19:05:20.849: [INVENTORY] Finding price for Squishy Brain Wrap
2018-01-02T19:05:27.515: [INVENTORY] Price for "Squishy Brain Wrap" is 90
2018-01-03T04:57:16.22: [INVENTORY] Finding price for Main Codestone
2018-01-03T04:57:20.789: [INVENTORY] Price for "Main Codestone" is 2795
2018-01-03T04:58:20.683: [INVENTORY] Finding price for Bri Codestone
2018-01-03T04:58:25.461: [INVENTORY] Price for "Bri Codestone" is 3200
2018-01-03T14:56:36.553: [INVENTORY] Finding price for Almost Gummy Rat (Strawberry)
2018-01-03T14:56:40.995: [INVENTORY] Price for "Almost Gummy Rat (Strawberry)" is 20
2018-01-03T14:56:42.996: [INVENTORY] Finding price for Lesser Spotted Fish
2018-01-03T14:56:47.255: [INVENTORY] Price for "Lesser Spotted Fish" is 40
2018-01-03T14:58:02.009: [INVENTORY] Finding price for Clawmatoe
2018-01-03T14:58:06.706: [INVENTORY] Price for "Clawmatoe" is 999
2018-01-03T14:59:28.922: [INVENTORY] Finding price for Pumpkin Cookies
2018-01-03T14:59:34.007: [INVENTORY] Price for "Pumpkin Cookies" is 1000
2018-01-03T15:00:26.321: [INVENTORY] Finding price for Banana Blumaroo Waffles
2018-01-03T15:00:33.8: [INVENTORY] Price for "Banana Blumaroo Waffles" is 174
2018-01-03T15:00:35.8: [INVENTORY] Finding price for Purple Fizzy Gravel
2018-01-03T15:00:40.372: [INVENTORY] Price for "Purple Fizzy Gravel" is 800
2018-01-03T15:02:25.355: [INVENTORY] Finding price for Chocolate Tart
2018-01-03T15:02:31.729: [INVENTORY] Price for "Chocolate Tart" is 3999
2018-01-03T19:42:18.565: [INVENTORY] Finding price for Vanilla Koi Biscuit
2018-01-03T19:42:24.429: [INVENTORY] Price for "Vanilla Koi Biscuit" is 2350
2018-01-03T19:44:02.994: [INVENTORY] Finding price for Pineapple Juice
2018-01-03T19:44:07.87: [INVENTORY] Price for "Pineapple Juice" is 1290
2018-01-04T05:17:40.087: [INVENTORY] Finding price for Mashed Eye Potato
2018-01-04T05:17:48.55: [INVENTORY] Price for "Mashed Eye Potato" is 1000
2018-04-23T15:02:14.694: [INVENTORY] Organizing...
2018-04-23T15:02:14.718: [INVENTORY] Getting items...
2018-04-23T15:03:42.731: [INVENTORY] Organizing...
2018-04-23T15:03:42.733: [INVENTORY] Getting items...
2018-04-23T15:03:49.276: [INVENTORY] No items.
2018-04-23T15:09:53.644: [INVENTORY] Organizing...
2018-04-23T15:09:53.657: [INVENTORY] Getting items...
2018-04-23T15:09:57.273: [INVENTORY] No items.
2018-04-23T15:11:23.029: [INVENTORY] Organizing...
2018-04-23T15:11:23.031: [INVENTORY] Getting items...
2018-04-23T15:11:26.633: [INVENTORY] Items: {Stone Shield=[InventoryItem [Item [name=Stone Shield, price=Optional.empty, amount=1], isBlocked=false]], Wooden Practice Shield=[InventoryItem [Item [name=Wooden Practice Shield, price=Optional.empty, amount=1], isBlocked=false]], Weak Bottled Air Faerie=[InventoryItem [Item [name=Weak Bottled Air Faerie, price=Optional.empty, amount=1], isBlocked=false]], Darigan Spectre Stamp=[InventoryItem [Item [name=Darigan Spectre Stamp, price=Optional.empty, amount=1], isBlocked=true]], Lesser Spotted Fish=[InventoryItem [Item [name=Lesser Spotted Fish, price=Optional.empty, amount=1], isBlocked=false]], Healing Potion VI=[InventoryItem [Item [name=Healing Potion VI, price=Optional.empty, amount=1], isBlocked=false]], Green Neocola Token=[InventoryItem [Item [name=Green Neocola Token, price=Optional.empty, amount=1], isBlocked=false]], Water Muffin=[InventoryItem [Item [name=Water Muffin, price=Optional.empty, amount=1], isBlocked=false]], Jacques Stamp=[InventoryItem [Item [name=Jacques Stamp, price=Optional.empty, amount=1], isBlocked=true]], The Three Stamp=[InventoryItem [Item [name=The Three Stamp, price=Optional.empty, amount=1], isBlocked=true]], Stone Stamp=[InventoryItem [Item [name=Stone Stamp, price=Optional.empty, amount=1], isBlocked=true]], Rainbow Sticky Hand Stamp=[InventoryItem [Item [name=Rainbow Sticky Hand Stamp, price=Optional.empty, amount=1], isBlocked=true]]}
2018-04-23T15:11:26.639: [INVENTORY] Finding price for Stone Shield
2018-04-23T15:34:12.186: [INVENTORY] Organizing...
2018-04-23T15:34:12.189: [INVENTORY] Getting items...
2018-04-23T15:34:19.836: [INVENTORY] Items: {Stone Shield=[InventoryItem [Item [name=Stone Shield, price=Optional.empty, amount=1], isBlocked=false]], Wooden Practice Shield=[InventoryItem [Item [name=Wooden Practice Shield, price=Optional.empty, amount=1], isBlocked=false]], Weak Bottled Air Faerie=[InventoryItem [Item [name=Weak Bottled Air Faerie, price=Optional.empty, amount=1], isBlocked=false]], Darigan Spectre Stamp=[InventoryItem [Item [name=Darigan Spectre Stamp, price=Optional.empty, amount=1], isBlocked=true]], Lesser Spotted Fish=[InventoryItem [Item [name=Lesser Spotted Fish, price=Optional.empty, amount=1], isBlocked=false]], Healing Potion VI=[InventoryItem [Item [name=Healing Potion VI, price=Optional.empty, amount=1], isBlocked=false]], Green Neocola Token=[InventoryItem [Item [name=Green Neocola Token, price=Optional.empty, amount=1], isBlocked=false]], Water Muffin=[InventoryItem [Item [name=Water Muffin, price=Optional.empty, amount=1], isBlocked=false]], Jacques Stamp=[InventoryItem [Item [name=Jacques Stamp, price=Optional.empty, amount=1], isBlocked=true]], The Three Stamp=[InventoryItem [Item [name=The Three Stamp, price=Optional.empty, amount=1], isBlocked=true]], Stone Stamp=[InventoryItem [Item [name=Stone Stamp, price=Optional.empty, amount=1], isBlocked=true]], Rainbow Sticky Hand Stamp=[InventoryItem [Item [name=Rainbow Sticky Hand Stamp, price=Optional.empty, amount=1], isBlocked=true]]}
2018-04-23T15:34:19.842: [INVENTORY] Finding price for Stone Shield
2018-04-23T15:34:31.479: [INVENTORY] Price for "Stone Shield" is 9
2018-04-23T15:34:33.482: [INVENTORY] Finding price for Wooden Practice Shield
2018-04-23T15:34:45.743: [INVENTORY] Price for "Wooden Practice Shield" is 25
2018-04-23T15:34:47.744: [INVENTORY] Finding price for Weak Bottled Air Faerie
2018-04-23T15:34:59.014: [INVENTORY] Price for "Weak Bottled Air Faerie" is 20
2018-04-23T15:35:01.014: [INVENTORY] Finding price for Lesser Spotted Fish
2018-04-23T15:35:18.933: [INVENTORY] Price for "Lesser Spotted Fish" is 800
2018-04-23T15:35:20.935: [INVENTORY] Finding price for Healing Potion VI
2018-04-23T15:35:32.907: [INVENTORY] Price for "Healing Potion VI" is 298
2018-04-23T15:35:34.908: [INVENTORY] Finding price for Water Muffin
2018-04-23T15:35:50.529: [INVENTORY] Price for "Water Muffin" is 200
2018-04-23T15:35:52.531: [INVENTORY] Finding price for Green Neocola Token
2018-04-23T15:36:05.094: [INVENTORY] Price for "Green Neocola Token" is 525
2018-04-23T23:08:48.635: [INVENTORY] Organizing...
2018-04-23T23:08:48.675: [INVENTORY] Getting items...
2018-04-24T00:47:53.384: [INVENTORY] Organizing...
2018-04-24T00:47:53.384: [INVENTORY] Getting items...
2018-04-24T00:47:57.724: [INVENTORY] Items: {Darigan Spectre Stamp=[InventoryItem [Item [name=Darigan Spectre Stamp, price=Optional.empty, amount=1], isBlocked=true]], Jacques Stamp=[InventoryItem [Item [name=Jacques Stamp, price=Optional.empty, amount=1], isBlocked=true]], The Three Stamp=[InventoryItem [Item [name=The Three Stamp, price=Optional.empty, amount=1], isBlocked=true]], Stone Stamp=[InventoryItem [Item [name=Stone Stamp, price=Optional.empty, amount=1], isBlocked=true]], Rainbow Sticky Hand Stamp=[InventoryItem [Item [name=Rainbow Sticky Hand Stamp, price=Optional.empty, amount=1], isBlocked=true]]}
2018-04-24T13:44:10.007: [INVENTORY] Organizing...
2018-04-24T13:44:10.079: [INVENTORY] Getting items...
2018-04-24T13:44:13.332: [INVENTORY] Items: {Jacques Stamp=[InventoryItem [Item [name=Jacques Stamp, price=Optional.empty, amount=1], isBlocked=true]], Library Tales=[InventoryItem [Item [name=Library Tales, price=Optional.empty, amount=1], isBlocked=false]], The Three Stamp=[InventoryItem [Item [name=The Three Stamp, price=Optional.empty, amount=1], isBlocked=true]], Stone Stamp=[InventoryItem [Item [name=Stone Stamp, price=Optional.empty, amount=1], isBlocked=true]], Rainbow Sticky Hand Stamp=[InventoryItem [Item [name=Rainbow Sticky Hand Stamp, price=Optional.empty, amount=1], isBlocked=true]]}
2018-04-24T13:44:13.339: [INVENTORY] Finding price for Library Tales
2018-04-24T13:44:26.159: [INVENTORY] Price for "Library Tales" is 575
2018-04-24T17:50:59.853: [INVENTORY] Organizing...
2018-04-24T17:50:59.861: [INVENTORY] Getting items...
2018-04-24T17:51:07.25: [INVENTORY] Items: {Wind Up Turmaculus=[InventoryItem [Item [name=Wind Up Turmaculus, price=Optional.empty, amount=1], isBlocked=false]], Jacques Stamp=[InventoryItem [Item [name=Jacques Stamp, price=Optional.empty, amount=1], isBlocked=true]], Serf Lens=[InventoryItem [Item [name=Serf Lens, price=Optional.empty, amount=1], isBlocked=false]], The Three Stamp=[InventoryItem [Item [name=The Three Stamp, price=Optional.empty, amount=1], isBlocked=true]], Stone Stamp=[InventoryItem [Item [name=Stone Stamp, price=Optional.empty, amount=1], isBlocked=true]], Water Mote=[InventoryItem [Item [name=Water Mote, price=Optional.empty, amount=1], isBlocked=false]], Rainbow Sticky Hand Stamp=[InventoryItem [Item [name=Rainbow Sticky Hand Stamp, price=Optional.empty, amount=1], isBlocked=true]]}
2018-04-24T17:51:07.263: [INVENTORY] Finding price for Wind Up Turmaculus
2018-04-24T17:51:19.835: [INVENTORY] Price for "Wind Up Turmaculus" is 290
2018-04-24T17:51:21.837: [INVENTORY] Finding price for Serf Lens
2018-04-24T17:51:36.281: [INVENTORY] Price for "Serf Lens" is 8
2018-04-24T17:51:38.284: [INVENTORY] Finding price for Water Mote
2018-04-24T17:51:56.403: [INVENTORY] Price for "Water Mote" is 3
2018-04-24T21:53:09.879: [INVENTORY] Organizing...
2018-04-24T21:53:09.902: [INVENTORY] Getting items...
2018-04-24T21:53:25.622: [INVENTORY] Organizing...
2018-04-24T21:53:25.622: [INVENTORY] Getting items...
2018-04-24T21:53:28.325: [INVENTORY] Items: {Healing Potion XX=[InventoryItem [Item [name=Healing Potion XX, price=Optional.empty, amount=1], isBlocked=false]], Jacques Stamp=[InventoryItem [Item [name=Jacques Stamp, price=Optional.empty, amount=1], isBlocked=true]], The Three Stamp=[InventoryItem [Item [name=The Three Stamp, price=Optional.empty, amount=1], isBlocked=true]], Stone Stamp=[InventoryItem [Item [name=Stone Stamp, price=Optional.empty, amount=1], isBlocked=true]], Rainbow Sticky Hand Stamp=[InventoryItem [Item [name=Rainbow Sticky Hand Stamp, price=Optional.empty, amount=1], isBlocked=true]]}
2018-04-24T21:53:28.325: [INVENTORY] Finding price for Healing Potion XX
2018-04-24T21:53:39.299: [INVENTORY] Price for "Healing Potion XX" is 890
2018-04-24T21:56:35.674: [INVENTORY] Organizing...
2018-04-24T21:56:35.674: [INVENTORY] Getting items...
2018-04-24T21:56:39.189: [INVENTORY] Items: {Lu Codestone=[InventoryItem [Item [name=Lu Codestone, price=Optional.empty, amount=1], isBlocked=false]], Jacques Stamp=[InventoryItem [Item [name=Jacques Stamp, price=Optional.empty, amount=1], isBlocked=true]], The Three Stamp=[InventoryItem [Item [name=The Three Stamp, price=Optional.empty, amount=1], isBlocked=true]], Stone Stamp=[InventoryItem [Item [name=Stone Stamp, price=Optional.empty, amount=1], isBlocked=true]], Har Codestone=[InventoryItem [Item [name=Har Codestone, price=Optional.empty, amount=1], isBlocked=false]], Rainbow Sticky Hand Stamp=[InventoryItem [Item [name=Rainbow Sticky Hand Stamp, price=Optional.empty, amount=1], isBlocked=true]]}
2018-04-24T21:56:39.2: [INVENTORY] Finding price for Lu Codestone
2018-04-24T21:56:52.229: [INVENTORY] Price for "Lu Codestone" is 8660
2018-04-24T21:56:54.251: [INVENTORY] Finding price for Har Codestone
2018-04-24T21:57:06.311: [INVENTORY] Price for "Har Codestone" is 5000
2018-04-25T14:10:29.149: [INVENTORY] Organizing...
2018-04-25T14:10:29.154: [INVENTORY] Getting items...
2018-04-25T14:10:32.556: [INVENTORY] Items: {Icy Snowball=[InventoryItem [Item [name=Icy Snowball, price=Optional.empty, amount=1], isBlocked=false]], Faerieland Colouring Book=[InventoryItem [Item [name=Faerieland Colouring Book, price=Optional.empty, amount=1], isBlocked=false]], Jacques Stamp=[InventoryItem [Item [name=Jacques Stamp, price=Optional.empty, amount=1], isBlocked=true]], The Three Stamp=[InventoryItem [Item [name=The Three Stamp, price=Optional.empty, amount=1], isBlocked=true]], Stone Stamp=[InventoryItem [Item [name=Stone Stamp, price=Optional.empty, amount=1], isBlocked=true]], Rainbow Sticky Hand Stamp=[InventoryItem [Item [name=Rainbow Sticky Hand Stamp, price=Optional.empty, amount=1], isBlocked=true]]}
2018-04-25T14:10:32.557: [INVENTORY] Finding price for Icy Snowball
2018-04-25T14:12:36.18: [INVENTORY] Organizing...
2018-04-25T14:12:36.181: [INVENTORY] Getting items...
2018-04-25T14:12:40.19: [INVENTORY] Items: {Icy Snowball=[InventoryItem [Item [name=Icy Snowball, price=Optional.empty, amount=1], isBlocked=false]], Faerieland Colouring Book=[InventoryItem [Item [name=Faerieland Colouring Book, price=Optional.empty, amount=1], isBlocked=false]], Jacques Stamp=[InventoryItem [Item [name=Jacques Stamp, price=Optional.empty, amount=1], isBlocked=true]], The Three Stamp=[InventoryItem [Item [name=The Three Stamp, price=Optional.empty, amount=1], isBlocked=true]], Stone Stamp=[InventoryItem [Item [name=Stone Stamp, price=Optional.empty, amount=1], isBlocked=true]], Rainbow Sticky Hand Stamp=[InventoryItem [Item [name=Rainbow Sticky Hand Stamp, price=Optional.empty, amount=1], isBlocked=true]]}
2018-04-25T14:12:40.191: [INVENTORY] Finding price for Icy Snowball
2018-04-25T14:12:50.414: [INVENTORY] Price for "Icy Snowball" is 235
2018-04-25T14:12:52.414: [INVENTORY] Finding price for Faerieland Colouring Book
2018-04-25T14:13:09.674: [INVENTORY] Price for "Faerieland Colouring Book" is 795
2018-04-25T14:16:36.13: [INVENTORY] Organizing...
2018-04-25T14:16:36.13: [INVENTORY] Getting items...
2018-04-25T14:16:41.387: [INVENTORY] Items: {Lu Codestone=[InventoryItem [Item [name=Lu Codestone, price=Optional.empty, amount=1], isBlocked=false]], Jacques Stamp=[InventoryItem [Item [name=Jacques Stamp, price=Optional.empty, amount=1], isBlocked=true]], Eo Codestone=[InventoryItem [Item [name=Eo Codestone, price=Optional.empty, amount=1], isBlocked=false]], The Three Stamp=[InventoryItem [Item [name=The Three Stamp, price=Optional.empty, amount=1], isBlocked=true]], Stone Stamp=[InventoryItem [Item [name=Stone Stamp, price=Optional.empty, amount=1], isBlocked=true]], Expert Lens=[InventoryItem [Item [name=Expert Lens, price=Optional.empty, amount=1], isBlocked=false]], Har Codestone=[InventoryItem [Item [name=Har Codestone, price=Optional.empty, amount=1], isBlocked=false]], Rainbow Sticky Hand Stamp=[InventoryItem [Item [name=Rainbow Sticky Hand Stamp, price=Optional.empty, amount=1], isBlocked=true]]}
2018-04-25T14:16:41.388: [INVENTORY] Finding price for Lu Codestone
2018-04-25T14:16:52.222: [INVENTORY] Price for "Lu Codestone" is 8655
2018-04-25T14:16:54.223: [INVENTORY] Finding price for Eo Codestone
2018-04-25T14:17:04.477: [INVENTORY] Price for "Eo Codestone" is 19900
2018-04-25T14:17:06.478: [INVENTORY] Finding price for Expert Lens
2018-04-25T14:17:18.098: [INVENTORY] Price for "Expert Lens" is 80
2018-04-25T14:17:20.099: [INVENTORY] Finding price for Har Codestone
2018-04-25T14:17:32.049: [INVENTORY] Price for "Har Codestone" is 4884
2018-04-26T14:49:56.147: [INVENTORY] Organizing...
2018-04-26T14:49:56.206: [INVENTORY] Getting items...
2018-04-26T14:50:01.808: [INVENTORY] Items: {Watery Hot Dog=[InventoryItem [Item [name=Watery Hot Dog, price=Optional.empty, amount=1], isBlocked=false]], Jacques Stamp=[InventoryItem [Item [name=Jacques Stamp, price=Optional.empty, amount=1], isBlocked=true]], Fancy Ice Cream=[InventoryItem [Item [name=Fancy Ice Cream, price=Optional.empty, amount=1], isBlocked=false]], The Three Stamp=[InventoryItem [Item [name=The Three Stamp, price=Optional.empty, amount=1], isBlocked=true]], Stone Stamp=[InventoryItem [Item [name=Stone Stamp, price=Optional.empty, amount=1], isBlocked=true]], Christmas Chia Hand Puppet=[InventoryItem [Item [name=Christmas Chia Hand Puppet, price=Optional.empty, amount=1], isBlocked=false]], Fire Faerie Snowglobe=[InventoryItem [Item [name=Fire Faerie Snowglobe, price=Optional.empty, amount=1], isBlocked=false]], Rainbow Sticky Hand Stamp=[InventoryItem [Item [name=Rainbow Sticky Hand Stamp, price=Optional.empty, amount=1], isBlocked=true]]}
2018-04-26T14:50:01.817: [INVENTORY] Finding price for Watery Hot Dog
2018-04-26T14:50:13.683: [INVENTORY] Price for "Watery Hot Dog" is 1
2018-04-26T14:50:15.685: [INVENTORY] Finding price for Fancy Ice Cream
2018-04-26T14:50:27.208: [INVENTORY] Price for "Fancy Ice Cream" is 1000
2018-04-26T14:50:29.209: [INVENTORY] Finding price for Christmas Chia Hand Puppet
2018-04-26T14:50:42.593: [INVENTORY] Price for "Christmas Chia Hand Puppet" is 149
2018-04-26T14:50:44.594: [INVENTORY] Finding price for Fire Faerie Snowglobe
2018-04-26T14:51:00.689: [INVENTORY] Price for "Fire Faerie Snowglobe" is 20
2018-04-26T18:57:03.101: [INVENTORY] Organizing...
2018-04-26T18:57:03.123: [INVENTORY] Getting items...
2018-04-26T18:57:17.466: [INVENTORY] Organizing...
2018-04-26T18:57:17.467: [INVENTORY] Getting items...
2018-04-26T18:57:20.785: [INVENTORY] Items: {Surzard=[InventoryItem [Item [name=Surzard, price=Optional.empty, amount=1], isBlocked=false]], Jacques Stamp=[InventoryItem [Item [name=Jacques Stamp, price=Optional.empty, amount=1], isBlocked=true]], Discarded Fire Mynci Plushie=[InventoryItem [Item [name=Discarded Fire Mynci Plushie, price=Optional.empty, amount=1], isBlocked=false]], The Three Stamp=[InventoryItem [Item [name=The Three Stamp, price=Optional.empty, amount=1], isBlocked=true]], Stone Stamp=[InventoryItem [Item [name=Stone Stamp, price=Optional.empty, amount=1], isBlocked=true]], Rainbow Sticky Hand Stamp=[InventoryItem [Item [name=Rainbow Sticky Hand Stamp, price=Optional.empty, amount=1], isBlocked=true]]}
2018-04-26T18:57:20.786: [INVENTORY] Finding price for Surzard
2018-04-26T18:57:38.311: [INVENTORY] Price for "Surzard" is 10
2018-04-26T18:57:40.313: [INVENTORY] Finding price for Discarded Fire Mynci Plushie
2018-04-26T18:57:51.789: [INVENTORY] Price for "Discarded Fire Mynci Plushie" is 10
2018-04-26T22:59:08.953: [INVENTORY] Organizing...
2018-04-26T22:59:08.974: [INVENTORY] Getting items...
2018-04-26T22:59:12.98: [INVENTORY] Items: {Healing Potion VIII=[InventoryItem [Item [name=Healing Potion VIII, price=Optional.empty, amount=1], isBlocked=false]], Jacques Stamp=[InventoryItem [Item [name=Jacques Stamp, price=Optional.empty, amount=1], isBlocked=true]], The Three Stamp=[InventoryItem [Item [name=The Three Stamp, price=Optional.empty, amount=1], isBlocked=true]], Stone Stamp=[InventoryItem [Item [name=Stone Stamp, price=Optional.empty, amount=1], isBlocked=true]], Rainbow Sticky Hand Stamp=[InventoryItem [Item [name=Rainbow Sticky Hand Stamp, price=Optional.empty, amount=1], isBlocked=true]]}
2018-04-26T22:59:12.981: [INVENTORY] Finding price for Healing Potion VIII
2018-04-26T22:59:24.349: [INVENTORY] Price for "Healing Potion VIII" is 450
2018-04-27T03:02:50.578: [INVENTORY] Organizing...
2018-04-27T03:02:50.593: [INVENTORY] Getting items...
2018-04-27T03:02:53.732: [INVENTORY] Items: {Healing Potion III=[InventoryItem [Item [name=Healing Potion III, price=Optional.empty, amount=1], isBlocked=false]], Jacques Stamp=[InventoryItem [Item [name=Jacques Stamp, price=Optional.empty, amount=1], isBlocked=true]], The Three Stamp=[InventoryItem [Item [name=The Three Stamp, price=Optional.empty, amount=1], isBlocked=true]], Stone Stamp=[InventoryItem [Item [name=Stone Stamp, price=Optional.empty, amount=1], isBlocked=true]], Rainbow Sticky Hand Stamp=[InventoryItem [Item [name=Rainbow Sticky Hand Stamp, price=Optional.empty, amount=1], isBlocked=true]]}
2018-04-27T03:02:53.733: [INVENTORY] Finding price for Healing Potion III
2018-04-27T03:03:05.975: [INVENTORY] Price for "Healing Potion III" is 10
2018-04-28T04:59:35.713: [INVENTORY] Organizing...
2018-04-28T04:59:35.771: [INVENTORY] Getting items...
2018-04-28T04:59:39.684: [INVENTORY] Items: {Faerie Candy Floss=[InventoryItem [Item [name=Faerie Candy Floss, price=Optional.empty, amount=1], isBlocked=false]], Pyramid Fence Foreground=[InventoryItem [Item [name=Pyramid Fence Foreground, price=Optional.empty, amount=1], isBlocked=false]], Jacques Stamp=[InventoryItem [Item [name=Jacques Stamp, price=Optional.empty, amount=1], isBlocked=true]], The Three Stamp=[InventoryItem [Item [name=The Three Stamp, price=Optional.empty, amount=1], isBlocked=true]], Stone Stamp=[InventoryItem [Item [name=Stone Stamp, price=Optional.empty, amount=1], isBlocked=true]], Rock Mote=[InventoryItem [Item [name=Rock Mote, price=Optional.empty, amount=1], isBlocked=false]], Weak Bottled Fire Faerie=[InventoryItem [Item [name=Weak Bottled Fire Faerie, price=Optional.empty, amount=1], isBlocked=false]], Rainbow Sticky Hand Stamp=[InventoryItem [Item [name=Rainbow Sticky Hand Stamp, price=Optional.empty, amount=1], isBlocked=true]]}
2018-04-28T04:59:39.689: [INVENTORY] Finding price for Faerie Candy Floss
2018-04-28T05:01:31.467: [INVENTORY] Organizing...
2018-04-28T05:01:31.468: [INVENTORY] Getting items...
2018-04-28T05:01:34.3: [INVENTORY] Items: {Faerie Candy Floss=[InventoryItem [Item [name=Faerie Candy Floss, price=Optional.empty, amount=1], isBlocked=false]], Pyramid Fence Foreground=[InventoryItem [Item [name=Pyramid Fence Foreground, price=Optional.empty, amount=1], isBlocked=false]], Jacques Stamp=[InventoryItem [Item [name=Jacques Stamp, price=Optional.empty, amount=1], isBlocked=true]], The Three Stamp=[InventoryItem [Item [name=The Three Stamp, price=Optional.empty, amount=1], isBlocked=true]], Stone Stamp=[InventoryItem [Item [name=Stone Stamp, price=Optional.empty, amount=1], isBlocked=true]], Rock Mote=[InventoryItem [Item [name=Rock Mote, price=Optional.empty, amount=1], isBlocked=false]], Weak Bottled Fire Faerie=[InventoryItem [Item [name=Weak Bottled Fire Faerie, price=Optional.empty, amount=1], isBlocked=false]], Rainbow Sticky Hand Stamp=[InventoryItem [Item [name=Rainbow Sticky Hand Stamp, price=Optional.empty, amount=1], isBlocked=true]]}
2018-04-28T05:01:34.302: [INVENTORY] Finding price for Faerie Candy Floss
2018-04-28T05:01:43.313: [INVENTORY] Price for "Faerie Candy Floss" is 50
2018-04-28T05:01:45.314: [INVENTORY] Finding price for Pyramid Fence Foreground
2018-04-28T05:01:55.756: [INVENTORY] Price for "Pyramid Fence Foreground" is 2100
2018-04-28T05:01:57.757: [INVENTORY] Finding price for Rock Mote
2018-04-28T05:02:08.282: [INVENTORY] Price for "Rock Mote" is 700
2018-04-28T05:02:10.284: [INVENTORY] Finding price for Weak Bottled Fire Faerie
2018-04-28T05:02:19.88: [INVENTORY] Price for "Weak Bottled Fire Faerie" is 100
2018-04-28T16:09:40.838: [INVENTORY] Organizing...
2018-04-28T16:09:40.841: [INVENTORY] Getting items...
2018-04-28T16:09:44.404: [INVENTORY] Items: {Kass Basher Paper Toy=[InventoryItem [Item [name=Kass Basher Paper Toy, price=Optional.empty, amount=1], isBlocked=false]], Kass Basher Flag=[InventoryItem [Item [name=Kass Basher Flag, price=Optional.empty, amount=1], isBlocked=false]], Jacques Stamp=[InventoryItem [Item [name=Jacques Stamp, price=Optional.empty, amount=1], isBlocked=true]], The Three Stamp=[InventoryItem [Item [name=The Three Stamp, price=Optional.empty, amount=1], isBlocked=true]], Stone Stamp=[InventoryItem [Item [name=Stone Stamp, price=Optional.empty, amount=1], isBlocked=true]], Kass Basher Badge=[InventoryItem [Item [name=Kass Basher Badge, price=Optional.empty, amount=1], isBlocked=false]], Rainbow Sticky Hand Stamp=[InventoryItem [Item [name=Rainbow Sticky Hand Stamp, price=Optional.empty, amount=1], isBlocked=true]]}
2018-04-28T16:09:44.411: [INVENTORY] Finding price for Kass Basher Paper Toy
2018-04-28T16:11:41.348: [INVENTORY] Organizing...
2018-04-28T16:11:41.348: [INVENTORY] Getting items...
2018-04-28T16:11:44.741: [INVENTORY] Items: {Kass Basher Paper Toy=[InventoryItem [Item [name=Kass Basher Paper Toy, price=Optional.empty, amount=1], isBlocked=false]], Kass Basher Flag=[InventoryItem [Item [name=Kass Basher Flag, price=Optional.empty, amount=1], isBlocked=false]], Jacques Stamp=[InventoryItem [Item [name=Jacques Stamp, price=Optional.empty, amount=1], isBlocked=true]], The Three Stamp=[InventoryItem [Item [name=The Three Stamp, price=Optional.empty, amount=1], isBlocked=true]], Stone Stamp=[InventoryItem [Item [name=Stone Stamp, price=Optional.empty, amount=1], isBlocked=true]], Kass Basher Badge=[InventoryItem [Item [name=Kass Basher Badge, price=Optional.empty, amount=1], isBlocked=false]], Rainbow Sticky Hand Stamp=[InventoryItem [Item [name=Rainbow Sticky Hand Stamp, price=Optional.empty, amount=1], isBlocked=true]]}
2018-04-28T16:11:44.742: [INVENTORY] Finding price for Kass Basher Paper Toy
2018-04-28T16:11:56.181: [INVENTORY] Price for "Kass Basher Paper Toy" is 125
2018-04-28T16:11:58.182: [INVENTORY] Finding price for Kass Basher Flag
2018-04-28T16:12:09.274: [INVENTORY] Price for "Kass Basher Flag" is 399
2018-04-28T16:12:11.275: [INVENTORY] Finding price for Kass Basher Badge
2018-04-28T16:12:22.488: [INVENTORY] Price for "Kass Basher Badge" is 4499
2018-04-28T20:17:54.322: [INVENTORY] Organizing...
2018-04-28T20:17:54.323: [INVENTORY] Getting items...
2018-04-28T20:18:09.609: [INVENTORY] Organizing...
2018-04-28T20:18:09.61: [INVENTORY] Getting items...
2018-04-28T20:18:13.908: [INVENTORY] Items: {Jacques Stamp=[InventoryItem [Item [name=Jacques Stamp, price=Optional.empty, amount=1], isBlocked=true]], The Three Stamp=[InventoryItem [Item [name=The Three Stamp, price=Optional.empty, amount=1], isBlocked=true]], Stone Stamp=[InventoryItem [Item [name=Stone Stamp, price=Optional.empty, amount=1], isBlocked=true]], Rainbow Sticky Hand Stamp=[InventoryItem [Item [name=Rainbow Sticky Hand Stamp, price=Optional.empty, amount=1], isBlocked=true]]}
2018-04-29T16:57:22.742: [INVENTORY] Organizing...
2018-04-29T16:57:22.8: [INVENTORY] Getting items...
2018-04-29T16:57:27.343: [INVENTORY] Items: {Petpet Laboratory Map=[InventoryItem [Item [name=Petpet Laboratory Map, price=Optional.empty, amount=1], isBlocked=false]], Purple Negg Goo=[InventoryItem [Item [name=Purple Negg Goo, price=Optional.empty, amount=1], isBlocked=false]], Smiley Cake Negg=[InventoryItem [Item [name=Smiley Cake Negg, price=Optional.empty, amount=1], isBlocked=false]], Tooth Faerie Sofa=[InventoryItem [Item [name=Tooth Faerie Sofa, price=Optional.empty, amount=1], isBlocked=false]], Jacques Stamp=[InventoryItem [Item [name=Jacques Stamp, price=Optional.empty, amount=1], isBlocked=true]], The Three Stamp=[InventoryItem [Item [name=The Three Stamp, price=Optional.empty, amount=1], isBlocked=true]], Stone Stamp=[InventoryItem [Item [name=Stone Stamp, price=Optional.empty, amount=1], isBlocked=true]], Foreground of Neggs=[InventoryItem [Item [name=Foreground of Neggs, price=Optional.empty, amount=1], isBlocked=false]], Dewy Apple=[InventoryItem [Item [name=Dewy Apple, price=Optional.empty, amount=1], isBlocked=false]], Rainbow Sticky Hand Stamp=[InventoryItem [Item [name=Rainbow Sticky Hand Stamp, price=Optional.empty, amount=1], isBlocked=true]]}
2018-04-29T16:57:27.35: [INVENTORY] Finding price for Petpet Laboratory Map
2018-04-29T16:59:45.926: [INVENTORY] Organizing...
2018-04-29T16:59:45.927: [INVENTORY] Getting items...
2018-04-29T16:59:50.577: [INVENTORY] Items: {Petpet Laboratory Map=[InventoryItem [Item [name=Petpet Laboratory Map, price=Optional.empty, amount=1], isBlocked=false]], Purple Negg Goo=[InventoryItem [Item [name=Purple Negg Goo, price=Optional.empty, amount=1], isBlocked=false]], Smiley Cake Negg=[InventoryItem [Item [name=Smiley Cake Negg, price=Optional.empty, amount=1], isBlocked=false]], Tooth Faerie Sofa=[InventoryItem [Item [name=Tooth Faerie Sofa, price=Optional.empty, amount=1], isBlocked=false]], Jacques Stamp=[InventoryItem [Item [name=Jacques Stamp, price=Optional.empty, amount=1], isBlocked=true]], The Three Stamp=[InventoryItem [Item [name=The Three Stamp, price=Optional.empty, amount=1], isBlocked=true]], Stone Stamp=[InventoryItem [Item [name=Stone Stamp, price=Optional.empty, amount=1], isBlocked=true]], Foreground of Neggs=[InventoryItem [Item [name=Foreground of Neggs, price=Optional.empty, amount=1], isBlocked=false]], Dewy Apple=[InventoryItem [Item [name=Dewy Apple, price=Optional.empty, amount=1], isBlocked=false]], Rainbow Sticky Hand Stamp=[InventoryItem [Item [name=Rainbow Sticky Hand Stamp, price=Optional.empty, amount=1], isBlocked=true]]}
2018-04-29T16:59:50.598: [INVENTORY] Finding price for Petpet Laboratory Map
2018-04-29T17:00:12.563: [INVENTORY] Price for "Petpet Laboratory Map" is 1000
2018-04-29T17:00:14.564: [INVENTORY] Finding price for Purple Negg Goo
2018-04-29T17:00:26.169: [INVENTORY] Price for "Purple Negg Goo" is 55
2018-04-29T17:00:28.17: [INVENTORY] Finding price for Tooth Faerie Sofa
2018-04-29T17:00:38.994: [INVENTORY] Price for "Tooth Faerie Sofa" is 20
2018-04-29T17:00:40.995: [INVENTORY] Finding price for Smiley Cake Negg
2018-04-29T17:00:53.406: [INVENTORY] Price for "Smiley Cake Negg" is 250
2018-04-29T17:00:55.407: [INVENTORY] Finding price for Foreground of Neggs
2018-04-29T17:01:05.805: [INVENTORY] Price for "Foreground of Neggs" is 25000
2018-04-29T17:01:07.806: [INVENTORY] Finding price for Dewy Apple
2018-04-29T17:01:25.499: [INVENTORY] Price for "Dewy Apple" is 225
2018-04-29T21:08:07.008: [INVENTORY] Organizing...
2018-04-29T21:08:07.008: [INVENTORY] Getting items...
2018-04-29T21:08:11.401: [INVENTORY] Items: {Giant Giant Squid=[InventoryItem [Item [name=Giant Giant Squid, price=Optional.empty, amount=1], isBlocked=false]], Jacques Stamp=[InventoryItem [Item [name=Jacques Stamp, price=Optional.empty, amount=1], isBlocked=true]], The Three Stamp=[InventoryItem [Item [name=The Three Stamp, price=Optional.empty, amount=1], isBlocked=true]], Stone Stamp=[InventoryItem [Item [name=Stone Stamp, price=Optional.empty, amount=1], isBlocked=true]], Rainbow Sticky Hand Stamp=[InventoryItem [Item [name=Rainbow Sticky Hand Stamp, price=Optional.empty, amount=1], isBlocked=true]]}
2018-04-29T21:08:11.402: [INVENTORY] Finding price for Giant Giant Squid
2018-04-29T21:08:25.56: [INVENTORY] Price for "Giant Giant Squid" is 26
2018-04-30T01:09:46.611: [INVENTORY] Organizing...
2018-04-30T01:09:46.612: [INVENTORY] Getting items...
2018-04-30T01:09:50.213: [INVENTORY] Items: {Jacques Stamp=[InventoryItem [Item [name=Jacques Stamp, price=Optional.empty, amount=1], isBlocked=true]], The Three Stamp=[InventoryItem [Item [name=The Three Stamp, price=Optional.empty, amount=1], isBlocked=true]], Stone Stamp=[InventoryItem [Item [name=Stone Stamp, price=Optional.empty, amount=1], isBlocked=true]], Sticky Snowball=[InventoryItem [Item [name=Sticky Snowball, price=Optional.empty, amount=1], isBlocked=false]], Rainbow Sticky Hand Stamp=[InventoryItem [Item [name=Rainbow Sticky Hand Stamp, price=Optional.empty, amount=1], isBlocked=true]]}
2018-04-30T01:09:50.214: [INVENTORY] Finding price for Sticky Snowball
2018-04-30T01:10:02.013: [INVENTORY] Price for "Sticky Snowball" is 188
2018-04-30T04:33:35.672: [INVENTORY] Organizing...
2018-04-30T04:33:35.674: [INVENTORY] Getting items...
2018-04-30T04:33:39.07: [INVENTORY] Items: {Weak Bottled Dark Faerie=[InventoryItem [Item [name=Weak Bottled Dark Faerie, price=Optional.empty, amount=1], isBlocked=false]], Jacques Stamp=[InventoryItem [Item [name=Jacques Stamp, price=Optional.empty, amount=1], isBlocked=true]], The Three Stamp=[InventoryItem [Item [name=The Three Stamp, price=Optional.empty, amount=1], isBlocked=true]], Stone Stamp=[InventoryItem [Item [name=Stone Stamp, price=Optional.empty, amount=1], isBlocked=true]], Rainbow Sticky Hand Stamp=[InventoryItem [Item [name=Rainbow Sticky Hand Stamp, price=Optional.empty, amount=1], isBlocked=true]]}
2018-04-30T04:33:39.075: [INVENTORY] Finding price for Weak Bottled Dark Faerie
2018-04-30T04:35:51.792: [INVENTORY] Organizing...
2018-04-30T04:35:51.793: [INVENTORY] Getting items...
2018-04-30T04:35:54.42: [INVENTORY] Items: {Weak Bottled Dark Faerie=[InventoryItem [Item [name=Weak Bottled Dark Faerie, price=Optional.empty, amount=1], isBlocked=false]], Jacques Stamp=[InventoryItem [Item [name=Jacques Stamp, price=Optional.empty, amount=1], isBlocked=true]], The Three Stamp=[InventoryItem [Item [name=The Three Stamp, price=Optional.empty, amount=1], isBlocked=true]], Stone Stamp=[InventoryItem [Item [name=Stone Stamp, price=Optional.empty, amount=1], isBlocked=true]], Rainbow Sticky Hand Stamp=[InventoryItem [Item [name=Rainbow Sticky Hand Stamp, price=Optional.empty, amount=1], isBlocked=true]]}
2018-04-30T04:35:54.42: [INVENTORY] Finding price for Weak Bottled Dark Faerie
2018-04-30T04:36:10.279: [INVENTORY] Price for "Weak Bottled Dark Faerie" is 40
2018-04-30T04:38:58.687: [INVENTORY] Organizing...
2018-04-30T04:38:58.689: [INVENTORY] Getting items...
2018-04-30T04:39:04.019: [INVENTORY] Items: {Jacques Stamp=[InventoryItem [Item [name=Jacques Stamp, price=Optional.empty, amount=1], isBlocked=true]], The Three Stamp=[InventoryItem [Item [name=The Three Stamp, price=Optional.empty, amount=1], isBlocked=true]], Stone Stamp=[InventoryItem [Item [name=Stone Stamp, price=Optional.empty, amount=1], isBlocked=true]], Rainbow Sticky Hand Stamp=[InventoryItem [Item [name=Rainbow Sticky Hand Stamp, price=Optional.empty, amount=1], isBlocked=true]]}
2018-04-30T04:40:44.684: [INVENTORY] Organizing...
2018-04-30T04:40:44.687: [INVENTORY] Getting items...
2018-04-30T04:40:47.862: [INVENTORY] Items: {Keeping The Peace=[InventoryItem [Item [name=Keeping The Peace, price=Optional.empty, amount=1], isBlocked=false]], Jacques Stamp=[InventoryItem [Item [name=Jacques Stamp, price=Optional.empty, amount=1], isBlocked=true]], The Three Stamp=[InventoryItem [Item [name=The Three Stamp, price=Optional.empty, amount=1], isBlocked=true]], Stone Stamp=[InventoryItem [Item [name=Stone Stamp, price=Optional.empty, amount=1], isBlocked=true]], Deserted Desert Scroll=[InventoryItem [Item [name=Deserted Desert Scroll, price=Optional.empty, amount=1], isBlocked=false]], Rainbow Sticky Hand Stamp=[InventoryItem [Item [name=Rainbow Sticky Hand Stamp, price=Optional.empty, amount=1], isBlocked=true]]}
2018-04-30T04:40:47.868: [INVENTORY] Finding price for Keeping The Peace
2018-04-30T04:41:06.277: [INVENTORY] Organizing...
2018-04-30T04:41:06.278: [INVENTORY] Getting items...
2018-04-30T04:41:12.381: [INVENTORY] Items: {Keeping The Peace=[InventoryItem [Item [name=Keeping The Peace, price=Optional.empty, amount=1], isBlocked=false]], Jacques Stamp=[InventoryItem [Item [name=Jacques Stamp, price=Optional.empty, amount=1], isBlocked=true]], The Three Stamp=[InventoryItem [Item [name=The Three Stamp, price=Optional.empty, amount=1], isBlocked=true]], Stone Stamp=[InventoryItem [Item [name=Stone Stamp, price=Optional.empty, amount=1], isBlocked=true]], Deserted Desert Scroll=[InventoryItem [Item [name=Deserted Desert Scroll, price=Optional.empty, amount=1], isBlocked=false]], Rainbow Sticky Hand Stamp=[InventoryItem [Item [name=Rainbow Sticky Hand Stamp, price=Optional.empty, amount=1], isBlocked=true]]}
2018-04-30T04:41:12.382: [INVENTORY] Finding price for Keeping The Peace
2018-04-30T04:42:40.507: [INVENTORY] Organizing...
2018-04-30T04:42:40.509: [INVENTORY] Getting items...
2018-04-30T04:42:48.361: [INVENTORY] Items: {Keeping The Peace=[InventoryItem [Item [name=Keeping The Peace, price=Optional.empty, amount=1], isBlocked=false]], Jacques Stamp=[InventoryItem [Item [name=Jacques Stamp, price=Optional.empty, amount=1], isBlocked=true]], The Three Stamp=[InventoryItem [Item [name=The Three Stamp, price=Optional.empty, amount=1], isBlocked=true]], Stone Stamp=[InventoryItem [Item [name=Stone Stamp, price=Optional.empty, amount=1], isBlocked=true]], Deserted Desert Scroll=[InventoryItem [Item [name=Deserted Desert Scroll, price=Optional.empty, amount=1], isBlocked=false]], Rainbow Sticky Hand Stamp=[InventoryItem [Item [name=Rainbow Sticky Hand Stamp, price=Optional.empty, amount=1], isBlocked=true]]}
2018-04-30T04:42:48.367: [INVENTORY] Finding price for Keeping The Peace
2018-04-30T13:28:04.649: [INVENTORY] Organizing...
2018-04-30T13:28:04.651: [INVENTORY] Getting items...
2018-04-30T13:28:10.718: [INVENTORY] Items: {Keeping The Peace=[InventoryItem [Item [name=Keeping The Peace, price=Optional.empty, amount=1], isBlocked=false]], Jacques Stamp=[InventoryItem [Item [name=Jacques Stamp, price=Optional.empty, amount=1], isBlocked=true]], The Three Stamp=[InventoryItem [Item [name=The Three Stamp, price=Optional.empty, amount=1], isBlocked=true]], Stone Stamp=[InventoryItem [Item [name=Stone Stamp, price=Optional.empty, amount=1], isBlocked=true]], Deserted Desert Scroll=[InventoryItem [Item [name=Deserted Desert Scroll, price=Optional.empty, amount=1], isBlocked=false]], Rainbow Sticky Hand Stamp=[InventoryItem [Item [name=Rainbow Sticky Hand Stamp, price=Optional.empty, amount=1], isBlocked=true]]}
2018-04-30T13:28:10.729: [INVENTORY] Finding price for Keeping The Peace
2018-04-30T13:28:24.678: [INVENTORY] Price for "Keeping The Peace" is 600
2018-04-30T13:28:26.681: [INVENTORY] Finding price for Deserted Desert Scroll
2018-04-30T13:28:43.142: [INVENTORY] Price for "Deserted Desert Scroll" is 400
2018-04-30T17:35:19.809: [INVENTORY] Organizing...
2018-04-30T17:35:19.863: [INVENTORY] Getting items...
2018-04-30T17:35:35.669: [INVENTORY] Organizing...
2018-04-30T17:35:35.67: [INVENTORY] Getting items...
2018-04-30T17:35:39.919: [INVENTORY] Items: {Lesser Spotted Fish=[InventoryItem [Item [name=Lesser Spotted Fish, price=Optional.empty, amount=1], isBlocked=false]], Discarded Maractite Ogrin Plushie=[InventoryItem [Item [name=Discarded Maractite Ogrin Plushie, price=Optional.empty, amount=1], isBlocked=false]], Jacques Stamp=[InventoryItem [Item [name=Jacques Stamp, price=Optional.empty, amount=1], isBlocked=true]], The Three Stamp=[InventoryItem [Item [name=The Three Stamp, price=Optional.empty, amount=1], isBlocked=true]], Stone Stamp=[InventoryItem [Item [name=Stone Stamp, price=Optional.empty, amount=1], isBlocked=true]], Cheops Plant=[InventoryItem [Item [name=Cheops Plant, price=Optional.empty, amount=1], isBlocked=false]], Rainbow Sticky Hand Stamp=[InventoryItem [Item [name=Rainbow Sticky Hand Stamp, price=Optional.empty, amount=1], isBlocked=true]]}
2018-04-30T17:35:39.92: [INVENTORY] Finding price for Discarded Maractite Ogrin Plushie
2018-04-30T17:35:50.402: [INVENTORY] Price for "Discarded Maractite Ogrin Plushie" is 15
2018-04-30T17:35:52.403: [INVENTORY] Finding price for Lesser Spotted Fish
2018-04-30T17:36:07.014: [INVENTORY] Price for "Lesser Spotted Fish" is 695
2018-04-30T17:36:09.014: [INVENTORY] Finding price for Cheops Plant
2018-04-30T17:36:23.188: [INVENTORY] Price for "Cheops Plant" is 950
2018-04-30T21:38:55.92: [INVENTORY] Organizing...
2018-04-30T21:38:55.92: [INVENTORY] Getting items...
2018-04-30T21:39:00.612: [INVENTORY] Items: {Jacques Stamp=[InventoryItem [Item [name=Jacques Stamp, price=Optional.empty, amount=1], isBlocked=true]], The Three Stamp=[InventoryItem [Item [name=The Three Stamp, price=Optional.empty, amount=1], isBlocked=true]], Stone Stamp=[InventoryItem [Item [name=Stone Stamp, price=Optional.empty, amount=1], isBlocked=true]], Rainbow Sticky Hand Stamp=[InventoryItem [Item [name=Rainbow Sticky Hand Stamp, price=Optional.empty, amount=1], isBlocked=true]]}
2018-05-01T01:42:41.004: [INVENTORY] Organizing...
2018-05-01T01:42:41.004: [INVENTORY] Getting items...
2018-05-01T01:42:45.099: [INVENTORY] Items: {Jacques Stamp=[InventoryItem [Item [name=Jacques Stamp, price=Optional.empty, amount=1], isBlocked=true]], The Three Stamp=[InventoryItem [Item [name=The Three Stamp, price=Optional.empty, amount=1], isBlocked=true]], Stone Stamp=[InventoryItem [Item [name=Stone Stamp, price=Optional.empty, amount=1], isBlocked=true]], Rainbow Sticky Hand Stamp=[InventoryItem [Item [name=Rainbow Sticky Hand Stamp, price=Optional.empty, amount=1], isBlocked=true]]}
2018-05-01T14:12:09.825: [INVENTORY] Organizing...
2018-05-01T14:12:09.908: [INVENTORY] Getting items...
2018-05-01T14:12:13.756: [INVENTORY] Items: {Sack Plant=[InventoryItem [Item [name=Sack Plant, price=Optional.empty, amount=1], isBlocked=false]], Snowmuncher Energy Drink=[InventoryItem [Item [name=Snowmuncher Energy Drink, price=Optional.empty, amount=1], isBlocked=false]], One Dubloon Coin=[InventoryItem [Item [name=One Dubloon Coin, price=Optional.empty, amount=1], isBlocked=false]], Scarab Cookie=[InventoryItem [Item [name=Scarab Cookie, price=Optional.empty, amount=1], isBlocked=false]], Bottle of Water=[InventoryItem [Item [name=Bottle of Water, price=Optional.empty, amount=1], isBlocked=false]], Dark Faerie Sundae=[InventoryItem [Item [name=Dark Faerie Sundae, price=Optional.empty, amount=1], isBlocked=false]], Jacques Stamp=[InventoryItem [Item [name=Jacques Stamp, price=Optional.empty, amount=1], isBlocked=true]], The Three Stamp=[InventoryItem [Item [name=The Three Stamp, price=Optional.empty, amount=1], isBlocked=true]], Stone Stamp=[InventoryItem [Item [name=Stone Stamp, price=Optional.empty, amount=1], isBlocked=true]], How to Avoid Bloating: Snowmunchers Guide=[InventoryItem [Item [name=How to Avoid Bloating: Snowmunchers Guide, price=Optional.empty, amount=1], isBlocked=false]], Chocopie Slice=[InventoryItem [Item [name=Chocopie Slice, price=Optional.empty, amount=1], isBlocked=false]], Rainbow Sticky Hand Stamp=[InventoryItem [Item [name=Rainbow Sticky Hand Stamp, price=Optional.empty, amount=1], isBlocked=true]]}
2018-05-01T14:12:13.761: [INVENTORY] Finding price for Sack Plant
2018-05-01T14:12:28.26: [INVENTORY] Price for "Sack Plant" is 2400
2018-05-01T14:12:30.261: [INVENTORY] Finding price for Snowmuncher Energy Drink
2018-05-01T14:12:41.698: [INVENTORY] Price for "Snowmuncher Energy Drink" is 9990
2018-05-01T14:12:43.7: [INVENTORY] Finding price for One Dubloon Coin
2018-05-01T14:12:57.878: [INVENTORY] Price for "One Dubloon Coin" is 498
2018-05-01T14:12:59.879: [INVENTORY] Finding price for Bottle of Water
2018-05-01T14:13:13.857: [INVENTORY] Price for "Bottle of Water" is 1500
2018-05-01T14:13:15.859: [INVENTORY] Finding price for Scarab Cookie
2018-05-01T14:13:30.773: [INVENTORY] Price for "Scarab Cookie" is 4
2018-05-01T14:13:32.775: [INVENTORY] Finding price for Dark Faerie Sundae
2018-05-01T14:13:48.789: [INVENTORY] Price for "Dark Faerie Sundae" is 160
2018-05-01T14:13:50.79: [INVENTORY] Finding price for How to Avoid Bloating: Snowmunchers Guide
2018-05-01T14:14:03.396: [INVENTORY] Price for "How to Avoid Bloating: Snowmunchers Guide" is 48500
2018-05-01T14:14:05.398: [INVENTORY] Finding price for Chocopie Slice
2018-05-01T14:14:16.91: [INVENTORY] Price for "Chocopie Slice" is 155
2018-05-02T13:06:53.893: [INVENTORY] Organizing...
2018-05-02T13:06:53.992: [INVENTORY] Getting items...
2018-05-02T13:06:58.542: [INVENTORY] Items: {Chocolate Eartharole=[InventoryItem [Item [name=Chocolate Eartharole, price=Optional.empty, amount=1], isBlocked=false]], Mundo=[InventoryItem [Item [name=Mundo, price=Optional.empty, amount=1], isBlocked=false]], Keeping The Peace=[InventoryItem [Item [name=Keeping The Peace, price=Optional.empty, amount=1], isBlocked=false]], Organic Red Apple=[InventoryItem [Item [name=Organic Red Apple, price=Optional.empty, amount=1], isBlocked=false]], Jacques Stamp=[InventoryItem [Item [name=Jacques Stamp, price=Optional.empty, amount=1], isBlocked=true]], The Three Stamp=[InventoryItem [Item [name=The Three Stamp, price=Optional.empty, amount=1], isBlocked=true]], Stone Stamp=[InventoryItem [Item [name=Stone Stamp, price=Optional.empty, amount=1], isBlocked=true]], Ice Caves Play Set=[InventoryItem [Item [name=Ice Caves Play Set, price=Optional.empty, amount=1], isBlocked=false]], Rainbow Sticky Hand Stamp=[InventoryItem [Item [name=Rainbow Sticky Hand Stamp, price=Optional.empty, amount=1], isBlocked=true]]}
2018-05-02T13:06:58.553: [INVENTORY] Finding price for Chocolate Eartharole
2018-05-02T13:08:54.454: [INVENTORY] Organizing...
2018-05-02T13:08:54.456: [INVENTORY] Getting items...
2018-05-02T13:08:58.751: [INVENTORY] Items: {Chocolate Eartharole=[InventoryItem [Item [name=Chocolate Eartharole, price=Optional.empty, amount=1], isBlocked=false]], Mundo=[InventoryItem [Item [name=Mundo, price=Optional.empty, amount=1], isBlocked=false]], Keeping The Peace=[InventoryItem [Item [name=Keeping The Peace, price=Optional.empty, amount=1], isBlocked=false]], Organic Red Apple=[InventoryItem [Item [name=Organic Red Apple, price=Optional.empty, amount=1], isBlocked=false]], Jacques Stamp=[InventoryItem [Item [name=Jacques Stamp, price=Optional.empty, amount=1], isBlocked=true]], The Three Stamp=[InventoryItem [Item [name=The Three Stamp, price=Optional.empty, amount=1], isBlocked=true]], Stone Stamp=[InventoryItem [Item [name=Stone Stamp, price=Optional.empty, amount=1], isBlocked=true]], Ice Caves Play Set=[InventoryItem [Item [name=Ice Caves Play Set, price=Optional.empty, amount=1], isBlocked=false]], Rainbow Sticky Hand Stamp=[InventoryItem [Item [name=Rainbow Sticky Hand Stamp, price=Optional.empty, amount=1], isBlocked=true]]}
2018-05-02T13:08:58.751: [INVENTORY] Finding price for Chocolate Eartharole
2018-05-02T13:09:13.093: [INVENTORY] Price for "Chocolate Eartharole" is 50
2018-05-02T13:09:15.098: [INVENTORY] Finding price for Mundo
2018-05-02T13:09:28.64: [INVENTORY] Price for "Mundo" is 5
2018-05-02T13:09:30.65: [INVENTORY] Finding price for Keeping The Peace
2018-05-02T13:09:41.578: [INVENTORY] Price for "Keeping The Peace" is 600
2018-05-02T13:09:43.579: [INVENTORY] Finding price for Organic Red Apple
2018-05-02T13:09:52.515: [INVENTORY] Price for "Organic Red Apple" is 1400
2018-05-02T13:09:54.517: [INVENTORY] Finding price for Ice Caves Play Set
2018-05-02T13:10:08.674: [INVENTORY] Price for "Ice Caves Play Set" is 40
2018-05-02T17:16:18.278: [INVENTORY] Organizing...
2018-05-02T17:16:18.331: [INVENTORY] Getting items...
2018-05-02T17:16:22.276: [INVENTORY] Items: {Forgotten Shore Map Piece=[InventoryItem [Item [name=Forgotten Shore Map Piece, price=Optional.empty, amount=1], isBlocked=false]], Starry Sea Fern=[InventoryItem [Item [name=Starry Sea Fern, price=Optional.empty, amount=1], isBlocked=false]], Jacques Stamp=[InventoryItem [Item [name=Jacques Stamp, price=Optional.empty, amount=1], isBlocked=true]], The Three Stamp=[InventoryItem [Item [name=The Three Stamp, price=Optional.empty, amount=1], isBlocked=true]], Stone Stamp=[InventoryItem [Item [name=Stone Stamp, price=Optional.empty, amount=1], isBlocked=true]], Rainbow Sticky Hand Stamp=[InventoryItem [Item [name=Rainbow Sticky Hand Stamp, price=Optional.empty, amount=1], isBlocked=true]]}
2018-05-02T17:16:22.277: [INVENTORY] Finding price for Forgotten Shore Map Piece
2018-05-02T17:16:35.421: [INVENTORY] Price for "Forgotten Shore Map Piece" is 10
2018-05-02T17:16:37.422: [INVENTORY] Finding price for Starry Sea Fern
2018-05-02T17:16:53.926: [INVENTORY] Price for "Starry Sea Fern" is 33
2018-05-03T03:42:51.772: [INVENTORY] Organizing...
2018-05-03T03:42:51.856: [INVENTORY] Getting items...
2018-05-03T03:42:55.578: [INVENTORY] Items: {Super Bounce Foreground=[InventoryItem [Item [name=Super Bounce Foreground, price=Optional.empty, amount=1], isBlocked=false]], Hasee Balloon=[InventoryItem [Item [name=Hasee Balloon, price=Optional.empty, amount=1], isBlocked=false]], Jacques Stamp=[InventoryItem [Item [name=Jacques Stamp, price=Optional.empty, amount=1], isBlocked=true]], The Three Stamp=[InventoryItem [Item [name=The Three Stamp, price=Optional.empty, amount=1], isBlocked=true]], Stone Stamp=[InventoryItem [Item [name=Stone Stamp, price=Optional.empty, amount=1], isBlocked=true]], Rainbow Sticky Hand Stamp=[InventoryItem [Item [name=Rainbow Sticky Hand Stamp, price=Optional.empty, amount=1], isBlocked=true]]}
2018-05-03T03:42:55.583: [INVENTORY] Finding price for Super Bounce Foreground
2018-05-03T03:44:36.063: [INVENTORY] Organizing...
2018-05-03T03:44:36.064: [INVENTORY] Getting items...
2018-05-03T03:44:39.175: [INVENTORY] Items: {Super Bounce Foreground=[InventoryItem [Item [name=Super Bounce Foreground, price=Optional.empty, amount=1], isBlocked=false]], Hasee Balloon=[InventoryItem [Item [name=Hasee Balloon, price=Optional.empty, amount=1], isBlocked=false]], Jacques Stamp=[InventoryItem [Item [name=Jacques Stamp, price=Optional.empty, amount=1], isBlocked=true]], The Three Stamp=[InventoryItem [Item [name=The Three Stamp, price=Optional.empty, amount=1], isBlocked=true]], Stone Stamp=[InventoryItem [Item [name=Stone Stamp, price=Optional.empty, amount=1], isBlocked=true]], Rainbow Sticky Hand Stamp=[InventoryItem [Item [name=Rainbow Sticky Hand Stamp, price=Optional.empty, amount=1], isBlocked=true]]}
2018-05-03T03:44:39.176: [INVENTORY] Finding price for Super Bounce Foreground
2018-05-03T03:44:48.583: [INVENTORY] Price for "Super Bounce Foreground" is 55000
2018-05-03T03:44:50.584: [INVENTORY] Finding price for Hasee Balloon
2018-05-03T03:44:58.977: [INVENTORY] Price for "Hasee Balloon" is 50
2018-05-03T18:07:36.954: [INVENTORY] Organizing...
2018-05-03T18:07:37.021: [INVENTORY] Getting items...
2018-05-03T18:07:41.006: [INVENTORY] Items: {Earth Faerie Boots=[InventoryItem [Item [name=Earth Faerie Boots, price=Optional.empty, amount=1], isBlocked=false]], Juicy Elixir=[InventoryItem [Item [name=Juicy Elixir, price=Optional.empty, amount=1], isBlocked=false]], Chocolate Faerie Log=[InventoryItem [Item [name=Chocolate Faerie Log, price=Optional.empty, amount=1], isBlocked=false]], Jacques Stamp=[InventoryItem [Item [name=Jacques Stamp, price=Optional.empty, amount=1], isBlocked=true]], The Three Stamp=[InventoryItem [Item [name=The Three Stamp, price=Optional.empty, amount=1], isBlocked=true]], Stone Stamp=[InventoryItem [Item [name=Stone Stamp, price=Optional.empty, amount=1], isBlocked=true]], Rainbow Sticky Hand Stamp=[InventoryItem [Item [name=Rainbow Sticky Hand Stamp, price=Optional.empty, amount=1], isBlocked=true]]}
2018-05-03T18:07:41.013: [INVENTORY] Finding price for Earth Faerie Boots
