2017-09-25T15:04:04.803: [EXCEPTION] Cause:
java.lang.NoClassDefFoundError: com/neopetsconnect/myshop/MyShop
com.neopetsconnect.dailies.DailyDoer.lambda$3(DailyDoer.java:23)
com.neopetsconnect.utils.TimedJobsRunner.runTimedJobs(TimedJobsRunner.java:71)
com.neopetsconnect.utils.TimedJobsRunner.run(TimedJobsRunner.java:28)
com.neopetsconnect.dailies.DailyDoer.run(DailyDoer.java:82)
com.neopetsconnect.main.Main.lambda$0(Main.java:36)
java.util.concurrent.Executors$RunnableAdapter.call(Executors.java:511)
java.util.concurrent.FutureTask.run(FutureTask.java:266)
java.util.concurrent.ThreadPoolExecutor.runWorker(ThreadPoolExecutor.java:1142)
java.util.concurrent.ThreadPoolExecutor$Worker.run(ThreadPoolExecutor.java:617)
java.lang.Thread.run(Thread.java:745)Cause:
java.lang.ClassNotFoundException: com.neopetsconnect.myshop.MyShop
java.net.URLClassLoader.findClass(URLClassLoader.java:381)
java.lang.ClassLoader.loadClass(ClassLoader.java:424)
java.lang.ClassLoader.loadClass(ClassLoader.java:357)
com.neopetsconnect.dailies.DailyDoer.lambda$3(DailyDoer.java:23)
com.neopetsconnect.utils.TimedJobsRunner.runTimedJobs(TimedJobsRunner.java:71)
com.neopetsconnect.utils.TimedJobsRunner.run(TimedJobsRunner.java:28)
com.neopetsconnect.dailies.DailyDoer.run(DailyDoer.java:82)
com.neopetsconnect.main.Main.lambda$0(Main.java:36)
java.util.concurrent.Executors$RunnableAdapter.call(Executors.java:511)
java.util.concurrent.FutureTask.run(FutureTask.java:266)
java.util.concurrent.ThreadPoolExecutor.runWorker(ThreadPoolExecutor.java:1142)
java.util.concurrent.ThreadPoolExecutor$Worker.run(ThreadPoolExecutor.java:617)
java.lang.Thread.run(Thread.java:745)
